{
  "uid" : "102cb2d7d0840221",
  "name" : "pmm购买页面未填写地区测试",
  "fullName" : "TestCase.store_test_case.test_store.TestBody#test_008",
  "historyId" : "d359e492695d3460492aaa0091e60c58",
  "time" : {
    "start" : 1637660930144,
    "stop" : 1637660930144,
    "duration" : 0
  },
  "description" : "pmm购买页面未填写地区功能测试",
  "descriptionHtml" : "<p>pmm购买页面未填写地区功能测试</p>\n",
  "status" : "skipped",
  "statusMessage" : "Skipped: 不能填写为空",
  "statusTrace" : "('D:\\\\auto_test_iMyMac\\\\pytest_project\\\\TestCase\\\\store_test_case\\\\test_store.py', 86, 'Skipped: 不能填写为空')",
  "flaky" : false,
  "newFailed" : false,
  "beforeStages" : [ {
    "name" : "_session_faker",
    "time" : {
      "start" : 1637660374487,
      "stop" : 1637660374671,
      "duration" : 184
    },
    "status" : "passed",
    "steps" : [ ],
    "attachments" : [ ],
    "parameters" : [ ],
    "stepsCount" : 0,
    "hasContent" : false,
    "shouldDisplayMessage" : false,
    "attachmentsCount" : 0
  }, {
    "name" : "_verify_url",
    "time" : {
      "start" : 1637660374671,
      "stop" : 1637660374671,
      "duration" : 0
    },
    "status" : "passed",
    "steps" : [ ],
    "attachments" : [ ],
    "parameters" : [ ],
    "stepsCount" : 0,
    "hasContent" : false,
    "shouldDisplayMessage" : false,
    "attachmentsCount" : 0
  }, {
    "name" : "base_url",
    "time" : {
      "start" : 1637660374671,
      "stop" : 1637660374671,
      "duration" : 0
    },
    "status" : "passed",
    "steps" : [ ],
    "attachments" : [ ],
    "parameters" : [ ],
    "stepsCount" : 0,
    "hasContent" : false,
    "shouldDisplayMessage" : false,
    "attachmentsCount" : 0
  }, {
    "name" : "drivers",
    "time" : {
      "start" : 1637660374671,
      "stop" : 1637660377597,
      "duration" : 2926
    },
    "status" : "passed",
    "steps" : [ ],
    "attachments" : [ ],
    "parameters" : [ ],
    "stepsCount" : 0,
    "hasContent" : false,
    "shouldDisplayMessage" : false,
    "attachmentsCount" : 0
  }, {
    "name" : "sensitive_url",
    "time" : {
      "start" : 1637660377598,
      "stop" : 1637660377598,
      "duration" : 0
    },
    "status" : "passed",
    "steps" : [ ],
    "attachments" : [ ],
    "parameters" : [ ],
    "stepsCount" : 0,
    "hasContent" : false,
    "shouldDisplayMessage" : false,
    "attachmentsCount" : 0
  }, {
    "name" : "_skip_sensitive",
    "time" : {
      "start" : 1637660930147,
      "stop" : 1637660930148,
      "duration" : 1
    },
    "status" : "passed",
    "steps" : [ ],
    "attachments" : [ ],
    "parameters" : [ ],
    "stepsCount" : 0,
    "hasContent" : false,
    "shouldDisplayMessage" : false,
    "attachmentsCount" : 0
  }, {
    "name" : "open_url",
    "time" : {
      "start" : 1637660930148,
      "stop" : 1637660931282,
      "duration" : 1134
    },
    "status" : "passed",
    "steps" : [ ],
    "attachments" : [ ],
    "parameters" : [ ],
    "stepsCount" : 0,
    "hasContent" : false,
    "shouldDisplayMessage" : false,
    "attachmentsCount" : 0
  } ],
  "afterStages" : [ {
    "name" : "drivers::0",
    "time" : {
      "start" : 1637661250971,
      "stop" : 1637661253061,
      "duration" : 2090
    },
    "status" : "passed",
    "steps" : [ ],
    "attachments" : [ ],
    "parameters" : [ ],
    "stepsCount" : 0,
    "hasContent" : false,
    "shouldDisplayMessage" : false,
    "attachmentsCount" : 0
  } ],
  "labels" : [ {
    "name" : "severity",
    "value" : "blocker"
  }, {
    "name" : "story",
    "value" : "Store主页内容测试"
  }, {
    "name" : "feature",
    "value" : "Store页面测试"
  }, {
    "name" : "tag",
    "value" : "@pytest.mark.skip('不能填写为空')"
  }, {
    "name" : "parentSuite",
    "value" : "TestCase.store_test_case"
  }, {
    "name" : "suite",
    "value" : "test_store"
  }, {
    "name" : "subSuite",
    "value" : "TestBody"
  }, {
    "name" : "host",
    "value" : "DESKTOP-9RE2F6C"
  }, {
    "name" : "thread",
    "value" : "16552-MainThread"
  }, {
    "name" : "framework",
    "value" : "pytest"
  }, {
    "name" : "language",
    "value" : "cpython3"
  }, {
    "name" : "package",
    "value" : "TestCase.store_test_case.test_store"
  }, {
    "name" : "resultFormat",
    "value" : "allure2"
  } ],
  "parameters" : [ ],
  "links" : [ ],
  "hidden" : false,
  "retry" : false,
  "extra" : {
    "severity" : "blocker",
    "retries" : [ ],
    "categories" : [ ],
    "history" : {
      "statistic" : {
        "failed" : 1,
        "broken" : 2,
        "skipped" : 1,
        "passed" : 1,
        "unknown" : 0,
        "total" : 5
      },
      "items" : [ {
        "uid" : "49ae4854ee53ad31",
        "reportUrl" : "http://localhost:8080/jenkins/job/selenium_auto_test_IMyMac/27/allure/#testresult/49ae4854ee53ad31",
        "status" : "passed",
        "time" : {
          "start" : 1637045457385,
          "stop" : 1637045464896,
          "duration" : 7511
        }
      }, {
        "uid" : "509776b86a16765b",
        "reportUrl" : "http://localhost:8080/jenkins/job/selenium_auto_test_IMyMac/26/allure/#testresult/509776b86a16765b",
        "status" : "broken",
        "statusDetails" : "ArithmeticError: Store/body.yaml中不存在关键字：language",
        "time" : {
          "start" : 1637043744673,
          "stop" : 1637043750167,
          "duration" : 5494
        }
      }, {
        "uid" : "79a5f4942d324a73",
        "reportUrl" : "http://localhost:8080/jenkins/job/selenium_auto_test_IMyMac/23/allure/#testresult/79a5f4942d324a73",
        "status" : "broken",
        "statusDetails" : "selenium.common.exceptions.JavascriptException: Message: javascript error: Cannot read properties of null (reading 'style')\n  (Session info: headless chrome=95.0.4638.69)",
        "time" : {
          "start" : 1636967802082,
          "stop" : 1636967808091,
          "duration" : 6009
        }
      }, {
        "uid" : "f815eaad6b812159",
        "reportUrl" : "http://localhost:8080/jenkins/job/selenium_auto_test_IMyMac/22/allure/#testresult/f815eaad6b812159",
        "status" : "failed",
        "statusDetails" : "AssertionError: assert False\n +  where False = <bound method StorePage.return_region_null_error_text of <pytest_project.page_object.store.store_page.StorePage object at 0x000001D4F2C112E0>>()\n +    where <bound method StorePage.return_region_null_error_text of <pytest_project.page_object.store.store_page.StorePage object at 0x000001D4F2C112E0>> = <pytest_project.page_object.store.store_page.StorePage object at 0x000001D4F2C112E0>.return_region_null_error_text\n +      where <pytest_project.page_object.store.store_page.StorePage object at 0x000001D4F2C112E0> = <pytest_project.TestCase.store_test_case.test_store.TestBody object at 0x000001D4F2D3FE50>.driver",
        "time" : {
          "start" : 1636940915678,
          "stop" : 1636940923741,
          "duration" : 8063
        }
      } ]
    },
    "tags" : [ "@pytest.mark.skip('不能填写为空')" ]
  },
  "source" : "102cb2d7d0840221.json",
  "parameterValues" : [ ]
}