{
  "uid" : "3ba82553c07b8468",
  "name" : "切换家庭永久套餐测试",
  "fullName" : "TestCase.store_test_case.test_buy_option.TestBody#test_009",
  "historyId" : "1963a9e435ca0224e8c6d424305e2afc",
  "time" : {
    "start" : 1637223392259,
    "stop" : 1637223426108,
    "duration" : 33849
  },
  "description" : "切换家庭永久套餐功能测试",
  "descriptionHtml" : "<p>切换家庭永久套餐功能测试</p>\n",
  "status" : "broken",
  "statusMessage" : "selenium.common.exceptions.TimeoutException: Message:",
  "statusTrace" : "self = <pytest_project.TestCase.store_test_case.test_buy_option.TestBody object at 0x0000023B8EDC2100>\n\n>   ???\n\nD:\\auto_test_iMyMac\\PycharmProjects\\pytest_project\\TestCase\\store_test_case\\test_buy_option.py:92: \n_ _ _ _ _ _ _ _ _ _ _ _ _ _ _ _ _ _ _ _ _ _ _ _ _ _ _ _ _ _ _ _ _ _ _ _ _ _ _ _\npage_object\\store\\buy_page.py:52: in is_buy_family\n    return self.getAttribute(buy['selectButton'], 'class') == 'selectButton chosenRight' and \\\npage\\basepage.py:133: in getAttribute\n    attr = self.find_element(loc)\npage\\basepage.py:49: in find_element\n    WebPage.element_locator(lambda *args: self.wait.until(EC.presence_of_element_located(args)), loc)\npage\\basepage.py:40: in element_locator\n    return func(cm.LOCATE_MODE[name], value)\npage\\basepage.py:49: in <lambda>\n    WebPage.element_locator(lambda *args: self.wait.until(EC.presence_of_element_located(args)), loc)\n_ _ _ _ _ _ _ _ _ _ _ _ _ _ _ _ _ _ _ _ _ _ _ _ _ _ _ _ _ _ _ _ _ _ _ _ _ _ _ _\n\nself = <selenium.webdriver.support.wait.WebDriverWait (session=\"36a2a6933c874cebaeacf7786b334b5b\")>\nmethod = <selenium.webdriver.support.expected_conditions.presence_of_element_located object at 0x0000023B8EE54C10>\nmessage = ''\n\n    def until(self, method, message=''):\n        \"\"\"Calls the method provided with the driver as an argument until the \\\n        return value is not False.\"\"\"\n        screen = None\n        stacktrace = None\n    \n        end_time = time.time() + self._timeout\n        while True:\n            try:\n                value = method(self._driver)\n                if value:\n                    return value\n            except self._ignored_exceptions as exc:\n                screen = getattr(exc, 'screen', None)\n                stacktrace = getattr(exc, 'stacktrace', None)\n            time.sleep(self._poll)\n            if time.time() > end_time:\n                break\n>       raise TimeoutException(message, screen, stacktrace)\nE       selenium.common.exceptions.TimeoutException: Message:\n\nc:\\users\\123\\appdata\\local\\programs\\python\\python39\\lib\\site-packages\\selenium\\webdriver\\support\\wait.py:80: TimeoutException",
  "flaky" : false,
  "newFailed" : false,
  "beforeStages" : [ {
    "name" : "_session_faker",
    "time" : {
      "start" : 1637223324898,
      "stop" : 1637223325004,
      "duration" : 106
    },
    "status" : "passed",
    "steps" : [ ],
    "attachments" : [ ],
    "parameters" : [ ],
    "attachmentsCount" : 0,
    "shouldDisplayMessage" : false,
    "stepsCount" : 0,
    "hasContent" : false
  }, {
    "name" : "_verify_url",
    "time" : {
      "start" : 1637223325005,
      "stop" : 1637223325005,
      "duration" : 0
    },
    "status" : "passed",
    "steps" : [ ],
    "attachments" : [ ],
    "parameters" : [ ],
    "attachmentsCount" : 0,
    "shouldDisplayMessage" : false,
    "stepsCount" : 0,
    "hasContent" : false
  }, {
    "name" : "base_url",
    "time" : {
      "start" : 1637223325005,
      "stop" : 1637223325005,
      "duration" : 0
    },
    "status" : "passed",
    "steps" : [ ],
    "attachments" : [ ],
    "parameters" : [ ],
    "attachmentsCount" : 0,
    "shouldDisplayMessage" : false,
    "stepsCount" : 0,
    "hasContent" : false
  }, {
    "name" : "drivers",
    "time" : {
      "start" : 1637223325005,
      "stop" : 1637223327770,
      "duration" : 2765
    },
    "status" : "passed",
    "steps" : [ ],
    "attachments" : [ ],
    "parameters" : [ ],
    "attachmentsCount" : 0,
    "shouldDisplayMessage" : false,
    "stepsCount" : 0,
    "hasContent" : false
  }, {
    "name" : "sensitive_url",
    "time" : {
      "start" : 1637223327771,
      "stop" : 1637223327771,
      "duration" : 0
    },
    "status" : "passed",
    "steps" : [ ],
    "attachments" : [ ],
    "parameters" : [ ],
    "attachmentsCount" : 0,
    "shouldDisplayMessage" : false,
    "stepsCount" : 0,
    "hasContent" : false
  }, {
    "name" : "_skip_sensitive",
    "time" : {
      "start" : 1637223391082,
      "stop" : 1637223391082,
      "duration" : 0
    },
    "status" : "passed",
    "steps" : [ ],
    "attachments" : [ ],
    "parameters" : [ ],
    "attachmentsCount" : 0,
    "shouldDisplayMessage" : false,
    "stepsCount" : 0,
    "hasContent" : false
  }, {
    "name" : "open_url",
    "time" : {
      "start" : 1637223391082,
      "stop" : 1637223392258,
      "duration" : 1176
    },
    "status" : "passed",
    "steps" : [ ],
    "attachments" : [ ],
    "parameters" : [ ],
    "attachmentsCount" : 0,
    "shouldDisplayMessage" : false,
    "stepsCount" : 0,
    "hasContent" : false
  } ],
  "testStage" : {
    "description" : "切换家庭永久套餐功能测试",
    "status" : "broken",
    "statusMessage" : "selenium.common.exceptions.TimeoutException: Message:",
    "statusTrace" : "self = <pytest_project.TestCase.store_test_case.test_buy_option.TestBody object at 0x0000023B8EDC2100>\n\n>   ???\n\nD:\\auto_test_iMyMac\\PycharmProjects\\pytest_project\\TestCase\\store_test_case\\test_buy_option.py:92: \n_ _ _ _ _ _ _ _ _ _ _ _ _ _ _ _ _ _ _ _ _ _ _ _ _ _ _ _ _ _ _ _ _ _ _ _ _ _ _ _\npage_object\\store\\buy_page.py:52: in is_buy_family\n    return self.getAttribute(buy['selectButton'], 'class') == 'selectButton chosenRight' and \\\npage\\basepage.py:133: in getAttribute\n    attr = self.find_element(loc)\npage\\basepage.py:49: in find_element\n    WebPage.element_locator(lambda *args: self.wait.until(EC.presence_of_element_located(args)), loc)\npage\\basepage.py:40: in element_locator\n    return func(cm.LOCATE_MODE[name], value)\npage\\basepage.py:49: in <lambda>\n    WebPage.element_locator(lambda *args: self.wait.until(EC.presence_of_element_located(args)), loc)\n_ _ _ _ _ _ _ _ _ _ _ _ _ _ _ _ _ _ _ _ _ _ _ _ _ _ _ _ _ _ _ _ _ _ _ _ _ _ _ _\n\nself = <selenium.webdriver.support.wait.WebDriverWait (session=\"36a2a6933c874cebaeacf7786b334b5b\")>\nmethod = <selenium.webdriver.support.expected_conditions.presence_of_element_located object at 0x0000023B8EE54C10>\nmessage = ''\n\n    def until(self, method, message=''):\n        \"\"\"Calls the method provided with the driver as an argument until the \\\n        return value is not False.\"\"\"\n        screen = None\n        stacktrace = None\n    \n        end_time = time.time() + self._timeout\n        while True:\n            try:\n                value = method(self._driver)\n                if value:\n                    return value\n            except self._ignored_exceptions as exc:\n                screen = getattr(exc, 'screen', None)\n                stacktrace = getattr(exc, 'stacktrace', None)\n            time.sleep(self._poll)\n            if time.time() > end_time:\n                break\n>       raise TimeoutException(message, screen, stacktrace)\nE       selenium.common.exceptions.TimeoutException: Message:\n\nc:\\users\\123\\appdata\\local\\programs\\python\\python39\\lib\\site-packages\\selenium\\webdriver\\support\\wait.py:80: TimeoutException",
    "steps" : [ {
      "name" : "点击pmm的更多选项按钮",
      "time" : {
        "start" : 1637223392259,
        "stop" : 1637223393449,
        "duration" : 1190
      },
      "status" : "passed",
      "steps" : [ ],
      "attachments" : [ ],
      "parameters" : [ ],
      "attachmentsCount" : 0,
      "shouldDisplayMessage" : false,
      "stepsCount" : 0,
      "hasContent" : false
    }, {
      "name" : "切换购买家庭永久套餐按钮",
      "time" : {
        "start" : 1637223393449,
        "stop" : 1637223394501,
        "duration" : 1052
      },
      "status" : "passed",
      "steps" : [ ],
      "attachments" : [ ],
      "parameters" : [ ],
      "attachmentsCount" : 0,
      "shouldDisplayMessage" : false,
      "stepsCount" : 0,
      "hasContent" : false
    }, {
      "name" : "判断是否切换购买家庭永久套餐成功",
      "time" : {
        "start" : 1637223394501,
        "stop" : 1637223426108,
        "duration" : 31607
      },
      "status" : "broken",
      "statusMessage" : "selenium.common.exceptions.TimeoutException: Message: \n\n",
      "statusTrace" : "  File \"D:\\auto_test_iMyMac\\pytest_project\\page_object\\store\\buy_page.py\", line 52, in is_buy_family\n    return self.getAttribute(buy['selectButton'], 'class') == 'selectButton chosenRight' and \\\n  File \"D:\\auto_test_iMyMac\\pytest_project\\page\\basepage.py\", line 133, in getAttribute\n    attr = self.find_element(loc)\n  File \"D:\\auto_test_iMyMac\\pytest_project\\page\\basepage.py\", line 49, in find_element\n    WebPage.element_locator(lambda *args: self.wait.until(EC.presence_of_element_located(args)), loc)\n  File \"D:\\auto_test_iMyMac\\pytest_project\\page\\basepage.py\", line 40, in element_locator\n    return func(cm.LOCATE_MODE[name], value)\n  File \"D:\\auto_test_iMyMac\\pytest_project\\page\\basepage.py\", line 49, in <lambda>\n    WebPage.element_locator(lambda *args: self.wait.until(EC.presence_of_element_located(args)), loc)\n  File \"c:\\users\\123\\appdata\\local\\programs\\python\\python39\\lib\\site-packages\\selenium\\webdriver\\support\\wait.py\", line 80, in until\n    raise TimeoutException(message, screen, stacktrace)\n",
      "steps" : [ ],
      "attachments" : [ ],
      "parameters" : [ ],
      "attachmentsCount" : 0,
      "shouldDisplayMessage" : true,
      "stepsCount" : 0,
      "hasContent" : true
    }, {
      "name" : "添加失败截图...",
      "time" : {
        "start" : 1637223426265,
        "stop" : 1637223426404,
        "duration" : 139
      },
      "status" : "passed",
      "steps" : [ ],
      "attachments" : [ {
        "uid" : "d71a5b5eb2be8f03",
        "name" : "失败截图",
        "source" : "d71a5b5eb2be8f03.png",
        "type" : "image/png",
        "size" : 219369
      } ],
      "parameters" : [ ],
      "attachmentsCount" : 1,
      "shouldDisplayMessage" : false,
      "stepsCount" : 0,
      "hasContent" : true
    } ],
    "attachments" : [ {
      "uid" : "2420ae9fa5f3feaf",
      "name" : "log",
      "source" : "2420ae9fa5f3feaf.txt",
      "type" : "text/plain",
      "size" : 1085
    }, {
      "uid" : "8714f98fb9024508",
      "name" : "stderr",
      "source" : "8714f98fb9024508.txt",
      "type" : "text/plain",
      "size" : 1166
    } ],
    "parameters" : [ ],
    "attachmentsCount" : 3,
    "shouldDisplayMessage" : true,
    "stepsCount" : 4,
    "hasContent" : true
  },
  "afterStages" : [ {
    "name" : "drivers::0",
    "time" : {
      "start" : 1637223462757,
      "stop" : 1637223464807,
      "duration" : 2050
    },
    "status" : "passed",
    "steps" : [ ],
    "attachments" : [ ],
    "parameters" : [ ],
    "attachmentsCount" : 0,
    "shouldDisplayMessage" : false,
    "stepsCount" : 0,
    "hasContent" : false
  } ],
  "labels" : [ {
    "name" : "tag",
    "value" : "切换套餐"
  }, {
    "name" : "story",
    "value" : "套餐购买页面内容测试"
  }, {
    "name" : "severity",
    "value" : "blocker"
  }, {
    "name" : "feature",
    "value" : "Store页面测试"
  }, {
    "name" : "parentSuite",
    "value" : "TestCase.store_test_case"
  }, {
    "name" : "suite",
    "value" : "test_buy_option"
  }, {
    "name" : "subSuite",
    "value" : "TestBody"
  }, {
    "name" : "host",
    "value" : "DESKTOP-9RE2F6C"
  }, {
    "name" : "thread",
    "value" : "20288-MainThread"
  }, {
    "name" : "framework",
    "value" : "pytest"
  }, {
    "name" : "language",
    "value" : "cpython3"
  }, {
    "name" : "package",
    "value" : "TestCase.store_test_case.test_buy_option"
  }, {
    "name" : "resultFormat",
    "value" : "allure2"
  } ],
  "parameters" : [ ],
  "links" : [ ],
  "hidden" : false,
  "retry" : false,
  "extra" : {
    "severity" : "blocker",
    "retries" : [ {
      "uid" : "f4884d3ed3e6d322",
      "status" : "broken",
      "statusDetails" : "selenium.common.exceptions.TimeoutException: Message:",
      "time" : {
        "start" : 1637223351712,
        "stop" : 1637223385534,
        "duration" : 33822
      }
    } ],
    "categories" : [ {
      "name" : "Test defects",
      "matchedStatuses" : [ ],
      "flaky" : false
    } ],
    "history" : {
      "statistic" : {
        "failed" : 0,
        "broken" : 1,
        "skipped" : 0,
        "passed" : 4,
        "unknown" : 0,
        "total" : 5
      },
      "items" : [ {
        "uid" : "69c78fd000b2f22d",
        "reportUrl" : "http://localhost:8080/jenkins/job/selenium_auto_test_IMyMac/27/allure/#testresult/69c78fd000b2f22d",
        "status" : "passed",
        "time" : {
          "start" : 1637045396379,
          "stop" : 1637045398556,
          "duration" : 2177
        }
      }, {
        "uid" : "ebe753bde13b2ada",
        "reportUrl" : "http://localhost:8080/jenkins/job/selenium_auto_test_IMyMac/26/allure/#testresult/ebe753bde13b2ada",
        "status" : "passed",
        "time" : {
          "start" : 1637043545330,
          "stop" : 1637043547630,
          "duration" : 2300
        }
      }, {
        "uid" : "6ab1fcb873da9ace",
        "reportUrl" : "http://localhost:8080/jenkins/job/selenium_auto_test_IMyMac/23/allure/#testresult/6ab1fcb873da9ace",
        "status" : "passed",
        "time" : {
          "start" : 1636967723362,
          "stop" : 1636967725566,
          "duration" : 2204
        }
      }, {
        "uid" : "e5a96416755e3b0b",
        "reportUrl" : "http://localhost:8080/jenkins/job/selenium_auto_test_IMyMac/22/allure/#testresult/e5a96416755e3b0b",
        "status" : "passed",
        "time" : {
          "start" : 1636940778677,
          "stop" : 1636940780926,
          "duration" : 2249
        }
      } ]
    },
    "tags" : [ "切换套餐" ]
  },
  "source" : "3ba82553c07b8468.json",
  "parameterValues" : [ ]
}