{
  "uid" : "8544b2826a4a3776",
  "name" : "找回密码发送邮件成功测试",
  "fullName" : "TestCase.user_test_case.test_3_recover.TestBody#test_002",
  "historyId" : "9422369fec32fb1a879572b9cb250bb5",
  "time" : {
    "start" : 1654654543016,
    "stop" : 1654654574423,
    "duration" : 31407
  },
  "status" : "broken",
  "statusMessage" : "selenium.common.exceptions.TimeoutException: Message: 未找到('css', 'div.form-content>p:nth-child(4).message-show')元素",
  "statusTrace" : "self = <pytest_project.page_object.retrieven.recover_password_page.RecoverPage object at 0x000001CBE5F917C0>\nloc = ('css', 'div.form-content>p:nth-child(4).message-show')\n\n    def find_element(self, loc):\n        \"\"\"定位单个元素\"\"\"\n        try:\n>           element = WebPage.element_locator(lambda *args: self.wait.until(EC.presence_of_element_located(args)), loc)\n\npage\\basepage.py:49: \n_ _ _ _ _ _ _ _ _ _ _ _ _ _ _ _ _ _ _ _ _ _ _ _ _ _ _ _ _ _ _ _ _ _ _ _ _ _ _ _\n\nfunc = <function WebPage.find_element.<locals>.<lambda> at 0x000001CBE5F1C9D0>\nloc = ('css', 'div.form-content>p:nth-child(4).message-show')\n\n    @staticmethod\n    def element_locator(func, loc):\n        \"\"\"元素定位器\"\"\"\n        name, value = loc\n>       return func(cm.LOCATE_MODE[name], value)\n\npage\\basepage.py:44: \n_ _ _ _ _ _ _ _ _ _ _ _ _ _ _ _ _ _ _ _ _ _ _ _ _ _ _ _ _ _ _ _ _ _ _ _ _ _ _ _\n\nargs = ('css selector', 'div.form-content>p:nth-child(4).message-show')\n\n>   element = WebPage.element_locator(lambda *args: self.wait.until(EC.presence_of_element_located(args)), loc)\n\npage\\basepage.py:49: \n_ _ _ _ _ _ _ _ _ _ _ _ _ _ _ _ _ _ _ _ _ _ _ _ _ _ _ _ _ _ _ _ _ _ _ _ _ _ _ _\n\nself = <selenium.webdriver.support.wait.WebDriverWait (session=\"a1929b394745a60002d6cbbbb44fc415\")>\nmethod = <function presence_of_element_located.<locals>._predicate at 0x000001CBE5F1C700>\nmessage = ''\n\n    def until(self, method, message=''):\n        \"\"\"Calls the method provided with the driver as an argument until the \\\n        return value does not evaluate to ``False``.\n    \n        :param method: callable(WebDriver)\n        :param message: optional message for :exc:`TimeoutException`\n        :returns: the result of the last call to `method`\n        :raises: :exc:`selenium.common.exceptions.TimeoutException` if timeout occurs\n        \"\"\"\n        screen = None\n        stacktrace = None\n    \n        end_time = time.time() + self._timeout\n        while True:\n            try:\n                value = method(self._driver)\n                if value:\n                    return value\n            except InvalidSelectorException as e:\n                raise e\n            except self._ignored_exceptions as exc:\n                screen = getattr(exc, 'screen', None)\n                stacktrace = getattr(exc, 'stacktrace', None)\n            time.sleep(self._poll)\n            if time.time() > end_time:\n                break\n>       raise TimeoutException(message, screen, stacktrace)\nE       selenium.common.exceptions.TimeoutException: Message: \nE       Stacktrace:\nE       Backtrace:\nE       \tOrdinal0 [0x00AFA0A3+2597027]\nE       \tOrdinal0 [0x00A8BA61+2144865]\nE       \tOrdinal0 [0x00983C58+1064024]\nE       \tOrdinal0 [0x009B020E+1245710]\nE       \tOrdinal0 [0x009B040B+1246219]\nE       \tOrdinal0 [0x009DA722+1419042]\nE       \tOrdinal0 [0x009C87F4+1345524]\nE       \tOrdinal0 [0x009D8B1A+1411866]\nE       \tOrdinal0 [0x009C85C6+1344966]\nE       \tOrdinal0 [0x009A54C6+1201350]\nE       \tOrdinal0 [0x009A63B6+1205174]\nE       \tGetHandleVerifier [0x00CA10A2+1681842]\nE       \tGetHandleVerifier [0x00D53B0C+2413596]\nE       \tGetHandleVerifier [0x00B91221+568113]\nE       \tGetHandleVerifier [0x00B8FFA3+563379]\nE       \tOrdinal0 [0x00A9174E+2168654]\nE       \tOrdinal0 [0x00A96538+2188600]\nE       \tOrdinal0 [0x00A96680+2188928]\nE       \tOrdinal0 [0x00AA030C+2229004]\nE       \tBaseThreadInitThunk [0x7717FA29+25]\nE       \tRtlGetAppContainerNamedObjectPath [0x777D7A7E+286]\nE       \tRtlGetAppContainerNamedObjectPath [0x777D7A4E+238]\n\nc:\\users\\123\\appdata\\local\\programs\\python\\python39\\lib\\site-packages\\selenium\\webdriver\\support\\wait.py:89: TimeoutException\n\nDuring handling of the above exception, another exception occurred:\n\nself = <pytest_project.TestCase.user_test_case.test_3_recover.TestBody object at 0x000001CBE5A14040>\nemail = '123@1234.com', clear_cookie = None, switch_language = None\n\n    @allure.title('找回密码发送邮件成功测试')\n    @allure.tag('发送成功')\n    @allure.severity('blocker')\n    @pytest.mark.parametrize('email', getExcelOneCol('邮箱正确', 1, 'Admin/recover.xlsx'))\n    def test_002(self, email, clear_cookie, switch_language):\n        self.driver.input_email(email)\n        self.driver.click_recover()\n>       self.driver.assert_recover_succeed()\n\nTestCase\\user_test_case\\test_3_recover.py:44: \n_ _ _ _ _ _ _ _ _ _ _ _ _ _ _ _ _ _ _ _ _ _ _ _ _ _ _ _ _ _ _ _ _ _ _ _ _ _ _ _\npage_object\\retrieven\\recover_password_page.py:29: in assert_recover_succeed\n    ('not_eq', self.find_element(retrieve.readYaml('$.recover.succeed')), None))\n_ _ _ _ _ _ _ _ _ _ _ _ _ _ _ _ _ _ _ _ _ _ _ _ _ _ _ _ _ _ _ _ _ _ _ _ _ _ _ _\n\nself = <pytest_project.page_object.retrieven.recover_password_page.RecoverPage object at 0x000001CBE5F917C0>\nloc = ('css', 'div.form-content>p:nth-child(4).message-show')\n\n    def find_element(self, loc):\n        \"\"\"定位单个元素\"\"\"\n        try:\n            element = WebPage.element_locator(lambda *args: self.wait.until(EC.presence_of_element_located(args)), loc)\n            return element\n        except TimeoutException:\n>           raise TimeoutException('未找到{}元素'.format(loc))\nE           selenium.common.exceptions.TimeoutException: Message: 未找到('css', 'div.form-content>p:nth-child(4).message-show')元素\n\npage\\basepage.py:52: TimeoutException",
  "flaky" : false,
  "newFailed" : false,
  "newBroken" : false,
  "newPassed" : false,
  "retriesCount" : 0,
  "retriesStatusChange" : false,
  "beforeStages" : [ {
    "name" : "_session_faker",
    "time" : {
      "start" : 1654653608516,
      "stop" : 1654653608617,
      "duration" : 101
    },
    "status" : "passed",
    "steps" : [ ],
    "attachments" : [ ],
    "parameters" : [ ],
    "hasContent" : false,
    "stepsCount" : 0,
    "attachmentsCount" : 0,
    "shouldDisplayMessage" : false
  }, {
    "name" : "base_url",
    "time" : {
      "start" : 1654653608617,
      "stop" : 1654653608617,
      "duration" : 0
    },
    "status" : "passed",
    "steps" : [ ],
    "attachments" : [ ],
    "parameters" : [ ],
    "hasContent" : false,
    "stepsCount" : 0,
    "attachmentsCount" : 0,
    "shouldDisplayMessage" : false
  }, {
    "name" : "_verify_url",
    "time" : {
      "start" : 1654653608617,
      "stop" : 1654653608617,
      "duration" : 0
    },
    "status" : "passed",
    "steps" : [ ],
    "attachments" : [ ],
    "parameters" : [ ],
    "hasContent" : false,
    "stepsCount" : 0,
    "attachmentsCount" : 0,
    "shouldDisplayMessage" : false
  }, {
    "name" : "drivers",
    "time" : {
      "start" : 1654653608618,
      "stop" : 1654653609759,
      "duration" : 1141
    },
    "status" : "passed",
    "steps" : [ ],
    "attachments" : [ ],
    "parameters" : [ ],
    "hasContent" : false,
    "stepsCount" : 0,
    "attachmentsCount" : 0,
    "shouldDisplayMessage" : false
  }, {
    "name" : "sensitive_url",
    "time" : {
      "start" : 1654653609759,
      "stop" : 1654653609759,
      "duration" : 0
    },
    "status" : "passed",
    "steps" : [ ],
    "attachments" : [ ],
    "parameters" : [ ],
    "hasContent" : false,
    "stepsCount" : 0,
    "attachmentsCount" : 0,
    "shouldDisplayMessage" : false
  }, {
    "name" : "_skip_sensitive",
    "time" : {
      "start" : 1654654541458,
      "stop" : 1654654541458,
      "duration" : 0
    },
    "status" : "passed",
    "steps" : [ ],
    "attachments" : [ ],
    "parameters" : [ ],
    "hasContent" : false,
    "stepsCount" : 0,
    "attachmentsCount" : 0,
    "shouldDisplayMessage" : false
  }, {
    "name" : "open_url",
    "time" : {
      "start" : 1654654541458,
      "stop" : 1654654541676,
      "duration" : 218
    },
    "status" : "passed",
    "steps" : [ ],
    "attachments" : [ ],
    "parameters" : [ ],
    "hasContent" : false,
    "stepsCount" : 0,
    "attachmentsCount" : 0,
    "shouldDisplayMessage" : false
  }, {
    "name" : "clear_cookie",
    "time" : {
      "start" : 1654654541676,
      "stop" : 1654654541921,
      "duration" : 245
    },
    "status" : "passed",
    "steps" : [ ],
    "attachments" : [ ],
    "parameters" : [ ],
    "hasContent" : false,
    "stepsCount" : 0,
    "attachmentsCount" : 0,
    "shouldDisplayMessage" : false
  }, {
    "name" : "switch_language",
    "time" : {
      "start" : 1654654541922,
      "stop" : 1654654543015,
      "duration" : 1093
    },
    "status" : "passed",
    "steps" : [ {
      "name" : "点击语言按钮展开语言选择框",
      "time" : {
        "start" : 1654654541922,
        "stop" : 1654654542468,
        "duration" : 546
      },
      "status" : "passed",
      "steps" : [ ],
      "attachments" : [ ],
      "parameters" : [ ],
      "hasContent" : false,
      "stepsCount" : 0,
      "attachmentsCount" : 0,
      "shouldDisplayMessage" : false
    }, {
      "name" : "点击语言",
      "time" : {
        "start" : 1654654542468,
        "stop" : 1654654543015,
        "duration" : 547
      },
      "status" : "passed",
      "steps" : [ ],
      "attachments" : [ ],
      "parameters" : [ {
        "name" : "language",
        "value" : "'en'"
      } ],
      "hasContent" : true,
      "stepsCount" : 0,
      "attachmentsCount" : 0,
      "shouldDisplayMessage" : false
    } ],
    "attachments" : [ ],
    "parameters" : [ ],
    "hasContent" : true,
    "stepsCount" : 2,
    "attachmentsCount" : 0,
    "shouldDisplayMessage" : false
  } ],
  "testStage" : {
    "status" : "broken",
    "statusMessage" : "selenium.common.exceptions.TimeoutException: Message: 未找到('css', 'div.form-content>p:nth-child(4).message-show')元素",
    "statusTrace" : "self = <pytest_project.page_object.retrieven.recover_password_page.RecoverPage object at 0x000001CBE5F917C0>\nloc = ('css', 'div.form-content>p:nth-child(4).message-show')\n\n    def find_element(self, loc):\n        \"\"\"定位单个元素\"\"\"\n        try:\n>           element = WebPage.element_locator(lambda *args: self.wait.until(EC.presence_of_element_located(args)), loc)\n\npage\\basepage.py:49: \n_ _ _ _ _ _ _ _ _ _ _ _ _ _ _ _ _ _ _ _ _ _ _ _ _ _ _ _ _ _ _ _ _ _ _ _ _ _ _ _\n\nfunc = <function WebPage.find_element.<locals>.<lambda> at 0x000001CBE5F1C9D0>\nloc = ('css', 'div.form-content>p:nth-child(4).message-show')\n\n    @staticmethod\n    def element_locator(func, loc):\n        \"\"\"元素定位器\"\"\"\n        name, value = loc\n>       return func(cm.LOCATE_MODE[name], value)\n\npage\\basepage.py:44: \n_ _ _ _ _ _ _ _ _ _ _ _ _ _ _ _ _ _ _ _ _ _ _ _ _ _ _ _ _ _ _ _ _ _ _ _ _ _ _ _\n\nargs = ('css selector', 'div.form-content>p:nth-child(4).message-show')\n\n>   element = WebPage.element_locator(lambda *args: self.wait.until(EC.presence_of_element_located(args)), loc)\n\npage\\basepage.py:49: \n_ _ _ _ _ _ _ _ _ _ _ _ _ _ _ _ _ _ _ _ _ _ _ _ _ _ _ _ _ _ _ _ _ _ _ _ _ _ _ _\n\nself = <selenium.webdriver.support.wait.WebDriverWait (session=\"a1929b394745a60002d6cbbbb44fc415\")>\nmethod = <function presence_of_element_located.<locals>._predicate at 0x000001CBE5F1C700>\nmessage = ''\n\n    def until(self, method, message=''):\n        \"\"\"Calls the method provided with the driver as an argument until the \\\n        return value does not evaluate to ``False``.\n    \n        :param method: callable(WebDriver)\n        :param message: optional message for :exc:`TimeoutException`\n        :returns: the result of the last call to `method`\n        :raises: :exc:`selenium.common.exceptions.TimeoutException` if timeout occurs\n        \"\"\"\n        screen = None\n        stacktrace = None\n    \n        end_time = time.time() + self._timeout\n        while True:\n            try:\n                value = method(self._driver)\n                if value:\n                    return value\n            except InvalidSelectorException as e:\n                raise e\n            except self._ignored_exceptions as exc:\n                screen = getattr(exc, 'screen', None)\n                stacktrace = getattr(exc, 'stacktrace', None)\n            time.sleep(self._poll)\n            if time.time() > end_time:\n                break\n>       raise TimeoutException(message, screen, stacktrace)\nE       selenium.common.exceptions.TimeoutException: Message: \nE       Stacktrace:\nE       Backtrace:\nE       \tOrdinal0 [0x00AFA0A3+2597027]\nE       \tOrdinal0 [0x00A8BA61+2144865]\nE       \tOrdinal0 [0x00983C58+1064024]\nE       \tOrdinal0 [0x009B020E+1245710]\nE       \tOrdinal0 [0x009B040B+1246219]\nE       \tOrdinal0 [0x009DA722+1419042]\nE       \tOrdinal0 [0x009C87F4+1345524]\nE       \tOrdinal0 [0x009D8B1A+1411866]\nE       \tOrdinal0 [0x009C85C6+1344966]\nE       \tOrdinal0 [0x009A54C6+1201350]\nE       \tOrdinal0 [0x009A63B6+1205174]\nE       \tGetHandleVerifier [0x00CA10A2+1681842]\nE       \tGetHandleVerifier [0x00D53B0C+2413596]\nE       \tGetHandleVerifier [0x00B91221+568113]\nE       \tGetHandleVerifier [0x00B8FFA3+563379]\nE       \tOrdinal0 [0x00A9174E+2168654]\nE       \tOrdinal0 [0x00A96538+2188600]\nE       \tOrdinal0 [0x00A96680+2188928]\nE       \tOrdinal0 [0x00AA030C+2229004]\nE       \tBaseThreadInitThunk [0x7717FA29+25]\nE       \tRtlGetAppContainerNamedObjectPath [0x777D7A7E+286]\nE       \tRtlGetAppContainerNamedObjectPath [0x777D7A4E+238]\n\nc:\\users\\123\\appdata\\local\\programs\\python\\python39\\lib\\site-packages\\selenium\\webdriver\\support\\wait.py:89: TimeoutException\n\nDuring handling of the above exception, another exception occurred:\n\nself = <pytest_project.TestCase.user_test_case.test_3_recover.TestBody object at 0x000001CBE5A14040>\nemail = '123@1234.com', clear_cookie = None, switch_language = None\n\n    @allure.title('找回密码发送邮件成功测试')\n    @allure.tag('发送成功')\n    @allure.severity('blocker')\n    @pytest.mark.parametrize('email', getExcelOneCol('邮箱正确', 1, 'Admin/recover.xlsx'))\n    def test_002(self, email, clear_cookie, switch_language):\n        self.driver.input_email(email)\n        self.driver.click_recover()\n>       self.driver.assert_recover_succeed()\n\nTestCase\\user_test_case\\test_3_recover.py:44: \n_ _ _ _ _ _ _ _ _ _ _ _ _ _ _ _ _ _ _ _ _ _ _ _ _ _ _ _ _ _ _ _ _ _ _ _ _ _ _ _\npage_object\\retrieven\\recover_password_page.py:29: in assert_recover_succeed\n    ('not_eq', self.find_element(retrieve.readYaml('$.recover.succeed')), None))\n_ _ _ _ _ _ _ _ _ _ _ _ _ _ _ _ _ _ _ _ _ _ _ _ _ _ _ _ _ _ _ _ _ _ _ _ _ _ _ _\n\nself = <pytest_project.page_object.retrieven.recover_password_page.RecoverPage object at 0x000001CBE5F917C0>\nloc = ('css', 'div.form-content>p:nth-child(4).message-show')\n\n    def find_element(self, loc):\n        \"\"\"定位单个元素\"\"\"\n        try:\n            element = WebPage.element_locator(lambda *args: self.wait.until(EC.presence_of_element_located(args)), loc)\n            return element\n        except TimeoutException:\n>           raise TimeoutException('未找到{}元素'.format(loc))\nE           selenium.common.exceptions.TimeoutException: Message: 未找到('css', 'div.form-content>p:nth-child(4).message-show')元素\n\npage\\basepage.py:52: TimeoutException",
    "steps" : [ {
      "name" : "输入邮箱",
      "time" : {
        "start" : 1654654543016,
        "stop" : 1654654543293,
        "duration" : 277
      },
      "status" : "passed",
      "steps" : [ ],
      "attachments" : [ ],
      "parameters" : [ {
        "name" : "email",
        "value" : "'123@1234.com'"
      } ],
      "hasContent" : true,
      "stepsCount" : 0,
      "attachmentsCount" : 0,
      "shouldDisplayMessage" : false
    }, {
      "name" : "点击recover按钮",
      "time" : {
        "start" : 1654654543293,
        "stop" : 1654654543864,
        "duration" : 571
      },
      "status" : "passed",
      "steps" : [ ],
      "attachments" : [ ],
      "parameters" : [ ],
      "hasContent" : false,
      "stepsCount" : 0,
      "attachmentsCount" : 0,
      "shouldDisplayMessage" : false
    }, {
      "name" : "添加失败截图...",
      "time" : {
        "start" : 1654654574465,
        "stop" : 1654654575059,
        "duration" : 594
      },
      "status" : "passed",
      "steps" : [ ],
      "attachments" : [ {
        "uid" : "f564c0b6f5a8325d",
        "name" : "失败截图",
        "source" : "f564c0b6f5a8325d.png",
        "type" : "image/png",
        "size" : 254268
      } ],
      "parameters" : [ ],
      "hasContent" : true,
      "stepsCount" : 0,
      "attachmentsCount" : 1,
      "shouldDisplayMessage" : false
    } ],
    "attachments" : [ {
      "uid" : "b554f6ccbe3356a4",
      "name" : "log",
      "source" : "b554f6ccbe3356a4.txt",
      "type" : "text/plain",
      "size" : 507
    }, {
      "uid" : "7261f9259f4d5f34",
      "name" : "stderr",
      "source" : "7261f9259f4d5f34.txt",
      "type" : "text/plain",
      "size" : 564
    } ],
    "parameters" : [ ],
    "hasContent" : true,
    "stepsCount" : 3,
    "attachmentsCount" : 3,
    "shouldDisplayMessage" : true
  },
  "afterStages" : [ {
    "name" : "drivers::0",
    "time" : {
      "start" : 1654654676044,
      "stop" : 1654654678578,
      "duration" : 2534
    },
    "status" : "passed",
    "steps" : [ ],
    "attachments" : [ ],
    "parameters" : [ ],
    "hasContent" : false,
    "stepsCount" : 0,
    "attachmentsCount" : 0,
    "shouldDisplayMessage" : false
  } ],
  "labels" : [ {
    "name" : "tag",
    "value" : "发送成功"
  }, {
    "name" : "story",
    "value" : "找回密码页面功能测试"
  }, {
    "name" : "feature",
    "value" : "用户系统测试"
  }, {
    "name" : "severity",
    "value" : "blocker"
  }, {
    "name" : "parentSuite",
    "value" : "TestCase.user_test_case"
  }, {
    "name" : "suite",
    "value" : "test_3_recover"
  }, {
    "name" : "subSuite",
    "value" : "TestBody"
  }, {
    "name" : "host",
    "value" : "DESKTOP-9RE2F6C"
  }, {
    "name" : "thread",
    "value" : "6116-MainThread"
  }, {
    "name" : "framework",
    "value" : "pytest"
  }, {
    "name" : "language",
    "value" : "cpython3"
  }, {
    "name" : "package",
    "value" : "TestCase.user_test_case.test_3_recover"
  }, {
    "name" : "resultFormat",
    "value" : "allure2"
  } ],
  "parameters" : [ {
    "name" : "email",
    "value" : "'123@1234.com'"
  } ],
  "links" : [ ],
  "hidden" : true,
  "retry" : true,
  "extra" : {
    "categories" : [ ],
    "tags" : [ "发送成功" ]
  },
  "source" : "8544b2826a4a3776.json",
  "parameterValues" : [ "'123@1234.com'" ]
}