{"name": "video购买页面填写空优惠码测试", "status": "broken", "statusDetails": {"message": "selenium.common.exceptions.JavascriptException: Message: javascript error: Cannot read properties of null (reading 'style')\n  (Session info: headless chrome=95.0.4638.69)", "trace": "self = <pytest_project.TestCase.store_test_case.test_store.TestBody object at 0x0000029CC4A6BD30>\ncode = '', error_text = '优惠码不能为空。'\n\n    @pytest.mark.parametrize('code, error_text', getExcelByRow('优惠码错误', 3, 1, 'Store/store.xlsx'))\n    @allure.title('video购买页面填写空优惠码测试')\n    def test_029(self, code, error_text):\n        \"\"\"video购买页面填写空优惠码功能测试\"\"\"\n        allure.dynamic.tag('优惠码==》{}'.format(code))\n>       self.driver.video_buy_addCoupon_step(code)\n\nTestCase\\store_test_case\\test_store.py:288: \n_ _ _ _ _ _ _ _ _ _ _ _ _ _ _ _ _ _ _ _ _ _ _ _ _ _ _ _ _ _ _ _ _ _ _ _ _ _ _ _\npage_object\\store\\store_page.py:71: in video_buy_addCoupon_step\n    self.video_buy_three_step()\npage_object\\store\\store_page.py:65: in video_buy_three_step\n    self.video_buy_two_step()\npage_object\\store\\store_page.py:59: in video_buy_two_step\n    self.video_buy_first_step()\npage_object\\store\\store_page.py:55: in video_buy_first_step\n    self.jsInDriver('document.querySelector(\"#root > div > div.sc-bBjRSN.kEYJmH\").style.display=\"none\";')\npage\\basepage.py:155: in jsInDriver\n    self.driver.execute_script(js)\nc:\\users\\123\\appdata\\local\\programs\\python\\python39\\lib\\site-packages\\selenium\\webdriver\\remote\\webdriver.py:634: in execute_script\n    return self.execute(command, {\nc:\\users\\123\\appdata\\local\\programs\\python\\python39\\lib\\site-packages\\selenium\\webdriver\\remote\\webdriver.py:321: in execute\n    self.error_handler.check_response(response)\n_ _ _ _ _ _ _ _ _ _ _ _ _ _ _ _ _ _ _ _ _ _ _ _ _ _ _ _ _ _ _ _ _ _ _ _ _ _ _ _\n\nself = <selenium.webdriver.remote.errorhandler.ErrorHandler object at 0x0000029CC4840E20>\nresponse = {'status': 500, 'value': '{\"value\":{\"error\":\"javascript error\",\"message\":\"javascript error: Cannot read properties of ...\\n\\\\tRtlGetAppContainerNamedObjectPath [0x76F77A9E+286]\\\\n\\\\tRtlGetAppContainerNamedObjectPath [0x76F77A6E+238]\\\\n\"}}'}\n\n    def check_response(self, response):\n        \"\"\"\n        Checks that a JSON response from the WebDriver does not have an error.\n    \n        :Args:\n         - response - The JSON response from the WebDriver server as a dictionary\n           object.\n    \n        :Raises: If the response contains an error message.\n        \"\"\"\n        status = response.get('status', None)\n        if status is None or status == ErrorCode.SUCCESS:\n            return\n        value = None\n        message = response.get(\"message\", \"\")\n        screen = response.get(\"screen\", \"\")\n        stacktrace = None\n        if isinstance(status, int):\n            value_json = response.get('value', None)\n            if value_json and isinstance(value_json, basestring):\n                import json\n                try:\n                    value = json.loads(value_json)\n                    if len(value.keys()) == 1:\n                        value = value['value']\n                    status = value.get('error', None)\n                    if status is None:\n                        status = value[\"status\"]\n                        message = value[\"value\"]\n                        if not isinstance(message, basestring):\n                            value = message\n                            message = message.get('message')\n                    else:\n                        message = value.get('message', None)\n                except ValueError:\n                    pass\n    \n        exception_class = ErrorInResponseException\n        if status in ErrorCode.NO_SUCH_ELEMENT:\n            exception_class = NoSuchElementException\n        elif status in ErrorCode.NO_SUCH_FRAME:\n            exception_class = NoSuchFrameException\n        elif status in ErrorCode.NO_SUCH_WINDOW:\n            exception_class = NoSuchWindowException\n        elif status in ErrorCode.STALE_ELEMENT_REFERENCE:\n            exception_class = StaleElementReferenceException\n        elif status in ErrorCode.ELEMENT_NOT_VISIBLE:\n            exception_class = ElementNotVisibleException\n        elif status in ErrorCode.INVALID_ELEMENT_STATE:\n            exception_class = InvalidElementStateException\n        elif status in ErrorCode.INVALID_SELECTOR \\\n                or status in ErrorCode.INVALID_XPATH_SELECTOR \\\n                or status in ErrorCode.INVALID_XPATH_SELECTOR_RETURN_TYPER:\n            exception_class = InvalidSelectorException\n        elif status in ErrorCode.ELEMENT_IS_NOT_SELECTABLE:\n            exception_class = ElementNotSelectableException\n        elif status in ErrorCode.ELEMENT_NOT_INTERACTABLE:\n            exception_class = ElementNotInteractableException\n        elif status in ErrorCode.INVALID_COOKIE_DOMAIN:\n            exception_class = InvalidCookieDomainException\n        elif status in ErrorCode.UNABLE_TO_SET_COOKIE:\n            exception_class = UnableToSetCookieException\n        elif status in ErrorCode.TIMEOUT:\n            exception_class = TimeoutException\n        elif status in ErrorCode.SCRIPT_TIMEOUT:\n            exception_class = TimeoutException\n        elif status in ErrorCode.UNKNOWN_ERROR:\n            exception_class = WebDriverException\n        elif status in ErrorCode.UNEXPECTED_ALERT_OPEN:\n            exception_class = UnexpectedAlertPresentException\n        elif status in ErrorCode.NO_ALERT_OPEN:\n            exception_class = NoAlertPresentException\n        elif status in ErrorCode.IME_NOT_AVAILABLE:\n            exception_class = ImeNotAvailableException\n        elif status in ErrorCode.IME_ENGINE_ACTIVATION_FAILED:\n            exception_class = ImeActivationFailedException\n        elif status in ErrorCode.MOVE_TARGET_OUT_OF_BOUNDS:\n            exception_class = MoveTargetOutOfBoundsException\n        elif status in ErrorCode.JAVASCRIPT_ERROR:\n            exception_class = JavascriptException\n        elif status in ErrorCode.SESSION_NOT_CREATED:\n            exception_class = SessionNotCreatedException\n        elif status in ErrorCode.INVALID_ARGUMENT:\n            exception_class = InvalidArgumentException\n        elif status in ErrorCode.NO_SUCH_COOKIE:\n            exception_class = NoSuchCookieException\n        elif status in ErrorCode.UNABLE_TO_CAPTURE_SCREEN:\n            exception_class = ScreenshotException\n        elif status in ErrorCode.ELEMENT_CLICK_INTERCEPTED:\n            exception_class = ElementClickInterceptedException\n        elif status in ErrorCode.INSECURE_CERTIFICATE:\n            exception_class = InsecureCertificateException\n        elif status in ErrorCode.INVALID_COORDINATES:\n            exception_class = InvalidCoordinatesException\n        elif status in ErrorCode.INVALID_SESSION_ID:\n            exception_class = InvalidSessionIdException\n        elif status in ErrorCode.UNKNOWN_METHOD:\n            exception_class = UnknownMethodException\n        else:\n            exception_class = WebDriverException\n        if value == '' or value is None:\n            value = response['value']\n        if isinstance(value, basestring):\n            if exception_class == ErrorInResponseException:\n                raise exception_class(response, value)\n            raise exception_class(value)\n        if message == \"\" and 'message' in value:\n            message = value['message']\n    \n        screen = None\n        if 'screen' in value:\n            screen = value['screen']\n    \n        stacktrace = None\n        if 'stackTrace' in value and value['stackTrace']:\n            stacktrace = []\n            try:\n                for frame in value['stackTrace']:\n                    line = self._value_or_default(frame, 'lineNumber', '')\n                    file = self._value_or_default(frame, 'fileName', '<anonymous>')\n                    if line:\n                        file = \"%s:%s\" % (file, line)\n                    meth = self._value_or_default(frame, 'methodName', '<anonymous>')\n                    if 'className' in frame:\n                        meth = \"%s.%s\" % (frame['className'], meth)\n                    msg = \"    at %s (%s)\"\n                    msg = msg % (meth, file)\n                    stacktrace.append(msg)\n            except TypeError:\n                pass\n        if exception_class == ErrorInResponseException:\n            raise exception_class(response, message)\n        elif exception_class == UnexpectedAlertPresentException:\n            alert_text = None\n            if 'data' in value:\n                alert_text = value['data'].get('text')\n            elif 'alert' in value:\n                alert_text = value['alert'].get('text')\n            raise exception_class(message, screen, stacktrace, alert_text)\n>       raise exception_class(message, screen, stacktrace)\nE       selenium.common.exceptions.JavascriptException: Message: javascript error: Cannot read properties of null (reading 'style')\nE         (Session info: headless chrome=95.0.4638.69)\n\nc:\\users\\123\\appdata\\local\\programs\\python\\python39\\lib\\site-packages\\selenium\\webdriver\\remote\\errorhandler.py:242: JavascriptException"}, "description": "video购买页面填写空优惠码功能测试", "steps": [{"name": "添加video优惠码步骤", "status": "broken", "statusDetails": {"message": "selenium.common.exceptions.JavascriptException: Message: javascript error: Cannot read properties of null (reading 'style')\n  (Session info: headless chrome=95.0.4638.69)\n\n", "trace": "  File \"c:\\users\\123\\appdata\\local\\programs\\python\\python39\\lib\\site-packages\\allure_commons\\_allure.py\", line 172, in impl\n    return func(*a, **kw)\n  File \"D:\\auto_test_iMyMac\\PycharmProjects\\pytest_project\\page_object\\store\\store_page.py\", line 71, in video_buy_addCoupon_step\n    self.video_buy_three_step()\n  File \"c:\\users\\123\\appdata\\local\\programs\\python\\python39\\lib\\site-packages\\allure_commons\\_allure.py\", line 172, in impl\n    return func(*a, **kw)\n  File \"D:\\auto_test_iMyMac\\PycharmProjects\\pytest_project\\page_object\\store\\store_page.py\", line 65, in video_buy_three_step\n    self.video_buy_two_step()\n  File \"c:\\users\\123\\appdata\\local\\programs\\python\\python39\\lib\\site-packages\\allure_commons\\_allure.py\", line 172, in impl\n    return func(*a, **kw)\n  File \"D:\\auto_test_iMyMac\\PycharmProjects\\pytest_project\\page_object\\store\\store_page.py\", line 59, in video_buy_two_step\n    self.video_buy_first_step()\n  File \"c:\\users\\123\\appdata\\local\\programs\\python\\python39\\lib\\site-packages\\allure_commons\\_allure.py\", line 172, in impl\n    return func(*a, **kw)\n  File \"D:\\auto_test_iMyMac\\PycharmProjects\\pytest_project\\page_object\\store\\store_page.py\", line 55, in video_buy_first_step\n    self.jsInDriver('document.querySelector(\"#root > div > div.sc-bBjRSN.kEYJmH\").style.display=\"none\";')\n  File \"D:\\auto_test_iMyMac\\PycharmProjects\\pytest_project\\page\\basepage.py\", line 155, in jsInDriver\n    self.driver.execute_script(js)\n  File \"c:\\users\\123\\appdata\\local\\programs\\python\\python39\\lib\\site-packages\\selenium\\webdriver\\remote\\webdriver.py\", line 634, in execute_script\n    return self.execute(command, {\n  File \"c:\\users\\123\\appdata\\local\\programs\\python\\python39\\lib\\site-packages\\selenium\\webdriver\\remote\\webdriver.py\", line 321, in execute\n    self.error_handler.check_response(response)\n  File \"c:\\users\\123\\appdata\\local\\programs\\python\\python39\\lib\\site-packages\\selenium\\webdriver\\remote\\errorhandler.py\", line 242, in check_response\n    raise exception_class(message, screen, stacktrace)\n"}, "steps": [{"name": "进入购买video第三步页面", "status": "broken", "statusDetails": {"message": "selenium.common.exceptions.JavascriptException: Message: javascript error: Cannot read properties of null (reading 'style')\n  (Session info: headless chrome=95.0.4638.69)\n\n", "trace": "  File \"c:\\users\\123\\appdata\\local\\programs\\python\\python39\\lib\\site-packages\\allure_commons\\_allure.py\", line 172, in impl\n    return func(*a, **kw)\n  File \"D:\\auto_test_iMyMac\\PycharmProjects\\pytest_project\\page_object\\store\\store_page.py\", line 65, in video_buy_three_step\n    self.video_buy_two_step()\n  File \"c:\\users\\123\\appdata\\local\\programs\\python\\python39\\lib\\site-packages\\allure_commons\\_allure.py\", line 172, in impl\n    return func(*a, **kw)\n  File \"D:\\auto_test_iMyMac\\PycharmProjects\\pytest_project\\page_object\\store\\store_page.py\", line 59, in video_buy_two_step\n    self.video_buy_first_step()\n  File \"c:\\users\\123\\appdata\\local\\programs\\python\\python39\\lib\\site-packages\\allure_commons\\_allure.py\", line 172, in impl\n    return func(*a, **kw)\n  File \"D:\\auto_test_iMyMac\\PycharmProjects\\pytest_project\\page_object\\store\\store_page.py\", line 55, in video_buy_first_step\n    self.jsInDriver('document.querySelector(\"#root > div > div.sc-bBjRSN.kEYJmH\").style.display=\"none\";')\n  File \"D:\\auto_test_iMyMac\\PycharmProjects\\pytest_project\\page\\basepage.py\", line 155, in jsInDriver\n    self.driver.execute_script(js)\n  File \"c:\\users\\123\\appdata\\local\\programs\\python\\python39\\lib\\site-packages\\selenium\\webdriver\\remote\\webdriver.py\", line 634, in execute_script\n    return self.execute(command, {\n  File \"c:\\users\\123\\appdata\\local\\programs\\python\\python39\\lib\\site-packages\\selenium\\webdriver\\remote\\webdriver.py\", line 321, in execute\n    self.error_handler.check_response(response)\n  File \"c:\\users\\123\\appdata\\local\\programs\\python\\python39\\lib\\site-packages\\selenium\\webdriver\\remote\\errorhandler.py\", line 242, in check_response\n    raise exception_class(message, screen, stacktrace)\n"}, "steps": [{"name": "进入购买video第二步页面", "status": "broken", "statusDetails": {"message": "selenium.common.exceptions.JavascriptException: Message: javascript error: Cannot read properties of null (reading 'style')\n  (Session info: headless chrome=95.0.4638.69)\n\n", "trace": "  File \"c:\\users\\123\\appdata\\local\\programs\\python\\python39\\lib\\site-packages\\allure_commons\\_allure.py\", line 172, in impl\n    return func(*a, **kw)\n  File \"D:\\auto_test_iMyMac\\PycharmProjects\\pytest_project\\page_object\\store\\store_page.py\", line 59, in video_buy_two_step\n    self.video_buy_first_step()\n  File \"c:\\users\\123\\appdata\\local\\programs\\python\\python39\\lib\\site-packages\\allure_commons\\_allure.py\", line 172, in impl\n    return func(*a, **kw)\n  File \"D:\\auto_test_iMyMac\\PycharmProjects\\pytest_project\\page_object\\store\\store_page.py\", line 55, in video_buy_first_step\n    self.jsInDriver('document.querySelector(\"#root > div > div.sc-bBjRSN.kEYJmH\").style.display=\"none\";')\n  File \"D:\\auto_test_iMyMac\\PycharmProjects\\pytest_project\\page\\basepage.py\", line 155, in jsInDriver\n    self.driver.execute_script(js)\n  File \"c:\\users\\123\\appdata\\local\\programs\\python\\python39\\lib\\site-packages\\selenium\\webdriver\\remote\\webdriver.py\", line 634, in execute_script\n    return self.execute(command, {\n  File \"c:\\users\\123\\appdata\\local\\programs\\python\\python39\\lib\\site-packages\\selenium\\webdriver\\remote\\webdriver.py\", line 321, in execute\n    self.error_handler.check_response(response)\n  File \"c:\\users\\123\\appdata\\local\\programs\\python\\python39\\lib\\site-packages\\selenium\\webdriver\\remote\\errorhandler.py\", line 242, in check_response\n    raise exception_class(message, screen, stacktrace)\n"}, "steps": [{"name": "进入购买video第一步页面", "status": "broken", "statusDetails": {"message": "selenium.common.exceptions.JavascriptException: Message: javascript error: Cannot read properties of null (reading 'style')\n  (Session info: headless chrome=95.0.4638.69)\n\n", "trace": "  File \"c:\\users\\123\\appdata\\local\\programs\\python\\python39\\lib\\site-packages\\allure_commons\\_allure.py\", line 172, in impl\n    return func(*a, **kw)\n  File \"D:\\auto_test_iMyMac\\PycharmProjects\\pytest_project\\page_object\\store\\store_page.py\", line 55, in video_buy_first_step\n    self.jsInDriver('document.querySelector(\"#root > div > div.sc-bBjRSN.kEYJmH\").style.display=\"none\";')\n  File \"D:\\auto_test_iMyMac\\PycharmProjects\\pytest_project\\page\\basepage.py\", line 155, in jsInDriver\n    self.driver.execute_script(js)\n  File \"c:\\users\\123\\appdata\\local\\programs\\python\\python39\\lib\\site-packages\\selenium\\webdriver\\remote\\webdriver.py\", line 634, in execute_script\n    return self.execute(command, {\n  File \"c:\\users\\123\\appdata\\local\\programs\\python\\python39\\lib\\site-packages\\selenium\\webdriver\\remote\\webdriver.py\", line 321, in execute\n    self.error_handler.check_response(response)\n  File \"c:\\users\\123\\appdata\\local\\programs\\python\\python39\\lib\\site-packages\\selenium\\webdriver\\remote\\errorhandler.py\", line 242, in check_response\n    raise exception_class(message, screen, stacktrace)\n"}, "steps": [{"name": "切换到video购买页面", "status": "passed", "start": 1637045604159, "stop": 1637045606027}], "start": 1637045603108, "stop": 1637045607044}], "start": 1637045603108, "stop": 1637045607045}], "start": 1637045603108, "stop": 1637045607045}], "parameters": [{"name": "code", "value": "''"}], "start": 1637045603108, "stop": 1637045607046}, {"name": "添加失败截图...", "status": "passed", "attachments": [{"name": "失败截图", "source": "8545f88c-ff03-431b-b0b1-3c096659449c-attachment.png", "type": "image/png"}], "start": 1637045607298, "stop": 1637045607512}], "attachments": [{"name": "log", "source": "aeccab68-b45c-46fc-b94a-a18c22c17ae2-attachment.txt", "type": "text/plain"}, {"name": "stderr", "source": "415c0f2e-6883-4489-b390-8538f9417483-attachment.txt", "type": "text/plain"}], "parameters": [{"name": "code", "value": "''"}, {"name": "error_text", "value": "'优惠码不能为空。'"}], "start": 1637045603107, "stop": 1637045607047, "uuid": "e5c915f2-a1d1-4268-9bc5-d6d7cc8227cd", "historyId": "62dcd959c20ad7d97c1b5bacf881a85d", "testCaseId": "2da2858508d86d9875f40a1b7f149a3f", "fullName": "TestCase.store_test_case.test_store.TestBody#test_029", "labels": [{"name": "tag", "value": "优惠码==》"}, {"name": "story", "value": "Store主页内容测试"}, {"name": "feature", "value": "Store页面测试"}, {"name": "severity", "value": "blocker"}, {"name": "parentSuite", "value": "TestCase.store_test_case"}, {"name": "suite", "value": "test_store"}, {"name": "subSuite", "value": "TestBody"}, {"name": "host", "value": "DESKTOP-9RE2F6C"}, {"name": "thread", "value": "10840-MainThread"}, {"name": "framework", "value": "pytest"}, {"name": "language", "value": "cpython3"}, {"name": "package", "value": "TestCase.store_test_case.test_store"}]}