{
  "uid" : "10376fc5d2698776",
  "name" : "小标题测试",
  "fullName" : "TestCase.policy_test_case.test_policy.TestBody#test_002",
  "historyId" : "fcfd24b252d317963410e45df1191936",
  "time" : {
    "start" : 1637047352240,
    "stop" : 1637047370090,
    "duration" : 17850
  },
  "status" : "broken",
  "statusMessage" : "selenium.common.exceptions.TimeoutException: Message:",
  "statusTrace" : "self = <pytest_project.TestCase.policy_test_case.test_policy.TestBody object at 0x0000026AEB1532E0>\nsheet_name = 'terms'\n\n    @allure.title('小标题测试')\n    @pytest.mark.parametrize('sheet_name', getSheetNames('Protocol/protocol.xlsx'))\n    def test_002(self, sheet_name):\n        allure.dynamic.tag('{}的标题'.format(sheet_name))\n        self.driver.goto_protocol(sheet_name)\n>       assert self.driver.if_title(getExcelOneCol(sheet_name, 2, 'Protocol/protocol.xlsx'))\n\nTestCase\\policy_test_case\\test_policy.py:30: \n_ _ _ _ _ _ _ _ _ _ _ _ _ _ _ _ _ _ _ _ _ _ _ _ _ _ _ _ _ _ _ _ _ _ _ _ _ _ _ _\npage_object\\protocol\\context_page.py:15: in if_title\n    return self.elements_text(get_any_key_info('title-l', policy.data)) == title\npage\\basepage.py:207: in elements_text\n    ele = self.find_elements(loc)\npage\\basepage.py:62: in find_elements\n    WebPage.element_locator(lambda *args: self.wait.until(EC.presence_of_all_elements_located(args)), loc)\npage\\basepage.py:40: in element_locator\n    return func(cm.LOCATE_MODE[name], value)\npage\\basepage.py:62: in <lambda>\n    WebPage.element_locator(lambda *args: self.wait.until(EC.presence_of_all_elements_located(args)), loc)\n_ _ _ _ _ _ _ _ _ _ _ _ _ _ _ _ _ _ _ _ _ _ _ _ _ _ _ _ _ _ _ _ _ _ _ _ _ _ _ _\n\nself = <selenium.webdriver.support.wait.WebDriverWait (session=\"edfa82b985453c34a269236fa9d0f61b\")>\nmethod = <selenium.webdriver.support.expected_conditions.presence_of_all_elements_located object at 0x0000026AEB1288E0>\nmessage = ''\n\n    def until(self, method, message=''):\n        \"\"\"Calls the method provided with the driver as an argument until the \\\n        return value is not False.\"\"\"\n        screen = None\n        stacktrace = None\n    \n        end_time = time.time() + self._timeout\n        while True:\n            try:\n                value = method(self._driver)\n                if value:\n                    return value\n            except self._ignored_exceptions as exc:\n                screen = getattr(exc, 'screen', None)\n                stacktrace = getattr(exc, 'stacktrace', None)\n            time.sleep(self._poll)\n            if time.time() > end_time:\n                break\n>       raise TimeoutException(message, screen, stacktrace)\nE       selenium.common.exceptions.TimeoutException: Message:\n\nc:\\users\\123\\appdata\\local\\programs\\python\\python39\\lib\\site-packages\\selenium\\webdriver\\support\\wait.py:80: TimeoutException",
  "flaky" : false,
  "newFailed" : false,
  "beforeStages" : [ {
    "name" : "base_url",
    "time" : {
      "start" : 1637046945113,
      "stop" : 1637046945113,
      "duration" : 0
    },
    "status" : "passed",
    "steps" : [ ],
    "attachments" : [ ],
    "parameters" : [ ],
    "stepsCount" : 0,
    "hasContent" : false,
    "shouldDisplayMessage" : false,
    "attachmentsCount" : 0
  }, {
    "name" : "drivers",
    "time" : {
      "start" : 1637046945113,
      "stop" : 1637046947894,
      "duration" : 2781
    },
    "status" : "passed",
    "steps" : [ ],
    "attachments" : [ ],
    "parameters" : [ ],
    "stepsCount" : 0,
    "hasContent" : false,
    "shouldDisplayMessage" : false,
    "attachmentsCount" : 0
  }, {
    "name" : "_verify_url",
    "time" : {
      "start" : 1637046945113,
      "stop" : 1637046945113,
      "duration" : 0
    },
    "status" : "passed",
    "steps" : [ ],
    "attachments" : [ ],
    "parameters" : [ ],
    "stepsCount" : 0,
    "hasContent" : false,
    "shouldDisplayMessage" : false,
    "attachmentsCount" : 0
  }, {
    "name" : "sensitive_url",
    "time" : {
      "start" : 1637046947894,
      "stop" : 1637046947894,
      "duration" : 0
    },
    "status" : "passed",
    "steps" : [ ],
    "attachments" : [ ],
    "parameters" : [ ],
    "stepsCount" : 0,
    "hasContent" : false,
    "shouldDisplayMessage" : false,
    "attachmentsCount" : 0
  }, {
    "name" : "_skip_sensitive",
    "time" : {
      "start" : 1637047352123,
      "stop" : 1637047352123,
      "duration" : 0
    },
    "status" : "passed",
    "steps" : [ ],
    "attachments" : [ ],
    "parameters" : [ ],
    "stepsCount" : 0,
    "hasContent" : false,
    "shouldDisplayMessage" : false,
    "attachmentsCount" : 0
  }, {
    "name" : "open_url",
    "time" : {
      "start" : 1637047352123,
      "stop" : 1637047352239,
      "duration" : 116
    },
    "status" : "passed",
    "steps" : [ ],
    "attachments" : [ ],
    "parameters" : [ ],
    "stepsCount" : 0,
    "hasContent" : false,
    "shouldDisplayMessage" : false,
    "attachmentsCount" : 0
  } ],
  "testStage" : {
    "status" : "broken",
    "statusMessage" : "selenium.common.exceptions.TimeoutException: Message:",
    "statusTrace" : "self = <pytest_project.TestCase.policy_test_case.test_policy.TestBody object at 0x0000026AEB1532E0>\nsheet_name = 'terms'\n\n    @allure.title('小标题测试')\n    @pytest.mark.parametrize('sheet_name', getSheetNames('Protocol/protocol.xlsx'))\n    def test_002(self, sheet_name):\n        allure.dynamic.tag('{}的标题'.format(sheet_name))\n        self.driver.goto_protocol(sheet_name)\n>       assert self.driver.if_title(getExcelOneCol(sheet_name, 2, 'Protocol/protocol.xlsx'))\n\nTestCase\\policy_test_case\\test_policy.py:30: \n_ _ _ _ _ _ _ _ _ _ _ _ _ _ _ _ _ _ _ _ _ _ _ _ _ _ _ _ _ _ _ _ _ _ _ _ _ _ _ _\npage_object\\protocol\\context_page.py:15: in if_title\n    return self.elements_text(get_any_key_info('title-l', policy.data)) == title\npage\\basepage.py:207: in elements_text\n    ele = self.find_elements(loc)\npage\\basepage.py:62: in find_elements\n    WebPage.element_locator(lambda *args: self.wait.until(EC.presence_of_all_elements_located(args)), loc)\npage\\basepage.py:40: in element_locator\n    return func(cm.LOCATE_MODE[name], value)\npage\\basepage.py:62: in <lambda>\n    WebPage.element_locator(lambda *args: self.wait.until(EC.presence_of_all_elements_located(args)), loc)\n_ _ _ _ _ _ _ _ _ _ _ _ _ _ _ _ _ _ _ _ _ _ _ _ _ _ _ _ _ _ _ _ _ _ _ _ _ _ _ _\n\nself = <selenium.webdriver.support.wait.WebDriverWait (session=\"edfa82b985453c34a269236fa9d0f61b\")>\nmethod = <selenium.webdriver.support.expected_conditions.presence_of_all_elements_located object at 0x0000026AEB1288E0>\nmessage = ''\n\n    def until(self, method, message=''):\n        \"\"\"Calls the method provided with the driver as an argument until the \\\n        return value is not False.\"\"\"\n        screen = None\n        stacktrace = None\n    \n        end_time = time.time() + self._timeout\n        while True:\n            try:\n                value = method(self._driver)\n                if value:\n                    return value\n            except self._ignored_exceptions as exc:\n                screen = getattr(exc, 'screen', None)\n                stacktrace = getattr(exc, 'stacktrace', None)\n            time.sleep(self._poll)\n            if time.time() > end_time:\n                break\n>       raise TimeoutException(message, screen, stacktrace)\nE       selenium.common.exceptions.TimeoutException: Message:\n\nc:\\users\\123\\appdata\\local\\programs\\python\\python39\\lib\\site-packages\\selenium\\webdriver\\support\\wait.py:80: TimeoutException",
    "steps" : [ {
      "name" : "打开terms页面",
      "time" : {
        "start" : 1637047352240,
        "stop" : 1637047359534,
        "duration" : 7294
      },
      "status" : "passed",
      "steps" : [ ],
      "attachments" : [ ],
      "parameters" : [ ],
      "stepsCount" : 0,
      "hasContent" : false,
      "shouldDisplayMessage" : false,
      "attachmentsCount" : 0
    }, {
      "name" : "判断小标题",
      "time" : {
        "start" : 1637047359538,
        "stop" : 1637047370090,
        "duration" : 10552
      },
      "status" : "broken",
      "statusMessage" : "selenium.common.exceptions.TimeoutException: Message: \n\n",
      "statusTrace" : "  File \"D:\\auto_test_iMyMac\\PycharmProjects\\pytest_project\\page_object\\protocol\\context_page.py\", line 15, in if_title\n    return self.elements_text(get_any_key_info('title-l', policy.data)) == title\n  File \"D:\\auto_test_iMyMac\\PycharmProjects\\pytest_project\\page\\basepage.py\", line 207, in elements_text\n    ele = self.find_elements(loc)\n  File \"D:\\auto_test_iMyMac\\PycharmProjects\\pytest_project\\page\\basepage.py\", line 62, in find_elements\n    WebPage.element_locator(lambda *args: self.wait.until(EC.presence_of_all_elements_located(args)), loc)\n  File \"D:\\auto_test_iMyMac\\PycharmProjects\\pytest_project\\page\\basepage.py\", line 40, in element_locator\n    return func(cm.LOCATE_MODE[name], value)\n  File \"D:\\auto_test_iMyMac\\PycharmProjects\\pytest_project\\page\\basepage.py\", line 62, in <lambda>\n    WebPage.element_locator(lambda *args: self.wait.until(EC.presence_of_all_elements_located(args)), loc)\n  File \"c:\\users\\123\\appdata\\local\\programs\\python\\python39\\lib\\site-packages\\selenium\\webdriver\\support\\wait.py\", line 80, in until\n    raise TimeoutException(message, screen, stacktrace)\n",
      "steps" : [ ],
      "attachments" : [ ],
      "parameters" : [ ],
      "stepsCount" : 0,
      "hasContent" : true,
      "shouldDisplayMessage" : true,
      "attachmentsCount" : 0
    }, {
      "name" : "添加失败截图...",
      "time" : {
        "start" : 1637047370249,
        "stop" : 1637047370404,
        "duration" : 155
      },
      "status" : "passed",
      "steps" : [ ],
      "attachments" : [ {
        "uid" : "8e21b9daaa34bee0",
        "name" : "失败截图",
        "source" : "8e21b9daaa34bee0.png",
        "type" : "image/png",
        "size" : 151701
      } ],
      "parameters" : [ ],
      "stepsCount" : 0,
      "hasContent" : true,
      "shouldDisplayMessage" : false,
      "attachmentsCount" : 1
    } ],
    "attachments" : [ {
      "uid" : "569b01e84b50491e",
      "name" : "log",
      "source" : "569b01e84b50491e.txt",
      "type" : "text/plain",
      "size" : 769
    }, {
      "uid" : "5fe2b1192ab1df88",
      "name" : "stderr",
      "source" : "5fe2b1192ab1df88.txt",
      "type" : "text/plain",
      "size" : 834
    } ],
    "parameters" : [ ],
    "stepsCount" : 3,
    "hasContent" : true,
    "shouldDisplayMessage" : true,
    "attachmentsCount" : 3
  },
  "afterStages" : [ {
    "name" : "drivers::0",
    "time" : {
      "start" : 1637048786165,
      "stop" : 1637048788278,
      "duration" : 2113
    },
    "status" : "passed",
    "steps" : [ ],
    "attachments" : [ ],
    "parameters" : [ ],
    "stepsCount" : 0,
    "hasContent" : false,
    "shouldDisplayMessage" : false,
    "attachmentsCount" : 0
  } ],
  "labels" : [ {
    "name" : "tag",
    "value" : "terms的标题"
  }, {
    "name" : "story",
    "value" : "文章测试"
  }, {
    "name" : "severity",
    "value" : "minor"
  }, {
    "name" : "feature",
    "value" : "协议内容测试"
  }, {
    "name" : "parentSuite",
    "value" : "TestCase.policy_test_case"
  }, {
    "name" : "suite",
    "value" : "test_policy"
  }, {
    "name" : "subSuite",
    "value" : "TestBody"
  }, {
    "name" : "host",
    "value" : "DESKTOP-9RE2F6C"
  }, {
    "name" : "thread",
    "value" : "19400-MainThread"
  }, {
    "name" : "framework",
    "value" : "pytest"
  }, {
    "name" : "language",
    "value" : "cpython3"
  }, {
    "name" : "package",
    "value" : "TestCase.policy_test_case.test_policy"
  }, {
    "name" : "resultFormat",
    "value" : "allure2"
  } ],
  "parameters" : [ {
    "name" : "sheet_name",
    "value" : "'terms'"
  } ],
  "links" : [ ],
  "hidden" : false,
  "retry" : false,
  "extra" : {
    "severity" : "minor",
    "retries" : [ {
      "uid" : "ec5ad9eeb1a8dd22",
      "status" : "broken",
      "statusDetails" : "selenium.common.exceptions.TimeoutException: Message:",
      "time" : {
        "start" : 1637047331544,
        "stop" : 1637047346835,
        "duration" : 15291
      }
    } ],
    "categories" : [ {
      "name" : "Test defects",
      "matchedStatuses" : [ ],
      "flaky" : false
    } ],
    "history" : {
      "statistic" : {
        "failed" : 0,
        "broken" : 1,
        "skipped" : 0,
        "passed" : 4,
        "unknown" : 0,
        "total" : 5
      },
      "items" : [ {
        "uid" : "9ea48c7a3fdb6c4f",
        "reportUrl" : "http://localhost:8080/jenkins/job/selenium_auto_test_IMyMac/27/allure/#testresult/9ea48c7a3fdb6c4f",
        "status" : "passed",
        "time" : {
          "start" : 1637045203325,
          "stop" : 1637045208185,
          "duration" : 4860
        }
      }, {
        "uid" : "b05f019f276f58c1",
        "reportUrl" : "http://localhost:8080/jenkins/job/selenium_auto_test_IMyMac/26/allure/#testresult/b05f019f276f58c1",
        "status" : "passed",
        "time" : {
          "start" : 1637043065001,
          "stop" : 1637043069727,
          "duration" : 4726
        }
      }, {
        "uid" : "5c17756b0dd826e7",
        "reportUrl" : "http://localhost:8080/jenkins/job/selenium_auto_test_IMyMac/23/allure/#testresult/5c17756b0dd826e7",
        "status" : "passed",
        "time" : {
          "start" : 1636967433122,
          "stop" : 1636967438764,
          "duration" : 5642
        }
      }, {
        "uid" : "29e5d7de7adf6987",
        "reportUrl" : "http://localhost:8080/jenkins/job/selenium_auto_test_IMyMac/22/allure/#testresult/29e5d7de7adf6987",
        "status" : "passed",
        "time" : {
          "start" : 1636940607448,
          "stop" : 1636940612514,
          "duration" : 5066
        }
      } ]
    },
    "tags" : [ "terms的标题" ]
  },
  "source" : "10376fc5d2698776.json",
  "parameterValues" : [ "'terms'" ]
}