{
  "uid" : "2bee76a0b79a59e5",
  "name" : "步骤内容测试",
  "fullName" : "TestCase.discount_test_case.test_discount.TestBody#test_001",
  "historyId" : "ae526d4dc095c204d59d4fd9005a2c55",
  "time" : {
    "start" : 1637047014850,
    "stop" : 1637047025386,
    "duration" : 10536
  },
  "status" : "broken",
  "statusMessage" : "selenium.common.exceptions.TimeoutException: Message:",
  "statusTrace" : "self = <pytest_project.TestCase.discount_test_case.test_discount.TestBody object at 0x0000026AEAF59D60>\nstep = 'step-3'\ncontext = 'Apply your discount with the coupon code after choosing desired product in https://www.imymac.com/store/'\n\n    @pytest.mark.parametrize('step,context', getExcelAllData('步骤介绍', 'Discount/discount.xlsx'))\n    @allure.title('步骤内容测试')\n    @allure.severity('trivial')\n    def test_001(self, step, context):\n        allure.dynamic.tag('{}==>{}'.format(step, context))\n>       assert self.driver.step_if_ture(step, context)\n\nTestCase\\discount_test_case\\test_discount.py:22: \n_ _ _ _ _ _ _ _ _ _ _ _ _ _ _ _ _ _ _ _ _ _ _ _ _ _ _ _ _ _ _ _ _ _ _ _ _ _ _ _\npage_object\\discount\\discount_page.py:11: in step_if_ture\n    return self.element_txet(get_any_key_info(step, discount.data)) == context\npage\\basepage.py:95: in element_txet\n    _text = self.find_element(loc).text\npage\\basepage.py:49: in find_element\n    WebPage.element_locator(lambda *args: self.wait.until(EC.presence_of_element_located(args)), loc)\npage\\basepage.py:40: in element_locator\n    return func(cm.LOCATE_MODE[name], value)\npage\\basepage.py:49: in <lambda>\n    WebPage.element_locator(lambda *args: self.wait.until(EC.presence_of_element_located(args)), loc)\n_ _ _ _ _ _ _ _ _ _ _ _ _ _ _ _ _ _ _ _ _ _ _ _ _ _ _ _ _ _ _ _ _ _ _ _ _ _ _ _\n\nself = <selenium.webdriver.support.wait.WebDriverWait (session=\"edfa82b985453c34a269236fa9d0f61b\")>\nmethod = <selenium.webdriver.support.expected_conditions.presence_of_element_located object at 0x0000026AEB124A90>\nmessage = ''\n\n    def until(self, method, message=''):\n        \"\"\"Calls the method provided with the driver as an argument until the \\\n        return value is not False.\"\"\"\n        screen = None\n        stacktrace = None\n    \n        end_time = time.time() + self._timeout\n        while True:\n            try:\n                value = method(self._driver)\n                if value:\n                    return value\n            except self._ignored_exceptions as exc:\n                screen = getattr(exc, 'screen', None)\n                stacktrace = getattr(exc, 'stacktrace', None)\n            time.sleep(self._poll)\n            if time.time() > end_time:\n                break\n>       raise TimeoutException(message, screen, stacktrace)\nE       selenium.common.exceptions.TimeoutException: Message:\n\nc:\\users\\123\\appdata\\local\\programs\\python\\python39\\lib\\site-packages\\selenium\\webdriver\\support\\wait.py:80: TimeoutException",
  "flaky" : false,
  "newFailed" : false,
  "beforeStages" : [ {
    "name" : "base_url",
    "time" : {
      "start" : 1637046945113,
      "stop" : 1637046945113,
      "duration" : 0
    },
    "status" : "passed",
    "steps" : [ ],
    "attachments" : [ ],
    "parameters" : [ ],
    "stepsCount" : 0,
    "hasContent" : false,
    "shouldDisplayMessage" : false,
    "attachmentsCount" : 0
  }, {
    "name" : "drivers",
    "time" : {
      "start" : 1637046945113,
      "stop" : 1637046947894,
      "duration" : 2781
    },
    "status" : "passed",
    "steps" : [ ],
    "attachments" : [ ],
    "parameters" : [ ],
    "stepsCount" : 0,
    "hasContent" : false,
    "shouldDisplayMessage" : false,
    "attachmentsCount" : 0
  }, {
    "name" : "_verify_url",
    "time" : {
      "start" : 1637046945113,
      "stop" : 1637046945113,
      "duration" : 0
    },
    "status" : "passed",
    "steps" : [ ],
    "attachments" : [ ],
    "parameters" : [ ],
    "stepsCount" : 0,
    "hasContent" : false,
    "shouldDisplayMessage" : false,
    "attachmentsCount" : 0
  }, {
    "name" : "sensitive_url",
    "time" : {
      "start" : 1637046947894,
      "stop" : 1637046947894,
      "duration" : 0
    },
    "status" : "passed",
    "steps" : [ ],
    "attachments" : [ ],
    "parameters" : [ ],
    "stepsCount" : 0,
    "hasContent" : false,
    "shouldDisplayMessage" : false,
    "attachmentsCount" : 0
  }, {
    "name" : "_skip_sensitive",
    "time" : {
      "start" : 1637047014333,
      "stop" : 1637047014333,
      "duration" : 0
    },
    "status" : "passed",
    "steps" : [ ],
    "attachments" : [ ],
    "parameters" : [ ],
    "stepsCount" : 0,
    "hasContent" : false,
    "shouldDisplayMessage" : false,
    "attachmentsCount" : 0
  } ],
  "testStage" : {
    "status" : "broken",
    "statusMessage" : "selenium.common.exceptions.TimeoutException: Message:",
    "statusTrace" : "self = <pytest_project.TestCase.discount_test_case.test_discount.TestBody object at 0x0000026AEAF59D60>\nstep = 'step-3'\ncontext = 'Apply your discount with the coupon code after choosing desired product in https://www.imymac.com/store/'\n\n    @pytest.mark.parametrize('step,context', getExcelAllData('步骤介绍', 'Discount/discount.xlsx'))\n    @allure.title('步骤内容测试')\n    @allure.severity('trivial')\n    def test_001(self, step, context):\n        allure.dynamic.tag('{}==>{}'.format(step, context))\n>       assert self.driver.step_if_ture(step, context)\n\nTestCase\\discount_test_case\\test_discount.py:22: \n_ _ _ _ _ _ _ _ _ _ _ _ _ _ _ _ _ _ _ _ _ _ _ _ _ _ _ _ _ _ _ _ _ _ _ _ _ _ _ _\npage_object\\discount\\discount_page.py:11: in step_if_ture\n    return self.element_txet(get_any_key_info(step, discount.data)) == context\npage\\basepage.py:95: in element_txet\n    _text = self.find_element(loc).text\npage\\basepage.py:49: in find_element\n    WebPage.element_locator(lambda *args: self.wait.until(EC.presence_of_element_located(args)), loc)\npage\\basepage.py:40: in element_locator\n    return func(cm.LOCATE_MODE[name], value)\npage\\basepage.py:49: in <lambda>\n    WebPage.element_locator(lambda *args: self.wait.until(EC.presence_of_element_located(args)), loc)\n_ _ _ _ _ _ _ _ _ _ _ _ _ _ _ _ _ _ _ _ _ _ _ _ _ _ _ _ _ _ _ _ _ _ _ _ _ _ _ _\n\nself = <selenium.webdriver.support.wait.WebDriverWait (session=\"edfa82b985453c34a269236fa9d0f61b\")>\nmethod = <selenium.webdriver.support.expected_conditions.presence_of_element_located object at 0x0000026AEB124A90>\nmessage = ''\n\n    def until(self, method, message=''):\n        \"\"\"Calls the method provided with the driver as an argument until the \\\n        return value is not False.\"\"\"\n        screen = None\n        stacktrace = None\n    \n        end_time = time.time() + self._timeout\n        while True:\n            try:\n                value = method(self._driver)\n                if value:\n                    return value\n            except self._ignored_exceptions as exc:\n                screen = getattr(exc, 'screen', None)\n                stacktrace = getattr(exc, 'stacktrace', None)\n            time.sleep(self._poll)\n            if time.time() > end_time:\n                break\n>       raise TimeoutException(message, screen, stacktrace)\nE       selenium.common.exceptions.TimeoutException: Message:\n\nc:\\users\\123\\appdata\\local\\programs\\python\\python39\\lib\\site-packages\\selenium\\webdriver\\support\\wait.py:80: TimeoutException",
    "steps" : [ {
      "name" : "判断步骤文案是否正确",
      "time" : {
        "start" : 1637047014850,
        "stop" : 1637047025386,
        "duration" : 10536
      },
      "status" : "broken",
      "statusMessage" : "selenium.common.exceptions.TimeoutException: Message: \n\n",
      "statusTrace" : "  File \"D:\\auto_test_iMyMac\\PycharmProjects\\pytest_project\\page_object\\discount\\discount_page.py\", line 11, in step_if_ture\n    return self.element_txet(get_any_key_info(step, discount.data)) == context\n  File \"D:\\auto_test_iMyMac\\PycharmProjects\\pytest_project\\page\\basepage.py\", line 95, in element_txet\n    _text = self.find_element(loc).text\n  File \"D:\\auto_test_iMyMac\\PycharmProjects\\pytest_project\\page\\basepage.py\", line 49, in find_element\n    WebPage.element_locator(lambda *args: self.wait.until(EC.presence_of_element_located(args)), loc)\n  File \"D:\\auto_test_iMyMac\\PycharmProjects\\pytest_project\\page\\basepage.py\", line 40, in element_locator\n    return func(cm.LOCATE_MODE[name], value)\n  File \"D:\\auto_test_iMyMac\\PycharmProjects\\pytest_project\\page\\basepage.py\", line 49, in <lambda>\n    WebPage.element_locator(lambda *args: self.wait.until(EC.presence_of_element_located(args)), loc)\n  File \"c:\\users\\123\\appdata\\local\\programs\\python\\python39\\lib\\site-packages\\selenium\\webdriver\\support\\wait.py\", line 80, in until\n    raise TimeoutException(message, screen, stacktrace)\n",
      "steps" : [ ],
      "attachments" : [ ],
      "parameters" : [ ],
      "stepsCount" : 0,
      "hasContent" : true,
      "shouldDisplayMessage" : true,
      "attachmentsCount" : 0
    }, {
      "name" : "添加失败截图...",
      "time" : {
        "start" : 1637047025514,
        "stop" : 1637047025630,
        "duration" : 116
      },
      "status" : "passed",
      "steps" : [ ],
      "attachments" : [ {
        "uid" : "3ee08bd81eab0901",
        "name" : "失败截图",
        "source" : "3ee08bd81eab0901.png",
        "type" : "image/png",
        "size" : 118732
      } ],
      "parameters" : [ ],
      "stepsCount" : 0,
      "hasContent" : true,
      "shouldDisplayMessage" : false,
      "attachmentsCount" : 1
    } ],
    "attachments" : [ {
      "uid" : "8692f7b83c286db",
      "name" : "log",
      "source" : "8692f7b83c286db.txt",
      "type" : "text/plain",
      "size" : 181
    }, {
      "uid" : "ce87280e6e7f914b",
      "name" : "stderr",
      "source" : "ce87280e6e7f914b.txt",
      "type" : "text/plain",
      "size" : 198
    } ],
    "parameters" : [ ],
    "stepsCount" : 2,
    "hasContent" : true,
    "shouldDisplayMessage" : true,
    "attachmentsCount" : 3
  },
  "afterStages" : [ {
    "name" : "drivers::0",
    "time" : {
      "start" : 1637048786165,
      "stop" : 1637048788278,
      "duration" : 2113
    },
    "status" : "passed",
    "steps" : [ ],
    "attachments" : [ ],
    "parameters" : [ ],
    "stepsCount" : 0,
    "hasContent" : false,
    "shouldDisplayMessage" : false,
    "attachmentsCount" : 0
  } ],
  "labels" : [ {
    "name" : "tag",
    "value" : "step-3==>Apply your discount with the coupon code after choosing desired product in https://www.imymac.com/store/"
  }, {
    "name" : "severity",
    "value" : "trivial"
  }, {
    "name" : "story",
    "value" : "功能测试"
  }, {
    "name" : "feature",
    "value" : "学生优惠申请页面测试"
  }, {
    "name" : "parentSuite",
    "value" : "TestCase.discount_test_case"
  }, {
    "name" : "suite",
    "value" : "test_discount"
  }, {
    "name" : "subSuite",
    "value" : "TestBody"
  }, {
    "name" : "host",
    "value" : "DESKTOP-9RE2F6C"
  }, {
    "name" : "thread",
    "value" : "19400-MainThread"
  }, {
    "name" : "framework",
    "value" : "pytest"
  }, {
    "name" : "language",
    "value" : "cpython3"
  }, {
    "name" : "package",
    "value" : "TestCase.discount_test_case.test_discount"
  }, {
    "name" : "resultFormat",
    "value" : "allure2"
  } ],
  "parameters" : [ {
    "name" : "context",
    "value" : "'Apply your discount with the coupon code after choosing desired product in https://www.imymac.com/store/'"
  }, {
    "name" : "step",
    "value" : "'step-3'"
  } ],
  "links" : [ ],
  "hidden" : false,
  "retry" : false,
  "extra" : {
    "severity" : "trivial",
    "retries" : [ {
      "uid" : "255c95ba168cec5b",
      "status" : "broken",
      "statusDetails" : "selenium.common.exceptions.TimeoutException: Message:",
      "time" : {
        "start" : 1637046998492,
        "stop" : 1637047009061,
        "duration" : 10569
      }
    } ],
    "categories" : [ {
      "name" : "Test defects",
      "matchedStatuses" : [ ],
      "flaky" : false
    } ],
    "history" : {
      "statistic" : {
        "failed" : 0,
        "broken" : 1,
        "skipped" : 0,
        "passed" : 9,
        "unknown" : 0,
        "total" : 10
      },
      "items" : [ {
        "uid" : "87a995b88ff8ef5e",
        "reportUrl" : "http://localhost:8080/jenkins/job/selenium_auto_test_IMyMac/27/allure/#testresult/87a995b88ff8ef5e",
        "status" : "passed",
        "time" : {
          "start" : 1637045087736,
          "stop" : 1637045087759,
          "duration" : 23
        }
      }, {
        "uid" : "63e02fe8d186521d",
        "reportUrl" : "http://localhost:8080/jenkins/job/selenium_auto_test_IMyMac/26/allure/#testresult/63e02fe8d186521d",
        "status" : "passed",
        "time" : {
          "start" : 1637042949441,
          "stop" : 1637042949464,
          "duration" : 23
        }
      }, {
        "uid" : "f53823b1be3034b1",
        "reportUrl" : "http://localhost:8080/jenkins/job/selenium_auto_test_IMyMac/25/allure/#testresult/f53823b1be3034b1",
        "status" : "passed",
        "time" : {
          "start" : 1637041800862,
          "stop" : 1637041800886,
          "duration" : 24
        }
      }, {
        "uid" : "5fefd94a7b41fa91",
        "reportUrl" : "http://localhost:8080/jenkins/job/selenium_auto_test_IMyMac/23/allure/#testresult/5fefd94a7b41fa91",
        "status" : "passed",
        "time" : {
          "start" : 1636967275858,
          "stop" : 1636967275881,
          "duration" : 23
        }
      }, {
        "uid" : "bee6d7dfacf69616",
        "reportUrl" : "http://localhost:8080/jenkins/job/selenium_auto_test_IMyMac/22/allure/#testresult/bee6d7dfacf69616",
        "status" : "passed",
        "time" : {
          "start" : 1636940502933,
          "stop" : 1636940502954,
          "duration" : 21
        }
      }, {
        "uid" : "df50a5382654068f",
        "reportUrl" : "http://localhost:8080/jenkins/job/selenium_auto_test_IMyMac/20/allure/#testresult/df50a5382654068f",
        "status" : "passed",
        "time" : {
          "start" : 1636709207212,
          "stop" : 1636709207234,
          "duration" : 22
        }
      }, {
        "uid" : "b16e378c43ac7382",
        "reportUrl" : "http://localhost:8080/jenkins/job/selenium_auto_test_IMyMac/19/allure/#testresult/b16e378c43ac7382",
        "status" : "passed",
        "time" : {
          "start" : 1636709207212,
          "stop" : 1636709207234,
          "duration" : 22
        }
      }, {
        "uid" : "cf2165c31fe9316f",
        "reportUrl" : "http://localhost:8080/jenkins/job/selenium_auto_test_IMyMac/17/allure/#testresult/cf2165c31fe9316f",
        "status" : "passed",
        "time" : {
          "start" : 1636709207212,
          "stop" : 1636709207234,
          "duration" : 22
        }
      }, {
        "uid" : "a2c5060e5725c40d",
        "reportUrl" : "http://localhost:8080/jenkins/job/selenium_auto_test_IMyMac/16/allure/#testresult/a2c5060e5725c40d",
        "status" : "passed",
        "time" : {
          "start" : 1636709207212,
          "stop" : 1636709207234,
          "duration" : 22
        }
      } ]
    },
    "tags" : [ "step-3==>Apply your discount with the coupon code after choosing desired product in https://www.imymac.com/store/" ]
  },
  "source" : "2bee76a0b79a59e5.json",
  "parameterValues" : [ "'Apply your discount with the coupon code after choosing desired product in https://www.imymac.com/store/'", "'step-3'" ]
}