{
  "uid" : "5281b13d685d19e7",
  "name" : "进入用户指南页面测试",
  "fullName" : "TestCase.powermymac_test_case.test_ppm.TestBody#test_003",
  "historyId" : "016d03805ec1ddcc5aa2d8cac8330473",
  "time" : {
    "start" : 1637047519332,
    "stop" : 1637047532917,
    "duration" : 13585
  },
  "description" : "去用户指南页面",
  "descriptionHtml" : "<p>去用户指南页面</p>\n",
  "status" : "broken",
  "statusMessage" : "selenium.common.exceptions.TimeoutException: Message:",
  "statusTrace" : "self = <pytest_project.TestCase.powermymac_test_case.test_ppm.TestBody object at 0x000002365400EB80>\n\n    @allure.title(\"进入用户指南页面测试\")\n    def test_003(self):\n        \"\"\"去用户指南页面\"\"\"\n        allure.dynamic.tag('去用户指南网站')\n        self.driver.scroll_to_guide()\n>       self.driver.click_link(pmm['guide'])\n\nTestCase\\powermymac_test_case\\test_ppm.py:41: \n_ _ _ _ _ _ _ _ _ _ _ _ _ _ _ _ _ _ _ _ _ _ _ _ _ _ _ _ _ _ _ _ _ _ _ _ _ _ _ _\npage_object\\powermymac\\power_my_mac_page.py:27: in click_link\n    self.is_click(link)\npage\\basepage.py:89: in is_click\n    self.find_element(loc).click()\npage\\basepage.py:49: in find_element\n    WebPage.element_locator(lambda *args: self.wait.until(EC.presence_of_element_located(args)), loc)\npage\\basepage.py:40: in element_locator\n    return func(cm.LOCATE_MODE[name], value)\npage\\basepage.py:49: in <lambda>\n    WebPage.element_locator(lambda *args: self.wait.until(EC.presence_of_element_located(args)), loc)\n_ _ _ _ _ _ _ _ _ _ _ _ _ _ _ _ _ _ _ _ _ _ _ _ _ _ _ _ _ _ _ _ _ _ _ _ _ _ _ _\n\nself = <selenium.webdriver.support.wait.WebDriverWait (session=\"f17b26cab3f4aed5c3fadb075dac2ea5\")>\nmethod = <selenium.webdriver.support.expected_conditions.presence_of_element_located object at 0x0000023654070A90>\nmessage = ''\n\n    def until(self, method, message=''):\n        \"\"\"Calls the method provided with the driver as an argument until the \\\n        return value is not False.\"\"\"\n        screen = None\n        stacktrace = None\n    \n        end_time = time.time() + self._timeout\n        while True:\n            try:\n                value = method(self._driver)\n                if value:\n                    return value\n            except self._ignored_exceptions as exc:\n                screen = getattr(exc, 'screen', None)\n                stacktrace = getattr(exc, 'stacktrace', None)\n            time.sleep(self._poll)\n            if time.time() > end_time:\n                break\n>       raise TimeoutException(message, screen, stacktrace)\nE       selenium.common.exceptions.TimeoutException: Message:\n\nc:\\users\\123\\appdata\\local\\programs\\python\\python39\\lib\\site-packages\\selenium\\webdriver\\support\\wait.py:80: TimeoutException",
  "flaky" : false,
  "newFailed" : false,
  "beforeStages" : [ {
    "name" : "drivers",
    "time" : {
      "start" : 1637046945113,
      "stop" : 1637046947347,
      "duration" : 2234
    },
    "status" : "passed",
    "steps" : [ ],
    "attachments" : [ ],
    "parameters" : [ ],
    "stepsCount" : 0,
    "hasContent" : false,
    "shouldDisplayMessage" : false,
    "attachmentsCount" : 0
  }, {
    "name" : "base_url",
    "time" : {
      "start" : 1637046945113,
      "stop" : 1637046945113,
      "duration" : 0
    },
    "status" : "passed",
    "steps" : [ ],
    "attachments" : [ ],
    "parameters" : [ ],
    "stepsCount" : 0,
    "hasContent" : false,
    "shouldDisplayMessage" : false,
    "attachmentsCount" : 0
  }, {
    "name" : "_verify_url",
    "time" : {
      "start" : 1637046945113,
      "stop" : 1637046945113,
      "duration" : 0
    },
    "status" : "passed",
    "steps" : [ ],
    "attachments" : [ ],
    "parameters" : [ ],
    "stepsCount" : 0,
    "hasContent" : false,
    "shouldDisplayMessage" : false,
    "attachmentsCount" : 0
  }, {
    "name" : "sensitive_url",
    "time" : {
      "start" : 1637046947347,
      "stop" : 1637046947347,
      "duration" : 0
    },
    "status" : "passed",
    "steps" : [ ],
    "attachments" : [ ],
    "parameters" : [ ],
    "stepsCount" : 0,
    "hasContent" : false,
    "shouldDisplayMessage" : false,
    "attachmentsCount" : 0
  }, {
    "name" : "open_clear",
    "time" : {
      "start" : 1637047519259,
      "stop" : 1637047519332,
      "duration" : 73
    },
    "status" : "passed",
    "steps" : [ ],
    "attachments" : [ ],
    "parameters" : [ ],
    "stepsCount" : 0,
    "hasContent" : false,
    "shouldDisplayMessage" : false,
    "attachmentsCount" : 0
  }, {
    "name" : "_skip_sensitive",
    "time" : {
      "start" : 1637047519259,
      "stop" : 1637047519259,
      "duration" : 0
    },
    "status" : "passed",
    "steps" : [ ],
    "attachments" : [ ],
    "parameters" : [ ],
    "stepsCount" : 0,
    "hasContent" : false,
    "shouldDisplayMessage" : false,
    "attachmentsCount" : 0
  } ],
  "testStage" : {
    "description" : "去用户指南页面",
    "status" : "broken",
    "statusMessage" : "selenium.common.exceptions.TimeoutException: Message:",
    "statusTrace" : "self = <pytest_project.TestCase.powermymac_test_case.test_ppm.TestBody object at 0x000002365400EB80>\n\n    @allure.title(\"进入用户指南页面测试\")\n    def test_003(self):\n        \"\"\"去用户指南页面\"\"\"\n        allure.dynamic.tag('去用户指南网站')\n        self.driver.scroll_to_guide()\n>       self.driver.click_link(pmm['guide'])\n\nTestCase\\powermymac_test_case\\test_ppm.py:41: \n_ _ _ _ _ _ _ _ _ _ _ _ _ _ _ _ _ _ _ _ _ _ _ _ _ _ _ _ _ _ _ _ _ _ _ _ _ _ _ _\npage_object\\powermymac\\power_my_mac_page.py:27: in click_link\n    self.is_click(link)\npage\\basepage.py:89: in is_click\n    self.find_element(loc).click()\npage\\basepage.py:49: in find_element\n    WebPage.element_locator(lambda *args: self.wait.until(EC.presence_of_element_located(args)), loc)\npage\\basepage.py:40: in element_locator\n    return func(cm.LOCATE_MODE[name], value)\npage\\basepage.py:49: in <lambda>\n    WebPage.element_locator(lambda *args: self.wait.until(EC.presence_of_element_located(args)), loc)\n_ _ _ _ _ _ _ _ _ _ _ _ _ _ _ _ _ _ _ _ _ _ _ _ _ _ _ _ _ _ _ _ _ _ _ _ _ _ _ _\n\nself = <selenium.webdriver.support.wait.WebDriverWait (session=\"f17b26cab3f4aed5c3fadb075dac2ea5\")>\nmethod = <selenium.webdriver.support.expected_conditions.presence_of_element_located object at 0x0000023654070A90>\nmessage = ''\n\n    def until(self, method, message=''):\n        \"\"\"Calls the method provided with the driver as an argument until the \\\n        return value is not False.\"\"\"\n        screen = None\n        stacktrace = None\n    \n        end_time = time.time() + self._timeout\n        while True:\n            try:\n                value = method(self._driver)\n                if value:\n                    return value\n            except self._ignored_exceptions as exc:\n                screen = getattr(exc, 'screen', None)\n                stacktrace = getattr(exc, 'stacktrace', None)\n            time.sleep(self._poll)\n            if time.time() > end_time:\n                break\n>       raise TimeoutException(message, screen, stacktrace)\nE       selenium.common.exceptions.TimeoutException: Message:\n\nc:\\users\\123\\appdata\\local\\programs\\python\\python39\\lib\\site-packages\\selenium\\webdriver\\support\\wait.py:80: TimeoutException",
    "steps" : [ {
      "name" : "页面滑动到guide上",
      "time" : {
        "start" : 1637047519332,
        "stop" : 1637047522390,
        "duration" : 3058
      },
      "status" : "passed",
      "steps" : [ ],
      "attachments" : [ ],
      "parameters" : [ ],
      "stepsCount" : 0,
      "hasContent" : false,
      "shouldDisplayMessage" : false,
      "attachmentsCount" : 0
    }, {
      "name" : "点击超链接",
      "time" : {
        "start" : 1637047522390,
        "stop" : 1637047532916,
        "duration" : 10526
      },
      "status" : "broken",
      "statusMessage" : "selenium.common.exceptions.TimeoutException: Message: \n\n",
      "statusTrace" : "  File \"c:\\users\\123\\appdata\\local\\programs\\python\\python39\\lib\\site-packages\\allure_commons\\_allure.py\", line 172, in impl\n    return func(*a, **kw)\n  File \"D:\\auto_test_iMyMac\\PycharmProjects\\pytest_project\\page_object\\powermymac\\power_my_mac_page.py\", line 27, in click_link\n    self.is_click(link)\n  File \"D:\\auto_test_iMyMac\\PycharmProjects\\pytest_project\\page\\basepage.py\", line 89, in is_click\n    self.find_element(loc).click()\n  File \"D:\\auto_test_iMyMac\\PycharmProjects\\pytest_project\\page\\basepage.py\", line 49, in find_element\n    WebPage.element_locator(lambda *args: self.wait.until(EC.presence_of_element_located(args)), loc)\n  File \"D:\\auto_test_iMyMac\\PycharmProjects\\pytest_project\\page\\basepage.py\", line 40, in element_locator\n    return func(cm.LOCATE_MODE[name], value)\n  File \"D:\\auto_test_iMyMac\\PycharmProjects\\pytest_project\\page\\basepage.py\", line 49, in <lambda>\n    WebPage.element_locator(lambda *args: self.wait.until(EC.presence_of_element_located(args)), loc)\n  File \"c:\\users\\123\\appdata\\local\\programs\\python\\python39\\lib\\site-packages\\selenium\\webdriver\\support\\wait.py\", line 80, in until\n    raise TimeoutException(message, screen, stacktrace)\n",
      "steps" : [ ],
      "attachments" : [ ],
      "parameters" : [ {
        "name" : "link",
        "value" : "('css', 'body > div:nth-child(5) > div>a:nth-child(2)')"
      } ],
      "stepsCount" : 0,
      "hasContent" : true,
      "shouldDisplayMessage" : true,
      "attachmentsCount" : 0
    }, {
      "name" : "添加失败截图...",
      "time" : {
        "start" : 1637047533483,
        "stop" : 1637047534040,
        "duration" : 557
      },
      "status" : "passed",
      "steps" : [ ],
      "attachments" : [ {
        "uid" : "f05dc88761eff30c",
        "name" : "失败截图",
        "source" : "f05dc88761eff30c.png",
        "type" : "image/png",
        "size" : 976916
      } ],
      "parameters" : [ ],
      "stepsCount" : 0,
      "hasContent" : true,
      "shouldDisplayMessage" : false,
      "attachmentsCount" : 1
    } ],
    "attachments" : [ {
      "uid" : "6cde0ab4c2e9609b",
      "name" : "log",
      "source" : "6cde0ab4c2e9609b.txt",
      "type" : "text/plain",
      "size" : 287
    }, {
      "uid" : "dd400b8dc87f3930",
      "name" : "stderr",
      "source" : "dd400b8dc87f3930.txt",
      "type" : "text/plain",
      "size" : 312
    } ],
    "parameters" : [ ],
    "stepsCount" : 3,
    "hasContent" : true,
    "shouldDisplayMessage" : true,
    "attachmentsCount" : 3
  },
  "afterStages" : [ {
    "name" : "drivers::0",
    "time" : {
      "start" : 1637048787269,
      "stop" : 1637048789373,
      "duration" : 2104
    },
    "status" : "passed",
    "steps" : [ ],
    "attachments" : [ ],
    "parameters" : [ ],
    "stepsCount" : 0,
    "hasContent" : false,
    "shouldDisplayMessage" : false,
    "attachmentsCount" : 0
  } ],
  "labels" : [ {
    "name" : "tag",
    "value" : "去用户指南网站"
  }, {
    "name" : "story",
    "value" : "pmm页面内容测试"
  }, {
    "name" : "severity",
    "value" : "critical"
  }, {
    "name" : "feature",
    "value" : "PowerMyMac下拉栏中页面测试"
  }, {
    "name" : "parentSuite",
    "value" : "TestCase.powermymac_test_case"
  }, {
    "name" : "suite",
    "value" : "test_ppm"
  }, {
    "name" : "subSuite",
    "value" : "TestBody"
  }, {
    "name" : "host",
    "value" : "DESKTOP-9RE2F6C"
  }, {
    "name" : "thread",
    "value" : "9696-MainThread"
  }, {
    "name" : "framework",
    "value" : "pytest"
  }, {
    "name" : "language",
    "value" : "cpython3"
  }, {
    "name" : "package",
    "value" : "TestCase.powermymac_test_case.test_ppm"
  }, {
    "name" : "resultFormat",
    "value" : "allure2"
  } ],
  "parameters" : [ ],
  "links" : [ ],
  "hidden" : true,
  "retry" : true,
  "extra" : {
    "categories" : [ ],
    "tags" : [ "去用户指南网站" ]
  },
  "source" : "5281b13d685d19e7.json",
  "parameterValues" : [ ]
}