{
  "uid" : "53f61a0d046a3323",
  "name" : "video购买页面添加支付卡信息错误测试",
  "fullName" : "TestCase.store_test_case.test_store.TestBody#test_033",
  "historyId" : "13961a9161ba06de09408e7296771fc1",
  "time" : {
    "start" : 1637045653068,
    "stop" : 1637045667228,
    "duration" : 14160
  },
  "description" : "video购买页面添加支付卡信息错误功能测试",
  "descriptionHtml" : "<p>video购买页面添加支付卡信息错误功能测试</p>\n",
  "status" : "failed",
  "statusMessage" : "AssertionError: assert '您输入的期限年份无效。' in ['The name you entered is not valid.', 'The credit card you entered is not valid.', 'The expiry year you entered is not valid.']\n +  where ['The name you entered is not valid.', 'The credit card you entered is not valid.', 'The expiry year you entered is not valid.'] = <bound method StorePage.return_card_pay_error_texts of <pytest_project.page_object.store.store_page.StorePage object at 0x00000245A8F47FD0>>()\n +    where <bound method StorePage.return_card_pay_error_texts of <pytest_project.page_object.store.store_page.StorePage object at 0x00000245A8F47FD0>> = <pytest_project.page_object.store.store_page.StorePage object at 0x00000245A8F47FD0>.return_card_pay_error_texts\n +      where <pytest_project.page_object.store.store_page.StorePage object at 0x00000245A8F47FD0> = <pytest_project.TestCase.store_test_case.test_store.TestBody object at 0x00000245A8F4C6A0>.driver",
  "statusTrace" : "self = <pytest_project.TestCase.store_test_case.test_store.TestBody object at 0x00000245A8F4C6A0>\nnumber = '', name = '', month = '12', year = '1000', pwd = '568'\nerror_text = '您输入的期限年份无效。'\n\n    @pytest.mark.parametrize('number,name,month,year,pwd,error_text', getExcelAllData('卡片支付', 'Store/store.xlsx'))\n    @allure.title('video购买页面添加支付卡信息错误测试')\n    def test_033(self, number, name, month, year, pwd, error_text):\n        \"\"\"video购买页面添加支付卡信息错误功能测试\"\"\"\n        allure.dynamic.tag('填写支付卡信息')\n        self.driver.video_buy_three_step()\n        self.driver.card_to_pay()\n        self.driver.send_cardNumber(number)\n        self.driver.send_cardName(name)\n        self.driver.send_cardMonth(month)\n        self.driver.send_cardYear(year)\n        self.driver.send_cardPwd(pwd)\n        self.driver.submit_card()\n>       assert error_text in self.driver.return_card_pay_error_texts()\nE       AssertionError: assert '您输入的期限年份无效。' in ['The name you entered is not valid.', 'The credit card you entered is not valid.', 'The expiry year you entered is not valid.']\nE        +  where ['The name you entered is not valid.', 'The credit card you entered is not valid.', 'The expiry year you entered is not valid.'] = <bound method StorePage.return_card_pay_error_texts of <pytest_project.page_object.store.store_page.StorePage object at 0x00000245A8F47FD0>>()\nE        +    where <bound method StorePage.return_card_pay_error_texts of <pytest_project.page_object.store.store_page.StorePage object at 0x00000245A8F47FD0>> = <pytest_project.page_object.store.store_page.StorePage object at 0x00000245A8F47FD0>.return_card_pay_error_texts\nE        +      where <pytest_project.page_object.store.store_page.StorePage object at 0x00000245A8F47FD0> = <pytest_project.TestCase.store_test_case.test_store.TestBody object at 0x00000245A8F4C6A0>.driver\n\nTestCase\\store_test_case\\test_store.py:330: AssertionError",
  "flaky" : false,
  "newFailed" : false,
  "beforeStages" : [ {
    "name" : "_verify_url",
    "time" : {
      "start" : 1637045081634,
      "stop" : 1637045081634,
      "duration" : 0
    },
    "status" : "passed",
    "steps" : [ ],
    "attachments" : [ ],
    "parameters" : [ ],
    "stepsCount" : 0,
    "hasContent" : false,
    "attachmentsCount" : 0,
    "shouldDisplayMessage" : false
  }, {
    "name" : "drivers",
    "time" : {
      "start" : 1637045081634,
      "stop" : 1637045084003,
      "duration" : 2369
    },
    "status" : "passed",
    "steps" : [ ],
    "attachments" : [ ],
    "parameters" : [ ],
    "stepsCount" : 0,
    "hasContent" : false,
    "attachmentsCount" : 0,
    "shouldDisplayMessage" : false
  }, {
    "name" : "base_url",
    "time" : {
      "start" : 1637045081634,
      "stop" : 1637045081634,
      "duration" : 0
    },
    "status" : "passed",
    "steps" : [ ],
    "attachments" : [ ],
    "parameters" : [ ],
    "stepsCount" : 0,
    "hasContent" : false,
    "attachmentsCount" : 0,
    "shouldDisplayMessage" : false
  }, {
    "name" : "sensitive_url",
    "time" : {
      "start" : 1637045084003,
      "stop" : 1637045084003,
      "duration" : 0
    },
    "status" : "passed",
    "steps" : [ ],
    "attachments" : [ ],
    "parameters" : [ ],
    "stepsCount" : 0,
    "hasContent" : false,
    "attachmentsCount" : 0,
    "shouldDisplayMessage" : false
  }, {
    "name" : "_skip_sensitive",
    "time" : {
      "start" : 1637045652837,
      "stop" : 1637045652837,
      "duration" : 0
    },
    "status" : "passed",
    "steps" : [ ],
    "attachments" : [ ],
    "parameters" : [ ],
    "stepsCount" : 0,
    "hasContent" : false,
    "attachmentsCount" : 0,
    "shouldDisplayMessage" : false
  }, {
    "name" : "open_url",
    "time" : {
      "start" : 1637045652837,
      "stop" : 1637045653066,
      "duration" : 229
    },
    "status" : "passed",
    "steps" : [ ],
    "attachments" : [ ],
    "parameters" : [ ],
    "stepsCount" : 0,
    "hasContent" : false,
    "attachmentsCount" : 0,
    "shouldDisplayMessage" : false
  } ],
  "testStage" : {
    "description" : "video购买页面添加支付卡信息错误功能测试",
    "status" : "failed",
    "statusMessage" : "AssertionError: assert '您输入的期限年份无效。' in ['The name you entered is not valid.', 'The credit card you entered is not valid.', 'The expiry year you entered is not valid.']\n +  where ['The name you entered is not valid.', 'The credit card you entered is not valid.', 'The expiry year you entered is not valid.'] = <bound method StorePage.return_card_pay_error_texts of <pytest_project.page_object.store.store_page.StorePage object at 0x00000245A8F47FD0>>()\n +    where <bound method StorePage.return_card_pay_error_texts of <pytest_project.page_object.store.store_page.StorePage object at 0x00000245A8F47FD0>> = <pytest_project.page_object.store.store_page.StorePage object at 0x00000245A8F47FD0>.return_card_pay_error_texts\n +      where <pytest_project.page_object.store.store_page.StorePage object at 0x00000245A8F47FD0> = <pytest_project.TestCase.store_test_case.test_store.TestBody object at 0x00000245A8F4C6A0>.driver",
    "statusTrace" : "self = <pytest_project.TestCase.store_test_case.test_store.TestBody object at 0x00000245A8F4C6A0>\nnumber = '', name = '', month = '12', year = '1000', pwd = '568'\nerror_text = '您输入的期限年份无效。'\n\n    @pytest.mark.parametrize('number,name,month,year,pwd,error_text', getExcelAllData('卡片支付', 'Store/store.xlsx'))\n    @allure.title('video购买页面添加支付卡信息错误测试')\n    def test_033(self, number, name, month, year, pwd, error_text):\n        \"\"\"video购买页面添加支付卡信息错误功能测试\"\"\"\n        allure.dynamic.tag('填写支付卡信息')\n        self.driver.video_buy_three_step()\n        self.driver.card_to_pay()\n        self.driver.send_cardNumber(number)\n        self.driver.send_cardName(name)\n        self.driver.send_cardMonth(month)\n        self.driver.send_cardYear(year)\n        self.driver.send_cardPwd(pwd)\n        self.driver.submit_card()\n>       assert error_text in self.driver.return_card_pay_error_texts()\nE       AssertionError: assert '您输入的期限年份无效。' in ['The name you entered is not valid.', 'The credit card you entered is not valid.', 'The expiry year you entered is not valid.']\nE        +  where ['The name you entered is not valid.', 'The credit card you entered is not valid.', 'The expiry year you entered is not valid.'] = <bound method StorePage.return_card_pay_error_texts of <pytest_project.page_object.store.store_page.StorePage object at 0x00000245A8F47FD0>>()\nE        +    where <bound method StorePage.return_card_pay_error_texts of <pytest_project.page_object.store.store_page.StorePage object at 0x00000245A8F47FD0>> = <pytest_project.page_object.store.store_page.StorePage object at 0x00000245A8F47FD0>.return_card_pay_error_texts\nE        +      where <pytest_project.page_object.store.store_page.StorePage object at 0x00000245A8F47FD0> = <pytest_project.TestCase.store_test_case.test_store.TestBody object at 0x00000245A8F4C6A0>.driver\n\nTestCase\\store_test_case\\test_store.py:330: AssertionError",
    "steps" : [ {
      "name" : "进入购买video第三步页面",
      "time" : {
        "start" : 1637045653068,
        "stop" : 1637045661681,
        "duration" : 8613
      },
      "status" : "passed",
      "steps" : [ {
        "name" : "进入购买video第二步页面",
        "time" : {
          "start" : 1637045653068,
          "stop" : 1637045660528,
          "duration" : 7460
        },
        "status" : "passed",
        "steps" : [ {
          "name" : "进入购买video第一步页面",
          "time" : {
            "start" : 1637045653068,
            "stop" : 1637045659349,
            "duration" : 6281
          },
          "status" : "passed",
          "steps" : [ {
            "name" : "切换到video购买页面",
            "time" : {
              "start" : 1637045654116,
              "stop" : 1637045658331,
              "duration" : 4215
            },
            "status" : "passed",
            "steps" : [ ],
            "attachments" : [ ],
            "parameters" : [ ],
            "stepsCount" : 0,
            "hasContent" : false,
            "attachmentsCount" : 0,
            "shouldDisplayMessage" : false
          } ],
          "attachments" : [ ],
          "parameters" : [ ],
          "stepsCount" : 1,
          "hasContent" : true,
          "attachmentsCount" : 0,
          "shouldDisplayMessage" : false
        }, {
          "name" : "输入邮箱",
          "time" : {
            "start" : 1637045659349,
            "stop" : 1637045659445,
            "duration" : 96
          },
          "status" : "passed",
          "steps" : [ ],
          "attachments" : [ ],
          "parameters" : [ {
            "name" : "text",
            "value" : "'123@123.com'"
          } ],
          "stepsCount" : 0,
          "hasContent" : true,
          "attachmentsCount" : 0,
          "shouldDisplayMessage" : false
        }, {
          "name" : "点击确认邮箱按钮",
          "time" : {
            "start" : 1637045659445,
            "stop" : 1637045660528,
            "duration" : 1083
          },
          "status" : "passed",
          "steps" : [ ],
          "attachments" : [ ],
          "parameters" : [ ],
          "stepsCount" : 0,
          "hasContent" : false,
          "attachmentsCount" : 0,
          "shouldDisplayMessage" : false
        } ],
        "attachments" : [ ],
        "parameters" : [ ],
        "stepsCount" : 4,
        "hasContent" : true,
        "attachmentsCount" : 0,
        "shouldDisplayMessage" : false
      }, {
        "name" : "点击地区下拉框",
        "time" : {
          "start" : 1637045660528,
          "stop" : 1637045660583,
          "duration" : 55
        },
        "status" : "passed",
        "steps" : [ ],
        "attachments" : [ ],
        "parameters" : [ {
          "name" : "language",
          "value" : "'CN'"
        } ],
        "stepsCount" : 0,
        "hasContent" : true,
        "attachmentsCount" : 0,
        "shouldDisplayMessage" : false
      }, {
        "name" : "点击确认地区",
        "time" : {
          "start" : 1637045660583,
          "stop" : 1637045661681,
          "duration" : 1098
        },
        "status" : "passed",
        "steps" : [ ],
        "attachments" : [ ],
        "parameters" : [ ],
        "stepsCount" : 0,
        "hasContent" : false,
        "attachmentsCount" : 0,
        "shouldDisplayMessage" : false
      } ],
      "attachments" : [ ],
      "parameters" : [ ],
      "stepsCount" : 7,
      "hasContent" : true,
      "attachmentsCount" : 0,
      "shouldDisplayMessage" : false
    }, {
      "name" : "选择卡片支付",
      "time" : {
        "start" : 1637045661681,
        "stop" : 1637045664742,
        "duration" : 3061
      },
      "status" : "passed",
      "steps" : [ ],
      "attachments" : [ ],
      "parameters" : [ ],
      "stepsCount" : 0,
      "hasContent" : false,
      "attachmentsCount" : 0,
      "shouldDisplayMessage" : false
    }, {
      "name" : "输入卡号",
      "time" : {
        "start" : 1637045664742,
        "stop" : 1637045664818,
        "duration" : 76
      },
      "status" : "passed",
      "steps" : [ ],
      "attachments" : [ ],
      "parameters" : [ {
        "name" : "number",
        "value" : "''"
      } ],
      "stepsCount" : 0,
      "hasContent" : true,
      "attachmentsCount" : 0,
      "shouldDisplayMessage" : false
    }, {
      "name" : "输入持卡人",
      "time" : {
        "start" : 1637045664818,
        "stop" : 1637045664875,
        "duration" : 57
      },
      "status" : "passed",
      "steps" : [ ],
      "attachments" : [ ],
      "parameters" : [ {
        "name" : "name",
        "value" : "''"
      } ],
      "stepsCount" : 0,
      "hasContent" : true,
      "attachmentsCount" : 0,
      "shouldDisplayMessage" : false
    }, {
      "name" : "输入截至月",
      "time" : {
        "start" : 1637045664875,
        "stop" : 1637045664946,
        "duration" : 71
      },
      "status" : "passed",
      "steps" : [ ],
      "attachments" : [ ],
      "parameters" : [ {
        "name" : "month",
        "value" : "'12'"
      } ],
      "stepsCount" : 0,
      "hasContent" : true,
      "attachmentsCount" : 0,
      "shouldDisplayMessage" : false
    }, {
      "name" : "输入截至年",
      "time" : {
        "start" : 1637045664946,
        "stop" : 1637045665026,
        "duration" : 80
      },
      "status" : "passed",
      "steps" : [ ],
      "attachments" : [ ],
      "parameters" : [ {
        "name" : "year",
        "value" : "'1000'"
      } ],
      "stepsCount" : 0,
      "hasContent" : true,
      "attachmentsCount" : 0,
      "shouldDisplayMessage" : false
    }, {
      "name" : "输入安全码",
      "time" : {
        "start" : 1637045665026,
        "stop" : 1637045665103,
        "duration" : 77
      },
      "status" : "passed",
      "steps" : [ ],
      "attachments" : [ ],
      "parameters" : [ {
        "name" : "pwd",
        "value" : "'568'"
      } ],
      "stepsCount" : 0,
      "hasContent" : true,
      "attachmentsCount" : 0,
      "shouldDisplayMessage" : false
    }, {
      "name" : "提交输入卡信息",
      "time" : {
        "start" : 1637045665103,
        "stop" : 1637045667190,
        "duration" : 2087
      },
      "status" : "passed",
      "steps" : [ ],
      "attachments" : [ ],
      "parameters" : [ ],
      "stepsCount" : 0,
      "hasContent" : false,
      "attachmentsCount" : 0,
      "shouldDisplayMessage" : false
    }, {
      "name" : "判断卡支付错误信息",
      "time" : {
        "start" : 1637045667190,
        "stop" : 1637045667228,
        "duration" : 38
      },
      "status" : "passed",
      "steps" : [ ],
      "attachments" : [ ],
      "parameters" : [ ],
      "stepsCount" : 0,
      "hasContent" : false,
      "attachmentsCount" : 0,
      "shouldDisplayMessage" : false
    }, {
      "name" : "添加失败截图...",
      "time" : {
        "start" : 1637045667410,
        "stop" : 1637045667595,
        "duration" : 185
      },
      "status" : "passed",
      "steps" : [ ],
      "attachments" : [ {
        "uid" : "78d11150a96bd20e",
        "name" : "失败截图",
        "source" : "78d11150a96bd20e.png",
        "type" : "image/png",
        "size" : 308293
      } ],
      "parameters" : [ ],
      "stepsCount" : 0,
      "hasContent" : true,
      "attachmentsCount" : 1,
      "shouldDisplayMessage" : false
    } ],
    "attachments" : [ {
      "uid" : "843001904b25d8d1",
      "name" : "log",
      "source" : "843001904b25d8d1.txt",
      "type" : "text/plain",
      "size" : 3107
    }, {
      "uid" : "853cbe4006df20fe",
      "name" : "stderr",
      "source" : "853cbe4006df20fe.txt",
      "type" : "text/plain",
      "size" : 3364
    } ],
    "parameters" : [ ],
    "stepsCount" : 17,
    "hasContent" : true,
    "attachmentsCount" : 3,
    "shouldDisplayMessage" : true
  },
  "afterStages" : [ {
    "name" : "drivers::0",
    "time" : {
      "start" : 1637045944450,
      "stop" : 1637045946601,
      "duration" : 2151
    },
    "status" : "passed",
    "steps" : [ ],
    "attachments" : [ ],
    "parameters" : [ ],
    "stepsCount" : 0,
    "hasContent" : false,
    "attachmentsCount" : 0,
    "shouldDisplayMessage" : false
  } ],
  "labels" : [ {
    "name" : "tag",
    "value" : "填写支付卡信息"
  }, {
    "name" : "feature",
    "value" : "Store页面测试"
  }, {
    "name" : "severity",
    "value" : "blocker"
  }, {
    "name" : "story",
    "value" : "Store主页内容测试"
  }, {
    "name" : "parentSuite",
    "value" : "TestCase.store_test_case"
  }, {
    "name" : "suite",
    "value" : "test_store"
  }, {
    "name" : "subSuite",
    "value" : "TestBody"
  }, {
    "name" : "host",
    "value" : "DESKTOP-9RE2F6C"
  }, {
    "name" : "thread",
    "value" : "20792-MainThread"
  }, {
    "name" : "framework",
    "value" : "pytest"
  }, {
    "name" : "language",
    "value" : "cpython3"
  }, {
    "name" : "package",
    "value" : "TestCase.store_test_case.test_store"
  }, {
    "name" : "resultFormat",
    "value" : "allure2"
  } ],
  "parameters" : [ {
    "name" : "error_text",
    "value" : "'您输入的期限年份无效。'"
  }, {
    "name" : "month",
    "value" : "'12'"
  }, {
    "name" : "name",
    "value" : "''"
  }, {
    "name" : "number",
    "value" : "''"
  }, {
    "name" : "pwd",
    "value" : "'568'"
  }, {
    "name" : "year",
    "value" : "'1000'"
  } ],
  "links" : [ ],
  "hidden" : false,
  "retry" : false,
  "extra" : {
    "severity" : "blocker",
    "retries" : [ {
      "uid" : "aec019bffe3b8cee",
      "status" : "failed",
      "statusDetails" : "AssertionError: assert '您输入的期限年份无效。' in ['The name you entered is not valid.', 'The credit card you entered is not valid.', 'The expiry year you entered is not valid.']\n +  where ['The name you entered is not valid.', 'The credit card you entered is not valid.', 'The expiry year you entered is not valid.'] = <bound method StorePage.return_card_pay_error_texts of <pytest_project.page_object.store.store_page.StorePage object at 0x00000245A8F88B50>>()\n +    where <bound method StorePage.return_card_pay_error_texts of <pytest_project.page_object.store.store_page.StorePage object at 0x00000245A8F88B50>> = <pytest_project.page_object.store.store_page.StorePage object at 0x00000245A8F88B50>.return_card_pay_error_texts\n +      where <pytest_project.page_object.store.store_page.StorePage object at 0x00000245A8F88B50> = <pytest_project.TestCase.store_test_case.test_store.TestBody object at 0x00000245A8F4C9D0>.driver",
      "time" : {
        "start" : 1637045631319,
        "stop" : 1637045646944,
        "duration" : 15625
      }
    } ],
    "categories" : [ {
      "name" : "Product defects",
      "matchedStatuses" : [ ],
      "flaky" : false
    } ],
    "history" : {
      "statistic" : {
        "failed" : 4,
        "broken" : 0,
        "skipped" : 0,
        "passed" : 0,
        "unknown" : 0,
        "total" : 4
      },
      "items" : [ {
        "uid" : "e036d76a21e61baf",
        "reportUrl" : "http://localhost:8080/jenkins/job/selenium_auto_test_IMyMac/26/allure/#testresult/e036d76a21e61baf",
        "status" : "failed",
        "statusDetails" : "AssertionError: assert '您输入的期限年份无效。' in ['The name you entered is not valid.', 'The credit card you entered is not valid.', 'The expiry year you entered is not valid.']\n +  where ['The name you entered is not valid.', 'The credit card you entered is not valid.', 'The expiry year you entered is not valid.'] = <bound method StorePage.return_card_pay_error_texts of <pytest_project.page_object.store.store_page.StorePage object at 0x0000024B94710430>>()\n +    where <bound method StorePage.return_card_pay_error_texts of <pytest_project.page_object.store.store_page.StorePage object at 0x0000024B94710430>> = <pytest_project.page_object.store.store_page.StorePage object at 0x0000024B94710430>.return_card_pay_error_texts\n +      where <pytest_project.page_object.store.store_page.StorePage object at 0x0000024B94710430> = <pytest_project.TestCase.store_test_case.test_store.TestBody object at 0x0000024B9352BDF0>.driver",
        "time" : {
          "start" : 1637044029934,
          "stop" : 1637044045333,
          "duration" : 15399
        }
      }, {
        "uid" : "c2397273ba790961",
        "reportUrl" : "http://localhost:8080/jenkins/job/selenium_auto_test_IMyMac/23/allure/#testresult/c2397273ba790961",
        "status" : "failed",
        "statusDetails" : "AssertionError: assert '您输入的期限年份无效。' in ['The name you entered is not valid.', 'The credit card you entered is not valid.', 'The expiry year you entered is not valid.']\n +  where ['The name you entered is not valid.', 'The credit card you entered is not valid.', 'The expiry year you entered is not valid.'] = <bound method StorePage.return_card_pay_error_texts of <pytest_project.page_object.store.store_page.StorePage object at 0x000002C5A208BF10>>()\n +    where <bound method StorePage.return_card_pay_error_texts of <pytest_project.page_object.store.store_page.StorePage object at 0x000002C5A208BF10>> = <pytest_project.page_object.store.store_page.StorePage object at 0x000002C5A208BF10>.return_card_pay_error_texts\n +      where <pytest_project.page_object.store.store_page.StorePage object at 0x000002C5A208BF10> = <pytest_project.TestCase.store_test_case.test_store.TestBody object at 0x000002C5A1FA0FA0>.driver",
        "time" : {
          "start" : 1636968251910,
          "stop" : 1636968269146,
          "duration" : 17236
        }
      }, {
        "uid" : "f36926ee3f178ad8",
        "reportUrl" : "http://localhost:8080/jenkins/job/selenium_auto_test_IMyMac/22/allure/#testresult/f36926ee3f178ad8",
        "status" : "failed",
        "statusDetails" : "AssertionError: assert '您输入的期限年份无效。' in ['The name you entered is not valid.', 'The credit card you entered is not valid.', 'The expiry year you entered is not valid.']\n +  where ['The name you entered is not valid.', 'The credit card you entered is not valid.', 'The expiry year you entered is not valid.'] = <bound method StorePage.return_card_pay_error_texts of <pytest_project.page_object.store.store_page.StorePage object at 0x00000200DAA9A340>>()\n +    where <bound method StorePage.return_card_pay_error_texts of <pytest_project.page_object.store.store_page.StorePage object at 0x00000200DAA9A340>> = <pytest_project.page_object.store.store_page.StorePage object at 0x00000200DAA9A340>.return_card_pay_error_texts\n +      where <pytest_project.page_object.store.store_page.StorePage object at 0x00000200DAA9A340> = <pytest_project.TestCase.store_test_case.test_store.TestBody object at 0x00000200DAA9A280>.driver",
        "time" : {
          "start" : 1636941270940,
          "stop" : 1636941282905,
          "duration" : 11965
        }
      } ]
    },
    "tags" : [ "填写支付卡信息" ]
  },
  "source" : "53f61a0d046a3323.json",
  "parameterValues" : [ "'您输入的期限年份无效。'", "'12'", "''", "''", "'568'", "'1000'" ]
}