{
  "uid" : "63e7a703b6a4934a",
  "name" : "video购买页面添加支付卡信息错误测试",
  "fullName" : "TestCase.store_test_case.test_store.TestBody#test_033",
  "historyId" : "17430f8f41839e9fe2a0ba8ceff7ba4f",
  "time" : {
    "start" : 1637045777520,
    "stop" : 1637045797388,
    "duration" : 19868
  },
  "description" : "video购买页面添加支付卡信息错误功能测试",
  "descriptionHtml" : "<p>video购买页面添加支付卡信息错误功能测试</p>\n",
  "status" : "failed",
  "statusMessage" : "AssertionError: assert '您输入的信用卡无效。' in ['The name you entered is not valid.', 'The credit card you entered is not valid.', 'The expiry month you entered is not valid.', 'The expiry year you entered is not valid.', 'The CVV you entered is not valid.']\n +  where ['The name you entered is not valid.', 'The credit card you entered is not valid.', 'The expiry month you entered is not valid.', 'The expiry year you entered is not valid.', 'The CVV you entered is not valid.'] = <bound method StorePage.return_card_pay_error_texts of <pytest_project.page_object.store.store_page.StorePage object at 0x0000025A18CD7AF0>>()\n +    where <bound method StorePage.return_card_pay_error_texts of <pytest_project.page_object.store.store_page.StorePage object at 0x0000025A18CD7AF0>> = <pytest_project.page_object.store.store_page.StorePage object at 0x0000025A18CD7AF0>.return_card_pay_error_texts\n +      where <pytest_project.page_object.store.store_page.StorePage object at 0x0000025A18CD7AF0> = <pytest_project.TestCase.store_test_case.test_store.TestBody object at 0x0000025A1824B640>.driver",
  "statusTrace" : "self = <pytest_project.TestCase.store_test_case.test_store.TestBody object at 0x0000025A1824B640>\nnumber = '', name = '', month = '', year = '', pwd = ''\nerror_text = '您输入的信用卡无效。'\n\n    @pytest.mark.parametrize('number,name,month,year,pwd,error_text', getExcelAllData('卡片支付', 'Store/store.xlsx'))\n    @allure.title('video购买页面添加支付卡信息错误测试')\n    def test_033(self, number, name, month, year, pwd, error_text):\n        \"\"\"video购买页面添加支付卡信息错误功能测试\"\"\"\n        allure.dynamic.tag('填写支付卡信息')\n        self.driver.video_buy_three_step()\n        self.driver.card_to_pay()\n        self.driver.send_cardNumber(number)\n        self.driver.send_cardName(name)\n        self.driver.send_cardMonth(month)\n        self.driver.send_cardYear(year)\n        self.driver.send_cardPwd(pwd)\n        self.driver.submit_card()\n>       assert error_text in self.driver.return_card_pay_error_texts()\nE       AssertionError: assert '您输入的信用卡无效。' in ['The name you entered is not valid.', 'The credit card you entered is not valid.', 'The expiry month you entered is not valid.', 'The expiry year you entered is not valid.', 'The CVV you entered is not valid.']\nE        +  where ['The name you entered is not valid.', 'The credit card you entered is not valid.', 'The expiry month you entered is not valid.', 'The expiry year you entered is not valid.', 'The CVV you entered is not valid.'] = <bound method StorePage.return_card_pay_error_texts of <pytest_project.page_object.store.store_page.StorePage object at 0x0000025A18CD7AF0>>()\nE        +    where <bound method StorePage.return_card_pay_error_texts of <pytest_project.page_object.store.store_page.StorePage object at 0x0000025A18CD7AF0>> = <pytest_project.page_object.store.store_page.StorePage object at 0x0000025A18CD7AF0>.return_card_pay_error_texts\nE        +      where <pytest_project.page_object.store.store_page.StorePage object at 0x0000025A18CD7AF0> = <pytest_project.TestCase.store_test_case.test_store.TestBody object at 0x0000025A1824B640>.driver\n\nTestCase\\store_test_case\\test_store.py:330: AssertionError",
  "flaky" : false,
  "newFailed" : false,
  "beforeStages" : [ {
    "name" : "_verify_url",
    "time" : {
      "start" : 1637045081634,
      "stop" : 1637045081634,
      "duration" : 0
    },
    "status" : "passed",
    "steps" : [ ],
    "attachments" : [ ],
    "parameters" : [ ],
    "stepsCount" : 0,
    "hasContent" : false,
    "attachmentsCount" : 0,
    "shouldDisplayMessage" : false
  }, {
    "name" : "drivers",
    "time" : {
      "start" : 1637045081634,
      "stop" : 1637045084528,
      "duration" : 2894
    },
    "status" : "passed",
    "steps" : [ ],
    "attachments" : [ ],
    "parameters" : [ ],
    "stepsCount" : 0,
    "hasContent" : false,
    "attachmentsCount" : 0,
    "shouldDisplayMessage" : false
  }, {
    "name" : "base_url",
    "time" : {
      "start" : 1637045081634,
      "stop" : 1637045081634,
      "duration" : 0
    },
    "status" : "passed",
    "steps" : [ ],
    "attachments" : [ ],
    "parameters" : [ ],
    "stepsCount" : 0,
    "hasContent" : false,
    "attachmentsCount" : 0,
    "shouldDisplayMessage" : false
  }, {
    "name" : "sensitive_url",
    "time" : {
      "start" : 1637045084528,
      "stop" : 1637045084528,
      "duration" : 0
    },
    "status" : "passed",
    "steps" : [ ],
    "attachments" : [ ],
    "parameters" : [ ],
    "stepsCount" : 0,
    "hasContent" : false,
    "attachmentsCount" : 0,
    "shouldDisplayMessage" : false
  }, {
    "name" : "open_url",
    "time" : {
      "start" : 1637045777314,
      "stop" : 1637045777519,
      "duration" : 205
    },
    "status" : "passed",
    "steps" : [ ],
    "attachments" : [ ],
    "parameters" : [ ],
    "stepsCount" : 0,
    "hasContent" : false,
    "attachmentsCount" : 0,
    "shouldDisplayMessage" : false
  }, {
    "name" : "_skip_sensitive",
    "time" : {
      "start" : 1637045777314,
      "stop" : 1637045777314,
      "duration" : 0
    },
    "status" : "passed",
    "steps" : [ ],
    "attachments" : [ ],
    "parameters" : [ ],
    "stepsCount" : 0,
    "hasContent" : false,
    "attachmentsCount" : 0,
    "shouldDisplayMessage" : false
  } ],
  "testStage" : {
    "description" : "video购买页面添加支付卡信息错误功能测试",
    "status" : "failed",
    "statusMessage" : "AssertionError: assert '您输入的信用卡无效。' in ['The name you entered is not valid.', 'The credit card you entered is not valid.', 'The expiry month you entered is not valid.', 'The expiry year you entered is not valid.', 'The CVV you entered is not valid.']\n +  where ['The name you entered is not valid.', 'The credit card you entered is not valid.', 'The expiry month you entered is not valid.', 'The expiry year you entered is not valid.', 'The CVV you entered is not valid.'] = <bound method StorePage.return_card_pay_error_texts of <pytest_project.page_object.store.store_page.StorePage object at 0x0000025A18CD7AF0>>()\n +    where <bound method StorePage.return_card_pay_error_texts of <pytest_project.page_object.store.store_page.StorePage object at 0x0000025A18CD7AF0>> = <pytest_project.page_object.store.store_page.StorePage object at 0x0000025A18CD7AF0>.return_card_pay_error_texts\n +      where <pytest_project.page_object.store.store_page.StorePage object at 0x0000025A18CD7AF0> = <pytest_project.TestCase.store_test_case.test_store.TestBody object at 0x0000025A1824B640>.driver",
    "statusTrace" : "self = <pytest_project.TestCase.store_test_case.test_store.TestBody object at 0x0000025A1824B640>\nnumber = '', name = '', month = '', year = '', pwd = ''\nerror_text = '您输入的信用卡无效。'\n\n    @pytest.mark.parametrize('number,name,month,year,pwd,error_text', getExcelAllData('卡片支付', 'Store/store.xlsx'))\n    @allure.title('video购买页面添加支付卡信息错误测试')\n    def test_033(self, number, name, month, year, pwd, error_text):\n        \"\"\"video购买页面添加支付卡信息错误功能测试\"\"\"\n        allure.dynamic.tag('填写支付卡信息')\n        self.driver.video_buy_three_step()\n        self.driver.card_to_pay()\n        self.driver.send_cardNumber(number)\n        self.driver.send_cardName(name)\n        self.driver.send_cardMonth(month)\n        self.driver.send_cardYear(year)\n        self.driver.send_cardPwd(pwd)\n        self.driver.submit_card()\n>       assert error_text in self.driver.return_card_pay_error_texts()\nE       AssertionError: assert '您输入的信用卡无效。' in ['The name you entered is not valid.', 'The credit card you entered is not valid.', 'The expiry month you entered is not valid.', 'The expiry year you entered is not valid.', 'The CVV you entered is not valid.']\nE        +  where ['The name you entered is not valid.', 'The credit card you entered is not valid.', 'The expiry month you entered is not valid.', 'The expiry year you entered is not valid.', 'The CVV you entered is not valid.'] = <bound method StorePage.return_card_pay_error_texts of <pytest_project.page_object.store.store_page.StorePage object at 0x0000025A18CD7AF0>>()\nE        +    where <bound method StorePage.return_card_pay_error_texts of <pytest_project.page_object.store.store_page.StorePage object at 0x0000025A18CD7AF0>> = <pytest_project.page_object.store.store_page.StorePage object at 0x0000025A18CD7AF0>.return_card_pay_error_texts\nE        +      where <pytest_project.page_object.store.store_page.StorePage object at 0x0000025A18CD7AF0> = <pytest_project.TestCase.store_test_case.test_store.TestBody object at 0x0000025A1824B640>.driver\n\nTestCase\\store_test_case\\test_store.py:330: AssertionError",
    "steps" : [ {
      "name" : "进入购买video第三步页面",
      "time" : {
        "start" : 1637045777520,
        "stop" : 1637045791889,
        "duration" : 14369
      },
      "status" : "passed",
      "steps" : [ {
        "name" : "进入购买video第二步页面",
        "time" : {
          "start" : 1637045777520,
          "stop" : 1637045790743,
          "duration" : 13223
        },
        "status" : "passed",
        "steps" : [ {
          "name" : "进入购买video第一步页面",
          "time" : {
            "start" : 1637045777520,
            "stop" : 1637045789555,
            "duration" : 12035
          },
          "status" : "passed",
          "steps" : [ {
            "name" : "切换到video购买页面",
            "time" : {
              "start" : 1637045778580,
              "stop" : 1637045788541,
              "duration" : 9961
            },
            "status" : "passed",
            "steps" : [ ],
            "attachments" : [ ],
            "parameters" : [ ],
            "stepsCount" : 0,
            "hasContent" : false,
            "attachmentsCount" : 0,
            "shouldDisplayMessage" : false
          } ],
          "attachments" : [ ],
          "parameters" : [ ],
          "stepsCount" : 1,
          "hasContent" : true,
          "attachmentsCount" : 0,
          "shouldDisplayMessage" : false
        }, {
          "name" : "输入邮箱",
          "time" : {
            "start" : 1637045789555,
            "stop" : 1637045789647,
            "duration" : 92
          },
          "status" : "passed",
          "steps" : [ ],
          "attachments" : [ ],
          "parameters" : [ {
            "name" : "text",
            "value" : "'123@123.com'"
          } ],
          "stepsCount" : 0,
          "hasContent" : true,
          "attachmentsCount" : 0,
          "shouldDisplayMessage" : false
        }, {
          "name" : "点击确认邮箱按钮",
          "time" : {
            "start" : 1637045789648,
            "stop" : 1637045790743,
            "duration" : 1095
          },
          "status" : "passed",
          "steps" : [ ],
          "attachments" : [ ],
          "parameters" : [ ],
          "stepsCount" : 0,
          "hasContent" : false,
          "attachmentsCount" : 0,
          "shouldDisplayMessage" : false
        } ],
        "attachments" : [ ],
        "parameters" : [ ],
        "stepsCount" : 4,
        "hasContent" : true,
        "attachmentsCount" : 0,
        "shouldDisplayMessage" : false
      }, {
        "name" : "点击地区下拉框",
        "time" : {
          "start" : 1637045790743,
          "stop" : 1637045790800,
          "duration" : 57
        },
        "status" : "passed",
        "steps" : [ ],
        "attachments" : [ ],
        "parameters" : [ {
          "name" : "language",
          "value" : "'CN'"
        } ],
        "stepsCount" : 0,
        "hasContent" : true,
        "attachmentsCount" : 0,
        "shouldDisplayMessage" : false
      }, {
        "name" : "点击确认地区",
        "time" : {
          "start" : 1637045790800,
          "stop" : 1637045791889,
          "duration" : 1089
        },
        "status" : "passed",
        "steps" : [ ],
        "attachments" : [ ],
        "parameters" : [ ],
        "stepsCount" : 0,
        "hasContent" : false,
        "attachmentsCount" : 0,
        "shouldDisplayMessage" : false
      } ],
      "attachments" : [ ],
      "parameters" : [ ],
      "stepsCount" : 7,
      "hasContent" : true,
      "attachmentsCount" : 0,
      "shouldDisplayMessage" : false
    }, {
      "name" : "选择卡片支付",
      "time" : {
        "start" : 1637045791889,
        "stop" : 1637045794961,
        "duration" : 3072
      },
      "status" : "passed",
      "steps" : [ ],
      "attachments" : [ ],
      "parameters" : [ ],
      "stepsCount" : 0,
      "hasContent" : false,
      "attachmentsCount" : 0,
      "shouldDisplayMessage" : false
    }, {
      "name" : "输入卡号",
      "time" : {
        "start" : 1637045794961,
        "stop" : 1637045795013,
        "duration" : 52
      },
      "status" : "passed",
      "steps" : [ ],
      "attachments" : [ ],
      "parameters" : [ {
        "name" : "number",
        "value" : "''"
      } ],
      "stepsCount" : 0,
      "hasContent" : true,
      "attachmentsCount" : 0,
      "shouldDisplayMessage" : false
    }, {
      "name" : "输入持卡人",
      "time" : {
        "start" : 1637045795013,
        "stop" : 1637045795065,
        "duration" : 52
      },
      "status" : "passed",
      "steps" : [ ],
      "attachments" : [ ],
      "parameters" : [ {
        "name" : "name",
        "value" : "''"
      } ],
      "stepsCount" : 0,
      "hasContent" : true,
      "attachmentsCount" : 0,
      "shouldDisplayMessage" : false
    }, {
      "name" : "输入截至月",
      "time" : {
        "start" : 1637045795065,
        "stop" : 1637045795119,
        "duration" : 54
      },
      "status" : "passed",
      "steps" : [ ],
      "attachments" : [ ],
      "parameters" : [ {
        "name" : "month",
        "value" : "''"
      } ],
      "stepsCount" : 0,
      "hasContent" : true,
      "attachmentsCount" : 0,
      "shouldDisplayMessage" : false
    }, {
      "name" : "输入截至年",
      "time" : {
        "start" : 1637045795120,
        "stop" : 1637045795193,
        "duration" : 73
      },
      "status" : "passed",
      "steps" : [ ],
      "attachments" : [ ],
      "parameters" : [ {
        "name" : "year",
        "value" : "''"
      } ],
      "stepsCount" : 0,
      "hasContent" : true,
      "attachmentsCount" : 0,
      "shouldDisplayMessage" : false
    }, {
      "name" : "输入安全码",
      "time" : {
        "start" : 1637045795194,
        "stop" : 1637045795248,
        "duration" : 54
      },
      "status" : "passed",
      "steps" : [ ],
      "attachments" : [ ],
      "parameters" : [ {
        "name" : "pwd",
        "value" : "''"
      } ],
      "stepsCount" : 0,
      "hasContent" : true,
      "attachmentsCount" : 0,
      "shouldDisplayMessage" : false
    }, {
      "name" : "提交输入卡信息",
      "time" : {
        "start" : 1637045795248,
        "stop" : 1637045797335,
        "duration" : 2087
      },
      "status" : "passed",
      "steps" : [ ],
      "attachments" : [ ],
      "parameters" : [ ],
      "stepsCount" : 0,
      "hasContent" : false,
      "attachmentsCount" : 0,
      "shouldDisplayMessage" : false
    }, {
      "name" : "判断卡支付错误信息",
      "time" : {
        "start" : 1637045797335,
        "stop" : 1637045797387,
        "duration" : 52
      },
      "status" : "passed",
      "steps" : [ ],
      "attachments" : [ ],
      "parameters" : [ ],
      "stepsCount" : 0,
      "hasContent" : false,
      "attachmentsCount" : 0,
      "shouldDisplayMessage" : false
    }, {
      "name" : "添加失败截图...",
      "time" : {
        "start" : 1637045797583,
        "stop" : 1637045797766,
        "duration" : 183
      },
      "status" : "passed",
      "steps" : [ ],
      "attachments" : [ {
        "uid" : "a886477a3b493a05",
        "name" : "失败截图",
        "source" : "a886477a3b493a05.png",
        "type" : "image/png",
        "size" : 309814
      } ],
      "parameters" : [ ],
      "stepsCount" : 0,
      "hasContent" : true,
      "attachmentsCount" : 1,
      "shouldDisplayMessage" : false
    } ],
    "attachments" : [ {
      "uid" : "db5b7a95d36700cf",
      "name" : "log",
      "source" : "db5b7a95d36700cf.txt",
      "type" : "text/plain",
      "size" : 3255
    }, {
      "uid" : "956279b1b6bdec61",
      "name" : "stderr",
      "source" : "956279b1b6bdec61.txt",
      "type" : "text/plain",
      "size" : 3512
    } ],
    "parameters" : [ ],
    "stepsCount" : 17,
    "hasContent" : true,
    "attachmentsCount" : 3,
    "shouldDisplayMessage" : true
  },
  "afterStages" : [ {
    "name" : "drivers::0",
    "time" : {
      "start" : 1637045965186,
      "stop" : 1637045967292,
      "duration" : 2106
    },
    "status" : "passed",
    "steps" : [ ],
    "attachments" : [ ],
    "parameters" : [ ],
    "stepsCount" : 0,
    "hasContent" : false,
    "attachmentsCount" : 0,
    "shouldDisplayMessage" : false
  } ],
  "labels" : [ {
    "name" : "tag",
    "value" : "填写支付卡信息"
  }, {
    "name" : "severity",
    "value" : "blocker"
  }, {
    "name" : "story",
    "value" : "Store主页内容测试"
  }, {
    "name" : "feature",
    "value" : "Store页面测试"
  }, {
    "name" : "parentSuite",
    "value" : "TestCase.store_test_case"
  }, {
    "name" : "suite",
    "value" : "test_store"
  }, {
    "name" : "subSuite",
    "value" : "TestBody"
  }, {
    "name" : "host",
    "value" : "DESKTOP-9RE2F6C"
  }, {
    "name" : "thread",
    "value" : "12596-MainThread"
  }, {
    "name" : "framework",
    "value" : "pytest"
  }, {
    "name" : "language",
    "value" : "cpython3"
  }, {
    "name" : "package",
    "value" : "TestCase.store_test_case.test_store"
  }, {
    "name" : "resultFormat",
    "value" : "allure2"
  } ],
  "parameters" : [ {
    "name" : "error_text",
    "value" : "'您输入的信用卡无效。'"
  }, {
    "name" : "month",
    "value" : "''"
  }, {
    "name" : "name",
    "value" : "''"
  }, {
    "name" : "number",
    "value" : "''"
  }, {
    "name" : "pwd",
    "value" : "''"
  }, {
    "name" : "year",
    "value" : "''"
  } ],
  "links" : [ ],
  "hidden" : false,
  "retry" : false,
  "extra" : {
    "severity" : "blocker",
    "retries" : [ {
      "uid" : "200b2b7a3227b38a",
      "status" : "failed",
      "statusDetails" : "AssertionError: assert '您输入的信用卡无效。' in ['The name you entered is not valid.', 'The credit card you entered is not valid.', 'The expiry month you entered is not valid.', 'The expiry year you entered is not valid.', 'The CVV you entered is not valid.']\n +  where ['The name you entered is not valid.', 'The credit card you entered is not valid.', 'The expiry month you entered is not valid.', 'The expiry year you entered is not valid.', 'The CVV you entered is not valid.'] = <bound method StorePage.return_card_pay_error_texts of <pytest_project.page_object.store.store_page.StorePage object at 0x0000025A18CD7820>>()\n +    where <bound method StorePage.return_card_pay_error_texts of <pytest_project.page_object.store.store_page.StorePage object at 0x0000025A18CD7820>> = <pytest_project.page_object.store.store_page.StorePage object at 0x0000025A18CD7820>.return_card_pay_error_texts\n +      where <pytest_project.page_object.store.store_page.StorePage object at 0x0000025A18CD7820> = <pytest_project.TestCase.store_test_case.test_store.TestBody object at 0x0000025A18CD7BE0>.driver",
      "time" : {
        "start" : 1637045757604,
        "stop" : 1637045771860,
        "duration" : 14256
      }
    } ],
    "categories" : [ {
      "name" : "Product defects",
      "matchedStatuses" : [ ],
      "flaky" : false
    } ],
    "history" : {
      "statistic" : {
        "failed" : 4,
        "broken" : 0,
        "skipped" : 0,
        "passed" : 0,
        "unknown" : 0,
        "total" : 4
      },
      "items" : [ {
        "uid" : "49b1da77c755b7d9",
        "reportUrl" : "http://localhost:8080/jenkins/job/selenium_auto_test_IMyMac/26/allure/#testresult/49b1da77c755b7d9",
        "status" : "failed",
        "statusDetails" : "AssertionError: assert '您输入的信用卡无效。' in ['The name you entered is not valid.', 'The credit card you entered is not valid.', 'The expiry month you entered is not valid.', 'The expiry year you entered is not valid.', 'The CVV you entered is not valid.']\n +  where ['The name you entered is not valid.', 'The credit card you entered is not valid.', 'The expiry month you entered is not valid.', 'The expiry year you entered is not valid.', 'The CVV you entered is not valid.'] = <bound method StorePage.return_card_pay_error_texts of <pytest_project.page_object.store.store_page.StorePage object at 0x000002423D6CCB20>>()\n +    where <bound method StorePage.return_card_pay_error_texts of <pytest_project.page_object.store.store_page.StorePage object at 0x000002423D6CCB20>> = <pytest_project.page_object.store.store_page.StorePage object at 0x000002423D6CCB20>.return_card_pay_error_texts\n +      where <pytest_project.page_object.store.store_page.StorePage object at 0x000002423D6CCB20> = <pytest_project.TestCase.store_test_case.test_store.TestBody object at 0x000002423D6CCC70>.driver",
        "time" : {
          "start" : 1637044063596,
          "stop" : 1637044077773,
          "duration" : 14177
        }
      }, {
        "uid" : "b69fa6e53916e4b6",
        "reportUrl" : "http://localhost:8080/jenkins/job/selenium_auto_test_IMyMac/23/allure/#testresult/b69fa6e53916e4b6",
        "status" : "failed",
        "statusDetails" : "AssertionError: assert '您输入的信用卡无效。' in ['The name you entered is not valid.', 'The credit card you entered is not valid.', 'The expiry month you entered is not valid.', 'The expiry year you entered is not valid.', 'The CVV you entered is not valid.']\n +  where ['The name you entered is not valid.', 'The credit card you entered is not valid.', 'The expiry month you entered is not valid.', 'The expiry year you entered is not valid.', 'The CVV you entered is not valid.'] = <bound method StorePage.return_card_pay_error_texts of <pytest_project.page_object.store.store_page.StorePage object at 0x000001B1D9517EB0>>()\n +    where <bound method StorePage.return_card_pay_error_texts of <pytest_project.page_object.store.store_page.StorePage object at 0x000001B1D9517EB0>> = <pytest_project.page_object.store.store_page.StorePage object at 0x000001B1D9517EB0>.return_card_pay_error_texts\n +      where <pytest_project.page_object.store.store_page.StorePage object at 0x000001B1D9517EB0> = <pytest_project.TestCase.store_test_case.test_store.TestBody object at 0x000001B1D9517100>.driver",
        "time" : {
          "start" : 1636968117153,
          "stop" : 1636968132761,
          "duration" : 15608
        }
      }, {
        "uid" : "c1076b6df1632afa",
        "reportUrl" : "http://localhost:8080/jenkins/job/selenium_auto_test_IMyMac/22/allure/#testresult/c1076b6df1632afa",
        "status" : "failed",
        "statusDetails" : "AssertionError: assert '您输入的信用卡无效。' in ['The name you entered is not valid.', 'The credit card you entered is not valid.', 'The expiry month you entered is not valid.', 'The expiry year you entered is not valid.', 'The CVV you entered is not valid.']\n +  where ['The name you entered is not valid.', 'The credit card you entered is not valid.', 'The expiry month you entered is not valid.', 'The expiry year you entered is not valid.', 'The CVV you entered is not valid.'] = <bound method StorePage.return_card_pay_error_texts of <pytest_project.page_object.store.store_page.StorePage object at 0x000001D4F2B046A0>>()\n +    where <bound method StorePage.return_card_pay_error_texts of <pytest_project.page_object.store.store_page.StorePage object at 0x000001D4F2B046A0>> = <pytest_project.page_object.store.store_page.StorePage object at 0x000001D4F2B046A0>.return_card_pay_error_texts\n +      where <pytest_project.page_object.store.store_page.StorePage object at 0x000001D4F2B046A0> = <pytest_project.TestCase.store_test_case.test_store.TestBody object at 0x000001D4F2BE8E20>.driver",
        "time" : {
          "start" : 1636941202359,
          "stop" : 1636941216833,
          "duration" : 14474
        }
      } ]
    },
    "tags" : [ "填写支付卡信息" ]
  },
  "source" : "63e7a703b6a4934a.json",
  "parameterValues" : [ "'您输入的信用卡无效。'", "''", "''", "''", "''", "''" ]
}