{
  "uid" : "67095ab6bfe4bd2b",
  "name" : "video购买页面添加支付卡信息错误测试",
  "fullName" : "TestCase.store_test_case.test_store.TestBody#test_033",
  "historyId" : "151265dbe5721a9920287310c7fcda57",
  "time" : {
    "start" : 1637045615003,
    "stop" : 1637045627712,
    "duration" : 12709
  },
  "description" : "video购买页面添加支付卡信息错误功能测试",
  "descriptionHtml" : "<p>video购买页面添加支付卡信息错误功能测试</p>\n",
  "status" : "failed",
  "statusMessage" : "AssertionError: assert '您输入的名称无效。' in ['The name you entered is not valid.', 'The credit card you entered is not valid.', 'The expiry month you entered is not valid.', 'The expiry year you entered is not valid.', 'The CVV you entered is not valid.']\n +  where ['The name you entered is not valid.', 'The credit card you entered is not valid.', 'The expiry month you entered is not valid.', 'The expiry year you entered is not valid.', 'The CVV you entered is not valid.'] = <bound method StorePage.return_card_pay_error_texts of <pytest_project.page_object.store.store_page.StorePage object at 0x000001BF39186790>>()\n +    where <bound method StorePage.return_card_pay_error_texts of <pytest_project.page_object.store.store_page.StorePage object at 0x000001BF39186790>> = <pytest_project.page_object.store.store_page.StorePage object at 0x000001BF39186790>.return_card_pay_error_texts\n +      where <pytest_project.page_object.store.store_page.StorePage object at 0x000001BF39186790> = <pytest_project.TestCase.store_test_case.test_store.TestBody object at 0x000001BF39135A90>.driver",
  "statusTrace" : "self = <pytest_project.TestCase.store_test_case.test_store.TestBody object at 0x000001BF39135A90>\nnumber = '', name = '', month = '', year = '', pwd = ''\nerror_text = '您输入的名称无效。'\n\n    @pytest.mark.parametrize('number,name,month,year,pwd,error_text', getExcelAllData('卡片支付', 'Store/store.xlsx'))\n    @allure.title('video购买页面添加支付卡信息错误测试')\n    def test_033(self, number, name, month, year, pwd, error_text):\n        \"\"\"video购买页面添加支付卡信息错误功能测试\"\"\"\n        allure.dynamic.tag('填写支付卡信息')\n        self.driver.video_buy_three_step()\n        self.driver.card_to_pay()\n        self.driver.send_cardNumber(number)\n        self.driver.send_cardName(name)\n        self.driver.send_cardMonth(month)\n        self.driver.send_cardYear(year)\n        self.driver.send_cardPwd(pwd)\n        self.driver.submit_card()\n>       assert error_text in self.driver.return_card_pay_error_texts()\nE       AssertionError: assert '您输入的名称无效。' in ['The name you entered is not valid.', 'The credit card you entered is not valid.', 'The expiry month you entered is not valid.', 'The expiry year you entered is not valid.', 'The CVV you entered is not valid.']\nE        +  where ['The name you entered is not valid.', 'The credit card you entered is not valid.', 'The expiry month you entered is not valid.', 'The expiry year you entered is not valid.', 'The CVV you entered is not valid.'] = <bound method StorePage.return_card_pay_error_texts of <pytest_project.page_object.store.store_page.StorePage object at 0x000001BF39186790>>()\nE        +    where <bound method StorePage.return_card_pay_error_texts of <pytest_project.page_object.store.store_page.StorePage object at 0x000001BF39186790>> = <pytest_project.page_object.store.store_page.StorePage object at 0x000001BF39186790>.return_card_pay_error_texts\nE        +      where <pytest_project.page_object.store.store_page.StorePage object at 0x000001BF39186790> = <pytest_project.TestCase.store_test_case.test_store.TestBody object at 0x000001BF39135A90>.driver\n\nTestCase\\store_test_case\\test_store.py:330: AssertionError",
  "flaky" : false,
  "newFailed" : false,
  "beforeStages" : [ {
    "name" : "_verify_url",
    "time" : {
      "start" : 1637045081634,
      "stop" : 1637045081634,
      "duration" : 0
    },
    "status" : "passed",
    "steps" : [ ],
    "attachments" : [ ],
    "parameters" : [ ],
    "stepsCount" : 0,
    "hasContent" : false,
    "attachmentsCount" : 0,
    "shouldDisplayMessage" : false
  }, {
    "name" : "drivers",
    "time" : {
      "start" : 1637045081634,
      "stop" : 1637045084182,
      "duration" : 2548
    },
    "status" : "passed",
    "steps" : [ ],
    "attachments" : [ ],
    "parameters" : [ ],
    "stepsCount" : 0,
    "hasContent" : false,
    "attachmentsCount" : 0,
    "shouldDisplayMessage" : false
  }, {
    "name" : "base_url",
    "time" : {
      "start" : 1637045081634,
      "stop" : 1637045081634,
      "duration" : 0
    },
    "status" : "passed",
    "steps" : [ ],
    "attachments" : [ ],
    "parameters" : [ ],
    "stepsCount" : 0,
    "hasContent" : false,
    "attachmentsCount" : 0,
    "shouldDisplayMessage" : false
  }, {
    "name" : "sensitive_url",
    "time" : {
      "start" : 1637045084182,
      "stop" : 1637045084182,
      "duration" : 0
    },
    "status" : "passed",
    "steps" : [ ],
    "attachments" : [ ],
    "parameters" : [ ],
    "stepsCount" : 0,
    "hasContent" : false,
    "attachmentsCount" : 0,
    "shouldDisplayMessage" : false
  }, {
    "name" : "open_url",
    "time" : {
      "start" : 1637045614049,
      "stop" : 1637045615002,
      "duration" : 953
    },
    "status" : "passed",
    "steps" : [ ],
    "attachments" : [ ],
    "parameters" : [ ],
    "stepsCount" : 0,
    "hasContent" : false,
    "attachmentsCount" : 0,
    "shouldDisplayMessage" : false
  }, {
    "name" : "_skip_sensitive",
    "time" : {
      "start" : 1637045614049,
      "stop" : 1637045614049,
      "duration" : 0
    },
    "status" : "passed",
    "steps" : [ ],
    "attachments" : [ ],
    "parameters" : [ ],
    "stepsCount" : 0,
    "hasContent" : false,
    "attachmentsCount" : 0,
    "shouldDisplayMessage" : false
  } ],
  "testStage" : {
    "description" : "video购买页面添加支付卡信息错误功能测试",
    "status" : "failed",
    "statusMessage" : "AssertionError: assert '您输入的名称无效。' in ['The name you entered is not valid.', 'The credit card you entered is not valid.', 'The expiry month you entered is not valid.', 'The expiry year you entered is not valid.', 'The CVV you entered is not valid.']\n +  where ['The name you entered is not valid.', 'The credit card you entered is not valid.', 'The expiry month you entered is not valid.', 'The expiry year you entered is not valid.', 'The CVV you entered is not valid.'] = <bound method StorePage.return_card_pay_error_texts of <pytest_project.page_object.store.store_page.StorePage object at 0x000001BF39186790>>()\n +    where <bound method StorePage.return_card_pay_error_texts of <pytest_project.page_object.store.store_page.StorePage object at 0x000001BF39186790>> = <pytest_project.page_object.store.store_page.StorePage object at 0x000001BF39186790>.return_card_pay_error_texts\n +      where <pytest_project.page_object.store.store_page.StorePage object at 0x000001BF39186790> = <pytest_project.TestCase.store_test_case.test_store.TestBody object at 0x000001BF39135A90>.driver",
    "statusTrace" : "self = <pytest_project.TestCase.store_test_case.test_store.TestBody object at 0x000001BF39135A90>\nnumber = '', name = '', month = '', year = '', pwd = ''\nerror_text = '您输入的名称无效。'\n\n    @pytest.mark.parametrize('number,name,month,year,pwd,error_text', getExcelAllData('卡片支付', 'Store/store.xlsx'))\n    @allure.title('video购买页面添加支付卡信息错误测试')\n    def test_033(self, number, name, month, year, pwd, error_text):\n        \"\"\"video购买页面添加支付卡信息错误功能测试\"\"\"\n        allure.dynamic.tag('填写支付卡信息')\n        self.driver.video_buy_three_step()\n        self.driver.card_to_pay()\n        self.driver.send_cardNumber(number)\n        self.driver.send_cardName(name)\n        self.driver.send_cardMonth(month)\n        self.driver.send_cardYear(year)\n        self.driver.send_cardPwd(pwd)\n        self.driver.submit_card()\n>       assert error_text in self.driver.return_card_pay_error_texts()\nE       AssertionError: assert '您输入的名称无效。' in ['The name you entered is not valid.', 'The credit card you entered is not valid.', 'The expiry month you entered is not valid.', 'The expiry year you entered is not valid.', 'The CVV you entered is not valid.']\nE        +  where ['The name you entered is not valid.', 'The credit card you entered is not valid.', 'The expiry month you entered is not valid.', 'The expiry year you entered is not valid.', 'The CVV you entered is not valid.'] = <bound method StorePage.return_card_pay_error_texts of <pytest_project.page_object.store.store_page.StorePage object at 0x000001BF39186790>>()\nE        +    where <bound method StorePage.return_card_pay_error_texts of <pytest_project.page_object.store.store_page.StorePage object at 0x000001BF39186790>> = <pytest_project.page_object.store.store_page.StorePage object at 0x000001BF39186790>.return_card_pay_error_texts\nE        +      where <pytest_project.page_object.store.store_page.StorePage object at 0x000001BF39186790> = <pytest_project.TestCase.store_test_case.test_store.TestBody object at 0x000001BF39135A90>.driver\n\nTestCase\\store_test_case\\test_store.py:330: AssertionError",
    "steps" : [ {
      "name" : "进入购买video第三步页面",
      "time" : {
        "start" : 1637045615003,
        "stop" : 1637045621779,
        "duration" : 6776
      },
      "status" : "passed",
      "steps" : [ {
        "name" : "进入购买video第二步页面",
        "time" : {
          "start" : 1637045615003,
          "stop" : 1637045620385,
          "duration" : 5382
        },
        "status" : "passed",
        "steps" : [ {
          "name" : "进入购买video第一步页面",
          "time" : {
            "start" : 1637045615003,
            "stop" : 1637045619207,
            "duration" : 4204
          },
          "status" : "passed",
          "steps" : [ {
            "name" : "切换到video购买页面",
            "time" : {
              "start" : 1637045616049,
              "stop" : 1637045618190,
              "duration" : 2141
            },
            "status" : "passed",
            "steps" : [ ],
            "attachments" : [ ],
            "parameters" : [ ],
            "stepsCount" : 0,
            "hasContent" : false,
            "attachmentsCount" : 0,
            "shouldDisplayMessage" : false
          } ],
          "attachments" : [ ],
          "parameters" : [ ],
          "stepsCount" : 1,
          "hasContent" : true,
          "attachmentsCount" : 0,
          "shouldDisplayMessage" : false
        }, {
          "name" : "输入邮箱",
          "time" : {
            "start" : 1637045619208,
            "stop" : 1637045619300,
            "duration" : 92
          },
          "status" : "passed",
          "steps" : [ ],
          "attachments" : [ ],
          "parameters" : [ {
            "name" : "text",
            "value" : "'123@123.com'"
          } ],
          "stepsCount" : 0,
          "hasContent" : true,
          "attachmentsCount" : 0,
          "shouldDisplayMessage" : false
        }, {
          "name" : "点击确认邮箱按钮",
          "time" : {
            "start" : 1637045619301,
            "stop" : 1637045620385,
            "duration" : 1084
          },
          "status" : "passed",
          "steps" : [ ],
          "attachments" : [ ],
          "parameters" : [ ],
          "stepsCount" : 0,
          "hasContent" : false,
          "attachmentsCount" : 0,
          "shouldDisplayMessage" : false
        } ],
        "attachments" : [ ],
        "parameters" : [ ],
        "stepsCount" : 4,
        "hasContent" : true,
        "attachmentsCount" : 0,
        "shouldDisplayMessage" : false
      }, {
        "name" : "点击地区下拉框",
        "time" : {
          "start" : 1637045620385,
          "stop" : 1637045620693,
          "duration" : 308
        },
        "status" : "passed",
        "steps" : [ ],
        "attachments" : [ ],
        "parameters" : [ {
          "name" : "language",
          "value" : "'CN'"
        } ],
        "stepsCount" : 0,
        "hasContent" : true,
        "attachmentsCount" : 0,
        "shouldDisplayMessage" : false
      }, {
        "name" : "点击确认地区",
        "time" : {
          "start" : 1637045620693,
          "stop" : 1637045621779,
          "duration" : 1086
        },
        "status" : "passed",
        "steps" : [ ],
        "attachments" : [ ],
        "parameters" : [ ],
        "stepsCount" : 0,
        "hasContent" : false,
        "attachmentsCount" : 0,
        "shouldDisplayMessage" : false
      } ],
      "attachments" : [ ],
      "parameters" : [ ],
      "stepsCount" : 7,
      "hasContent" : true,
      "attachmentsCount" : 0,
      "shouldDisplayMessage" : false
    }, {
      "name" : "选择卡片支付",
      "time" : {
        "start" : 1637045621779,
        "stop" : 1637045625283,
        "duration" : 3504
      },
      "status" : "passed",
      "steps" : [ ],
      "attachments" : [ ],
      "parameters" : [ ],
      "stepsCount" : 0,
      "hasContent" : false,
      "attachmentsCount" : 0,
      "shouldDisplayMessage" : false
    }, {
      "name" : "输入卡号",
      "time" : {
        "start" : 1637045625283,
        "stop" : 1637045625340,
        "duration" : 57
      },
      "status" : "passed",
      "steps" : [ ],
      "attachments" : [ ],
      "parameters" : [ {
        "name" : "number",
        "value" : "''"
      } ],
      "stepsCount" : 0,
      "hasContent" : true,
      "attachmentsCount" : 0,
      "shouldDisplayMessage" : false
    }, {
      "name" : "输入持卡人",
      "time" : {
        "start" : 1637045625340,
        "stop" : 1637045625395,
        "duration" : 55
      },
      "status" : "passed",
      "steps" : [ ],
      "attachments" : [ ],
      "parameters" : [ {
        "name" : "name",
        "value" : "''"
      } ],
      "stepsCount" : 0,
      "hasContent" : true,
      "attachmentsCount" : 0,
      "shouldDisplayMessage" : false
    }, {
      "name" : "输入截至月",
      "time" : {
        "start" : 1637045625396,
        "stop" : 1637045625449,
        "duration" : 53
      },
      "status" : "passed",
      "steps" : [ ],
      "attachments" : [ ],
      "parameters" : [ {
        "name" : "month",
        "value" : "''"
      } ],
      "stepsCount" : 0,
      "hasContent" : true,
      "attachmentsCount" : 0,
      "shouldDisplayMessage" : false
    }, {
      "name" : "输入截至年",
      "time" : {
        "start" : 1637045625449,
        "stop" : 1637045625502,
        "duration" : 53
      },
      "status" : "passed",
      "steps" : [ ],
      "attachments" : [ ],
      "parameters" : [ {
        "name" : "year",
        "value" : "''"
      } ],
      "stepsCount" : 0,
      "hasContent" : true,
      "attachmentsCount" : 0,
      "shouldDisplayMessage" : false
    }, {
      "name" : "输入安全码",
      "time" : {
        "start" : 1637045625502,
        "stop" : 1637045625559,
        "duration" : 57
      },
      "status" : "passed",
      "steps" : [ ],
      "attachments" : [ ],
      "parameters" : [ {
        "name" : "pwd",
        "value" : "''"
      } ],
      "stepsCount" : 0,
      "hasContent" : true,
      "attachmentsCount" : 0,
      "shouldDisplayMessage" : false
    }, {
      "name" : "提交输入卡信息",
      "time" : {
        "start" : 1637045625559,
        "stop" : 1637045627659,
        "duration" : 2100
      },
      "status" : "passed",
      "steps" : [ ],
      "attachments" : [ ],
      "parameters" : [ ],
      "stepsCount" : 0,
      "hasContent" : false,
      "attachmentsCount" : 0,
      "shouldDisplayMessage" : false
    }, {
      "name" : "判断卡支付错误信息",
      "time" : {
        "start" : 1637045627659,
        "stop" : 1637045627712,
        "duration" : 53
      },
      "status" : "passed",
      "steps" : [ ],
      "attachments" : [ ],
      "parameters" : [ ],
      "stepsCount" : 0,
      "hasContent" : false,
      "attachmentsCount" : 0,
      "shouldDisplayMessage" : false
    }, {
      "name" : "添加失败截图...",
      "time" : {
        "start" : 1637045627890,
        "stop" : 1637045628068,
        "duration" : 178
      },
      "status" : "passed",
      "steps" : [ ],
      "attachments" : [ {
        "uid" : "e6af1d469dddb10e",
        "name" : "失败截图",
        "source" : "e6af1d469dddb10e.png",
        "type" : "image/png",
        "size" : 309814
      } ],
      "parameters" : [ ],
      "stepsCount" : 0,
      "hasContent" : true,
      "attachmentsCount" : 1,
      "shouldDisplayMessage" : false
    } ],
    "attachments" : [ {
      "uid" : "10421d83ea19f855",
      "name" : "log",
      "source" : "10421d83ea19f855.txt",
      "type" : "text/plain",
      "size" : 3255
    }, {
      "uid" : "f82d35aea88f24e6",
      "name" : "stderr",
      "source" : "f82d35aea88f24e6.txt",
      "type" : "text/plain",
      "size" : 3512
    } ],
    "parameters" : [ ],
    "stepsCount" : 17,
    "hasContent" : true,
    "attachmentsCount" : 3,
    "shouldDisplayMessage" : true
  },
  "afterStages" : [ {
    "name" : "drivers::0",
    "time" : {
      "start" : 1637045939023,
      "stop" : 1637045941136,
      "duration" : 2113
    },
    "status" : "passed",
    "steps" : [ ],
    "attachments" : [ ],
    "parameters" : [ ],
    "stepsCount" : 0,
    "hasContent" : false,
    "attachmentsCount" : 0,
    "shouldDisplayMessage" : false
  } ],
  "labels" : [ {
    "name" : "tag",
    "value" : "填写支付卡信息"
  }, {
    "name" : "feature",
    "value" : "Store页面测试"
  }, {
    "name" : "severity",
    "value" : "blocker"
  }, {
    "name" : "story",
    "value" : "Store主页内容测试"
  }, {
    "name" : "parentSuite",
    "value" : "TestCase.store_test_case"
  }, {
    "name" : "suite",
    "value" : "test_store"
  }, {
    "name" : "subSuite",
    "value" : "TestBody"
  }, {
    "name" : "host",
    "value" : "DESKTOP-9RE2F6C"
  }, {
    "name" : "thread",
    "value" : "7620-MainThread"
  }, {
    "name" : "framework",
    "value" : "pytest"
  }, {
    "name" : "language",
    "value" : "cpython3"
  }, {
    "name" : "package",
    "value" : "TestCase.store_test_case.test_store"
  }, {
    "name" : "resultFormat",
    "value" : "allure2"
  } ],
  "parameters" : [ {
    "name" : "error_text",
    "value" : "'您输入的名称无效。'"
  }, {
    "name" : "month",
    "value" : "''"
  }, {
    "name" : "name",
    "value" : "''"
  }, {
    "name" : "number",
    "value" : "''"
  }, {
    "name" : "pwd",
    "value" : "''"
  }, {
    "name" : "year",
    "value" : "''"
  } ],
  "links" : [ ],
  "hidden" : false,
  "retry" : false,
  "extra" : {
    "severity" : "blocker",
    "retries" : [ {
      "uid" : "820c4dc2c309c159",
      "status" : "failed",
      "statusDetails" : "AssertionError: assert '您输入的名称无效。' in ['The name you entered is not valid.', 'The credit card you entered is not valid.', 'The expiry month you entered is not valid.', 'The expiry year you entered is not valid.', 'The CVV you entered is not valid.']\n +  where ['The name you entered is not valid.', 'The credit card you entered is not valid.', 'The expiry month you entered is not valid.', 'The expiry year you entered is not valid.', 'The CVV you entered is not valid.'] = <bound method StorePage.return_card_pay_error_texts of <pytest_project.page_object.store.store_page.StorePage object at 0x000001BF39194160>>()\n +    where <bound method StorePage.return_card_pay_error_texts of <pytest_project.page_object.store.store_page.StorePage object at 0x000001BF39194160>> = <pytest_project.page_object.store.store_page.StorePage object at 0x000001BF39194160>.return_card_pay_error_texts\n +      where <pytest_project.page_object.store.store_page.StorePage object at 0x000001BF39194160> = <pytest_project.TestCase.store_test_case.test_store.TestBody object at 0x000001BF39194340>.driver",
      "time" : {
        "start" : 1637045596319,
        "stop" : 1637045608168,
        "duration" : 11849
      }
    } ],
    "categories" : [ {
      "name" : "Product defects",
      "matchedStatuses" : [ ],
      "flaky" : false
    } ],
    "history" : {
      "statistic" : {
        "failed" : 4,
        "broken" : 0,
        "skipped" : 0,
        "passed" : 0,
        "unknown" : 0,
        "total" : 4
      },
      "items" : [ {
        "uid" : "cbbe741b02befb50",
        "reportUrl" : "http://localhost:8080/jenkins/job/selenium_auto_test_IMyMac/26/allure/#testresult/cbbe741b02befb50",
        "status" : "failed",
        "statusDetails" : "AssertionError: assert '您输入的名称无效。' in ['The name you entered is not valid.', 'The credit card you entered is not valid.', 'The expiry month you entered is not valid.', 'The expiry year you entered is not valid.', 'The CVV you entered is not valid.']\n +  where ['The name you entered is not valid.', 'The credit card you entered is not valid.', 'The expiry month you entered is not valid.', 'The expiry year you entered is not valid.', 'The CVV you entered is not valid.'] = <bound method StorePage.return_card_pay_error_texts of <pytest_project.page_object.store.store_page.StorePage object at 0x000001DA47040D90>>()\n +    where <bound method StorePage.return_card_pay_error_texts of <pytest_project.page_object.store.store_page.StorePage object at 0x000001DA47040D90>> = <pytest_project.page_object.store.store_page.StorePage object at 0x000001DA47040D90>.return_card_pay_error_texts\n +      where <pytest_project.page_object.store.store_page.StorePage object at 0x000001DA47040D90> = <pytest_project.TestCase.store_test_case.test_store.TestBody object at 0x000001DA47040AF0>.driver",
        "time" : {
          "start" : 1637044010947,
          "stop" : 1637044024256,
          "duration" : 13309
        }
      }, {
        "uid" : "2edf79d11d9857b6",
        "reportUrl" : "http://localhost:8080/jenkins/job/selenium_auto_test_IMyMac/23/allure/#testresult/2edf79d11d9857b6",
        "status" : "failed",
        "statusDetails" : "AssertionError: assert '您输入的名称无效。' in ['The name you entered is not valid.', 'The credit card you entered is not valid.', 'The expiry month you entered is not valid.', 'The expiry year you entered is not valid.', 'The CVV you entered is not valid.']\n +  where ['The name you entered is not valid.', 'The credit card you entered is not valid.', 'The expiry month you entered is not valid.', 'The expiry year you entered is not valid.', 'The CVV you entered is not valid.'] = <bound method StorePage.return_card_pay_error_texts of <pytest_project.page_object.store.store_page.StorePage object at 0x000001AC3EAA9520>>()\n +    where <bound method StorePage.return_card_pay_error_texts of <pytest_project.page_object.store.store_page.StorePage object at 0x000001AC3EAA9520>> = <pytest_project.page_object.store.store_page.StorePage object at 0x000001AC3EAA9520>.return_card_pay_error_texts\n +      where <pytest_project.page_object.store.store_page.StorePage object at 0x000001AC3EAA9520> = <pytest_project.TestCase.store_test_case.test_store.TestBody object at 0x000001AC3EAA9D00>.driver",
        "time" : {
          "start" : 1636968217742,
          "stop" : 1636968247993,
          "duration" : 30251
        }
      }, {
        "uid" : "ea2fd860d6d8e62d",
        "reportUrl" : "http://localhost:8080/jenkins/job/selenium_auto_test_IMyMac/22/allure/#testresult/ea2fd860d6d8e62d",
        "status" : "failed",
        "statusDetails" : "AssertionError: assert '您输入的名称无效。' in ['The name you entered is not valid.', 'The credit card you entered is not valid.', 'The expiry month you entered is not valid.', 'The expiry year you entered is not valid.', 'The CVV you entered is not valid.']\n +  where ['The name you entered is not valid.', 'The credit card you entered is not valid.', 'The expiry month you entered is not valid.', 'The expiry year you entered is not valid.', 'The CVV you entered is not valid.'] = <bound method StorePage.return_card_pay_error_texts of <pytest_project.page_object.store.store_page.StorePage object at 0x000001F558CB4100>>()\n +    where <bound method StorePage.return_card_pay_error_texts of <pytest_project.page_object.store.store_page.StorePage object at 0x000001F558CB4100>> = <pytest_project.page_object.store.store_page.StorePage object at 0x000001F558CB4100>.return_card_pay_error_texts\n +      where <pytest_project.page_object.store.store_page.StorePage object at 0x000001F558CB4100> = <pytest_project.TestCase.store_test_case.test_store.TestBody object at 0x000001F558CB4D30>.driver",
        "time" : {
          "start" : 1636941156284,
          "stop" : 1636941168749,
          "duration" : 12465
        }
      } ]
    },
    "tags" : [ "填写支付卡信息" ]
  },
  "source" : "67095ab6bfe4bd2b.json",
  "parameterValues" : [ "'您输入的名称无效。'", "''", "''", "''", "''", "''" ]
}