{
  "uid" : "703213ddeeac519b",
  "name" : "展开faq测试",
  "fullName" : "TestCase.faq_test_case.test_index.TestBody#test_002",
  "historyId" : "26caccffc071775111047e25805a4274",
  "time" : {
    "start" : 1637047033374,
    "stop" : 1637047045341,
    "duration" : 11967
  },
  "description" : "展开faq功能测试",
  "descriptionHtml" : "<p>展开faq功能测试</p>\n",
  "status" : "broken",
  "statusMessage" : "selenium.common.exceptions.TimeoutException: Message:",
  "statusTrace" : "self = <pytest_project.TestCase.faq_test_case.test_index.TestBody object at 0x00000191A39EDD30>\nfaq_name = 'Mac-Cleaner'\n\n    @allure.title('展开faq测试')\n    @pytest.mark.parametrize('faq_name', get_branch_all_keys().get_branch_all_keys(faq.data, 'FAQS'))\n    def test_002(self, faq_name):\n        \"\"\"展开faq功能测试\"\"\"\n        allure.dynamic.tag('展开{}的faq'.format(faq_name))\n        self.driver.go_to_faq(faq_name)\n>       self.driver.click_unfold_faq()\n\nTestCase\\faq_test_case\\test_index.py:33: \n_ _ _ _ _ _ _ _ _ _ _ _ _ _ _ _ _ _ _ _ _ _ _ _ _ _ _ _ _ _ _ _ _ _ _ _ _ _ _ _\npage_object\\faq\\faqs_page.py:21: in click_unfold_faq\n    self.is_click(faqs['faq-item'])\npage\\basepage.py:89: in is_click\n    self.find_element(loc).click()\npage\\basepage.py:49: in find_element\n    WebPage.element_locator(lambda *args: self.wait.until(EC.presence_of_element_located(args)), loc)\npage\\basepage.py:40: in element_locator\n    return func(cm.LOCATE_MODE[name], value)\npage\\basepage.py:49: in <lambda>\n    WebPage.element_locator(lambda *args: self.wait.until(EC.presence_of_element_located(args)), loc)\n_ _ _ _ _ _ _ _ _ _ _ _ _ _ _ _ _ _ _ _ _ _ _ _ _ _ _ _ _ _ _ _ _ _ _ _ _ _ _ _\n\nself = <selenium.webdriver.support.wait.WebDriverWait (session=\"5f2579f0bcaa0685a7aca00ae6f90dae\")>\nmethod = <selenium.webdriver.support.expected_conditions.presence_of_element_located object at 0x00000191A37E2D00>\nmessage = ''\n\n    def until(self, method, message=''):\n        \"\"\"Calls the method provided with the driver as an argument until the \\\n        return value is not False.\"\"\"\n        screen = None\n        stacktrace = None\n    \n        end_time = time.time() + self._timeout\n        while True:\n            try:\n                value = method(self._driver)\n                if value:\n                    return value\n            except self._ignored_exceptions as exc:\n                screen = getattr(exc, 'screen', None)\n                stacktrace = getattr(exc, 'stacktrace', None)\n            time.sleep(self._poll)\n            if time.time() > end_time:\n                break\n>       raise TimeoutException(message, screen, stacktrace)\nE       selenium.common.exceptions.TimeoutException: Message:\n\nc:\\users\\123\\appdata\\local\\programs\\python\\python39\\lib\\site-packages\\selenium\\webdriver\\support\\wait.py:80: TimeoutException",
  "flaky" : false,
  "newFailed" : false,
  "beforeStages" : [ {
    "name" : "drivers",
    "time" : {
      "start" : 1637046945113,
      "stop" : 1637046947524,
      "duration" : 2411
    },
    "status" : "passed",
    "steps" : [ ],
    "attachments" : [ ],
    "parameters" : [ ],
    "stepsCount" : 0,
    "hasContent" : false,
    "shouldDisplayMessage" : false,
    "attachmentsCount" : 0
  }, {
    "name" : "_verify_url",
    "time" : {
      "start" : 1637046945113,
      "stop" : 1637046945113,
      "duration" : 0
    },
    "status" : "passed",
    "steps" : [ ],
    "attachments" : [ ],
    "parameters" : [ ],
    "stepsCount" : 0,
    "hasContent" : false,
    "shouldDisplayMessage" : false,
    "attachmentsCount" : 0
  }, {
    "name" : "base_url",
    "time" : {
      "start" : 1637046945113,
      "stop" : 1637046945113,
      "duration" : 0
    },
    "status" : "passed",
    "steps" : [ ],
    "attachments" : [ ],
    "parameters" : [ ],
    "stepsCount" : 0,
    "hasContent" : false,
    "shouldDisplayMessage" : false,
    "attachmentsCount" : 0
  }, {
    "name" : "sensitive_url",
    "time" : {
      "start" : 1637046947525,
      "stop" : 1637046947525,
      "duration" : 0
    },
    "status" : "passed",
    "steps" : [ ],
    "attachments" : [ ],
    "parameters" : [ ],
    "stepsCount" : 0,
    "hasContent" : false,
    "shouldDisplayMessage" : false,
    "attachmentsCount" : 0
  }, {
    "name" : "open_url",
    "time" : {
      "start" : 1637047033012,
      "stop" : 1637047033373,
      "duration" : 361
    },
    "status" : "passed",
    "steps" : [ ],
    "attachments" : [ ],
    "parameters" : [ ],
    "stepsCount" : 0,
    "hasContent" : false,
    "shouldDisplayMessage" : false,
    "attachmentsCount" : 0
  }, {
    "name" : "_skip_sensitive",
    "time" : {
      "start" : 1637047033012,
      "stop" : 1637047033012,
      "duration" : 0
    },
    "status" : "passed",
    "steps" : [ ],
    "attachments" : [ ],
    "parameters" : [ ],
    "stepsCount" : 0,
    "hasContent" : false,
    "shouldDisplayMessage" : false,
    "attachmentsCount" : 0
  } ],
  "testStage" : {
    "description" : "展开faq功能测试",
    "status" : "broken",
    "statusMessage" : "selenium.common.exceptions.TimeoutException: Message:",
    "statusTrace" : "self = <pytest_project.TestCase.faq_test_case.test_index.TestBody object at 0x00000191A39EDD30>\nfaq_name = 'Mac-Cleaner'\n\n    @allure.title('展开faq测试')\n    @pytest.mark.parametrize('faq_name', get_branch_all_keys().get_branch_all_keys(faq.data, 'FAQS'))\n    def test_002(self, faq_name):\n        \"\"\"展开faq功能测试\"\"\"\n        allure.dynamic.tag('展开{}的faq'.format(faq_name))\n        self.driver.go_to_faq(faq_name)\n>       self.driver.click_unfold_faq()\n\nTestCase\\faq_test_case\\test_index.py:33: \n_ _ _ _ _ _ _ _ _ _ _ _ _ _ _ _ _ _ _ _ _ _ _ _ _ _ _ _ _ _ _ _ _ _ _ _ _ _ _ _\npage_object\\faq\\faqs_page.py:21: in click_unfold_faq\n    self.is_click(faqs['faq-item'])\npage\\basepage.py:89: in is_click\n    self.find_element(loc).click()\npage\\basepage.py:49: in find_element\n    WebPage.element_locator(lambda *args: self.wait.until(EC.presence_of_element_located(args)), loc)\npage\\basepage.py:40: in element_locator\n    return func(cm.LOCATE_MODE[name], value)\npage\\basepage.py:49: in <lambda>\n    WebPage.element_locator(lambda *args: self.wait.until(EC.presence_of_element_located(args)), loc)\n_ _ _ _ _ _ _ _ _ _ _ _ _ _ _ _ _ _ _ _ _ _ _ _ _ _ _ _ _ _ _ _ _ _ _ _ _ _ _ _\n\nself = <selenium.webdriver.support.wait.WebDriverWait (session=\"5f2579f0bcaa0685a7aca00ae6f90dae\")>\nmethod = <selenium.webdriver.support.expected_conditions.presence_of_element_located object at 0x00000191A37E2D00>\nmessage = ''\n\n    def until(self, method, message=''):\n        \"\"\"Calls the method provided with the driver as an argument until the \\\n        return value is not False.\"\"\"\n        screen = None\n        stacktrace = None\n    \n        end_time = time.time() + self._timeout\n        while True:\n            try:\n                value = method(self._driver)\n                if value:\n                    return value\n            except self._ignored_exceptions as exc:\n                screen = getattr(exc, 'screen', None)\n                stacktrace = getattr(exc, 'stacktrace', None)\n            time.sleep(self._poll)\n            if time.time() > end_time:\n                break\n>       raise TimeoutException(message, screen, stacktrace)\nE       selenium.common.exceptions.TimeoutException: Message:\n\nc:\\users\\123\\appdata\\local\\programs\\python\\python39\\lib\\site-packages\\selenium\\webdriver\\support\\wait.py:80: TimeoutException",
    "steps" : [ {
      "name" : "点击Mac-Cleaner常见问题项",
      "time" : {
        "start" : 1637047033374,
        "stop" : 1637047034827,
        "duration" : 1453
      },
      "status" : "passed",
      "steps" : [ ],
      "attachments" : [ ],
      "parameters" : [ ],
      "stepsCount" : 0,
      "hasContent" : false,
      "shouldDisplayMessage" : false,
      "attachmentsCount" : 0
    }, {
      "name" : "展开第二个faq",
      "time" : {
        "start" : 1637047034827,
        "stop" : 1637047045341,
        "duration" : 10514
      },
      "status" : "broken",
      "statusMessage" : "selenium.common.exceptions.TimeoutException: Message: \n\n",
      "statusTrace" : "  File \"c:\\users\\123\\appdata\\local\\programs\\python\\python39\\lib\\site-packages\\allure_commons\\_allure.py\", line 172, in impl\n    return func(*a, **kw)\n  File \"D:\\auto_test_iMyMac\\PycharmProjects\\pytest_project\\page_object\\faq\\faqs_page.py\", line 21, in click_unfold_faq\n    self.is_click(faqs['faq-item'])\n  File \"D:\\auto_test_iMyMac\\PycharmProjects\\pytest_project\\page\\basepage.py\", line 89, in is_click\n    self.find_element(loc).click()\n  File \"D:\\auto_test_iMyMac\\PycharmProjects\\pytest_project\\page\\basepage.py\", line 49, in find_element\n    WebPage.element_locator(lambda *args: self.wait.until(EC.presence_of_element_located(args)), loc)\n  File \"D:\\auto_test_iMyMac\\PycharmProjects\\pytest_project\\page\\basepage.py\", line 40, in element_locator\n    return func(cm.LOCATE_MODE[name], value)\n  File \"D:\\auto_test_iMyMac\\PycharmProjects\\pytest_project\\page\\basepage.py\", line 49, in <lambda>\n    WebPage.element_locator(lambda *args: self.wait.until(EC.presence_of_element_located(args)), loc)\n  File \"c:\\users\\123\\appdata\\local\\programs\\python\\python39\\lib\\site-packages\\selenium\\webdriver\\support\\wait.py\", line 80, in until\n    raise TimeoutException(message, screen, stacktrace)\n",
      "steps" : [ ],
      "attachments" : [ ],
      "parameters" : [ ],
      "stepsCount" : 0,
      "hasContent" : true,
      "shouldDisplayMessage" : true,
      "attachmentsCount" : 0
    }, {
      "name" : "添加失败截图...",
      "time" : {
        "start" : 1637047045485,
        "stop" : 1637047045594,
        "duration" : 109
      },
      "status" : "passed",
      "steps" : [ ],
      "attachments" : [ {
        "uid" : "4e9c9d204433fa7e",
        "name" : "失败截图",
        "source" : "4e9c9d204433fa7e.png",
        "type" : "image/png",
        "size" : 120425
      } ],
      "parameters" : [ ],
      "stepsCount" : 0,
      "hasContent" : true,
      "shouldDisplayMessage" : false,
      "attachmentsCount" : 1
    } ],
    "attachments" : [ {
      "uid" : "a2825edec513e855",
      "name" : "log",
      "source" : "a2825edec513e855.txt",
      "type" : "text/plain",
      "size" : 391
    }, {
      "uid" : "d3224c7483d86e24",
      "name" : "stderr",
      "source" : "d3224c7483d86e24.txt",
      "type" : "text/plain",
      "size" : 424
    } ],
    "parameters" : [ ],
    "stepsCount" : 3,
    "hasContent" : true,
    "shouldDisplayMessage" : true,
    "attachmentsCount" : 3
  },
  "afterStages" : [ {
    "name" : "drivers::0",
    "time" : {
      "start" : 1637048791608,
      "stop" : 1637048793756,
      "duration" : 2148
    },
    "status" : "passed",
    "steps" : [ ],
    "attachments" : [ ],
    "parameters" : [ ],
    "stepsCount" : 0,
    "hasContent" : false,
    "shouldDisplayMessage" : false,
    "attachmentsCount" : 0
  } ],
  "labels" : [ {
    "name" : "tag",
    "value" : "展开Mac-Cleaner的faq"
  }, {
    "name" : "feature",
    "value" : "FAQ页面测试"
  }, {
    "name" : "story",
    "value" : "各个模块常见问题测试"
  }, {
    "name" : "parentSuite",
    "value" : "TestCase.faq_test_case"
  }, {
    "name" : "suite",
    "value" : "test_index"
  }, {
    "name" : "subSuite",
    "value" : "TestBody"
  }, {
    "name" : "host",
    "value" : "DESKTOP-9RE2F6C"
  }, {
    "name" : "thread",
    "value" : "8092-MainThread"
  }, {
    "name" : "framework",
    "value" : "pytest"
  }, {
    "name" : "language",
    "value" : "cpython3"
  }, {
    "name" : "package",
    "value" : "TestCase.faq_test_case.test_index"
  }, {
    "name" : "resultFormat",
    "value" : "allure2"
  } ],
  "parameters" : [ {
    "name" : "faq_name",
    "value" : "'Mac-Cleaner'"
  } ],
  "links" : [ ],
  "hidden" : false,
  "retry" : false,
  "extra" : {
    "severity" : "normal",
    "retries" : [ {
      "uid" : "93f1923c9a7bddb9",
      "status" : "broken",
      "statusDetails" : "selenium.common.exceptions.TimeoutException: Message:",
      "time" : {
        "start" : 1637047014028,
        "stop" : 1637047027743,
        "duration" : 13715
      }
    } ],
    "categories" : [ {
      "name" : "Test defects",
      "matchedStatuses" : [ ],
      "flaky" : false
    } ],
    "history" : {
      "statistic" : {
        "failed" : 0,
        "broken" : 1,
        "skipped" : 0,
        "passed" : 4,
        "unknown" : 0,
        "total" : 5
      },
      "items" : [ {
        "uid" : "bfa43dc56ffd30af",
        "reportUrl" : "http://localhost:8080/jenkins/job/selenium_auto_test_IMyMac/27/allure/#testresult/bfa43dc56ffd30af",
        "status" : "passed",
        "time" : {
          "start" : 1637045094965,
          "stop" : 1637045097863,
          "duration" : 2898
        }
      }, {
        "uid" : "9836149e6b14ecdb",
        "reportUrl" : "http://localhost:8080/jenkins/job/selenium_auto_test_IMyMac/26/allure/#testresult/9836149e6b14ecdb",
        "status" : "passed",
        "time" : {
          "start" : 1637042943376,
          "stop" : 1637042946780,
          "duration" : 3404
        }
      }, {
        "uid" : "446bb55724e85f93",
        "reportUrl" : "http://localhost:8080/jenkins/job/selenium_auto_test_IMyMac/23/allure/#testresult/446bb55724e85f93",
        "status" : "passed",
        "time" : {
          "start" : 1636967287570,
          "stop" : 1636967290760,
          "duration" : 3190
        }
      }, {
        "uid" : "60e76ad3a27f5601",
        "reportUrl" : "http://localhost:8080/jenkins/job/selenium_auto_test_IMyMac/22/allure/#testresult/60e76ad3a27f5601",
        "status" : "passed",
        "time" : {
          "start" : 1636940515062,
          "stop" : 1636940517632,
          "duration" : 2570
        }
      } ]
    },
    "tags" : [ "展开Mac-Cleaner的faq" ]
  },
  "source" : "703213ddeeac519b.json",
  "parameterValues" : [ "'Mac-Cleaner'" ]
}