{
  "uid" : "73e70593f9ef23fe",
  "name" : "搜索不到文章测试",
  "fullName" : "TestCase.resource_test_case.test_resource.TestBody#test_010",
  "historyId" : "7acafa0c204a666ce42cf04623427d87",
  "time" : {
    "start" : 1637048082748,
    "stop" : 1637048093296,
    "duration" : 10548
  },
  "status" : "broken",
  "statusMessage" : "selenium.common.exceptions.TimeoutException: Message:",
  "statusTrace" : "self = <pytest_project.TestCase.resource_test_case.test_resource.TestBody object at 0x00000191A4B19E20>\nkey = 'adggwgwdqw'\n\n    @pytest.mark.parametrize('key', getExcelOneCol('搜索不到文章', 1, 'Resource/resource.xlsx'))\n    @allure.title('搜索不到文章测试')\n    @allure.severity('minor')\n    def test_010(self, key):\n        allure.dynamic.tag('输入关键字')\n>       self.driver.send_search(key)\n\nTestCase\\resource_test_case\\test_resource.py:95: \n_ _ _ _ _ _ _ _ _ _ _ _ _ _ _ _ _ _ _ _ _ _ _ _ _ _ _ _ _ _ _ _ _ _ _ _ _ _ _ _\npage_object\\source\\source_page.py:12: in send_search\n    self.input_text(resource['input'], search)\npage\\basepage.py:79: in input_text\n    ele = self.find_element(loc)\npage\\basepage.py:49: in find_element\n    WebPage.element_locator(lambda *args: self.wait.until(EC.presence_of_element_located(args)), loc)\npage\\basepage.py:40: in element_locator\n    return func(cm.LOCATE_MODE[name], value)\npage\\basepage.py:49: in <lambda>\n    WebPage.element_locator(lambda *args: self.wait.until(EC.presence_of_element_located(args)), loc)\n_ _ _ _ _ _ _ _ _ _ _ _ _ _ _ _ _ _ _ _ _ _ _ _ _ _ _ _ _ _ _ _ _ _ _ _ _ _ _ _\n\nself = <selenium.webdriver.support.wait.WebDriverWait (session=\"5f2579f0bcaa0685a7aca00ae6f90dae\")>\nmethod = <selenium.webdriver.support.expected_conditions.presence_of_element_located object at 0x00000191A4ABAFA0>\nmessage = ''\n\n    def until(self, method, message=''):\n        \"\"\"Calls the method provided with the driver as an argument until the \\\n        return value is not False.\"\"\"\n        screen = None\n        stacktrace = None\n    \n        end_time = time.time() + self._timeout\n        while True:\n            try:\n                value = method(self._driver)\n                if value:\n                    return value\n            except self._ignored_exceptions as exc:\n                screen = getattr(exc, 'screen', None)\n                stacktrace = getattr(exc, 'stacktrace', None)\n            time.sleep(self._poll)\n            if time.time() > end_time:\n                break\n>       raise TimeoutException(message, screen, stacktrace)\nE       selenium.common.exceptions.TimeoutException: Message:\n\nc:\\users\\123\\appdata\\local\\programs\\python\\python39\\lib\\site-packages\\selenium\\webdriver\\support\\wait.py:80: TimeoutException",
  "flaky" : false,
  "newFailed" : false,
  "beforeStages" : [ {
    "name" : "drivers",
    "time" : {
      "start" : 1637046945113,
      "stop" : 1637046947524,
      "duration" : 2411
    },
    "status" : "passed",
    "steps" : [ ],
    "attachments" : [ ],
    "parameters" : [ ],
    "stepsCount" : 0,
    "hasContent" : false,
    "shouldDisplayMessage" : false,
    "attachmentsCount" : 0
  }, {
    "name" : "_verify_url",
    "time" : {
      "start" : 1637046945113,
      "stop" : 1637046945113,
      "duration" : 0
    },
    "status" : "passed",
    "steps" : [ ],
    "attachments" : [ ],
    "parameters" : [ ],
    "stepsCount" : 0,
    "hasContent" : false,
    "shouldDisplayMessage" : false,
    "attachmentsCount" : 0
  }, {
    "name" : "base_url",
    "time" : {
      "start" : 1637046945113,
      "stop" : 1637046945113,
      "duration" : 0
    },
    "status" : "passed",
    "steps" : [ ],
    "attachments" : [ ],
    "parameters" : [ ],
    "stepsCount" : 0,
    "hasContent" : false,
    "shouldDisplayMessage" : false,
    "attachmentsCount" : 0
  }, {
    "name" : "sensitive_url",
    "time" : {
      "start" : 1637046947525,
      "stop" : 1637046947525,
      "duration" : 0
    },
    "status" : "passed",
    "steps" : [ ],
    "attachments" : [ ],
    "parameters" : [ ],
    "stepsCount" : 0,
    "hasContent" : false,
    "shouldDisplayMessage" : false,
    "attachmentsCount" : 0
  }, {
    "name" : "_skip_sensitive",
    "time" : {
      "start" : 1637048081923,
      "stop" : 1637048081923,
      "duration" : 0
    },
    "status" : "passed",
    "steps" : [ ],
    "attachments" : [ ],
    "parameters" : [ ],
    "stepsCount" : 0,
    "hasContent" : false,
    "shouldDisplayMessage" : false,
    "attachmentsCount" : 0
  }, {
    "name" : "open_url",
    "time" : {
      "start" : 1637048081923,
      "stop" : 1637048082747,
      "duration" : 824
    },
    "status" : "passed",
    "steps" : [ ],
    "attachments" : [ ],
    "parameters" : [ ],
    "stepsCount" : 0,
    "hasContent" : false,
    "shouldDisplayMessage" : false,
    "attachmentsCount" : 0
  } ],
  "testStage" : {
    "status" : "broken",
    "statusMessage" : "selenium.common.exceptions.TimeoutException: Message:",
    "statusTrace" : "self = <pytest_project.TestCase.resource_test_case.test_resource.TestBody object at 0x00000191A4B19E20>\nkey = 'adggwgwdqw'\n\n    @pytest.mark.parametrize('key', getExcelOneCol('搜索不到文章', 1, 'Resource/resource.xlsx'))\n    @allure.title('搜索不到文章测试')\n    @allure.severity('minor')\n    def test_010(self, key):\n        allure.dynamic.tag('输入关键字')\n>       self.driver.send_search(key)\n\nTestCase\\resource_test_case\\test_resource.py:95: \n_ _ _ _ _ _ _ _ _ _ _ _ _ _ _ _ _ _ _ _ _ _ _ _ _ _ _ _ _ _ _ _ _ _ _ _ _ _ _ _\npage_object\\source\\source_page.py:12: in send_search\n    self.input_text(resource['input'], search)\npage\\basepage.py:79: in input_text\n    ele = self.find_element(loc)\npage\\basepage.py:49: in find_element\n    WebPage.element_locator(lambda *args: self.wait.until(EC.presence_of_element_located(args)), loc)\npage\\basepage.py:40: in element_locator\n    return func(cm.LOCATE_MODE[name], value)\npage\\basepage.py:49: in <lambda>\n    WebPage.element_locator(lambda *args: self.wait.until(EC.presence_of_element_located(args)), loc)\n_ _ _ _ _ _ _ _ _ _ _ _ _ _ _ _ _ _ _ _ _ _ _ _ _ _ _ _ _ _ _ _ _ _ _ _ _ _ _ _\n\nself = <selenium.webdriver.support.wait.WebDriverWait (session=\"5f2579f0bcaa0685a7aca00ae6f90dae\")>\nmethod = <selenium.webdriver.support.expected_conditions.presence_of_element_located object at 0x00000191A4ABAFA0>\nmessage = ''\n\n    def until(self, method, message=''):\n        \"\"\"Calls the method provided with the driver as an argument until the \\\n        return value is not False.\"\"\"\n        screen = None\n        stacktrace = None\n    \n        end_time = time.time() + self._timeout\n        while True:\n            try:\n                value = method(self._driver)\n                if value:\n                    return value\n            except self._ignored_exceptions as exc:\n                screen = getattr(exc, 'screen', None)\n                stacktrace = getattr(exc, 'stacktrace', None)\n            time.sleep(self._poll)\n            if time.time() > end_time:\n                break\n>       raise TimeoutException(message, screen, stacktrace)\nE       selenium.common.exceptions.TimeoutException: Message:\n\nc:\\users\\123\\appdata\\local\\programs\\python\\python39\\lib\\site-packages\\selenium\\webdriver\\support\\wait.py:80: TimeoutException",
    "steps" : [ {
      "name" : "输入搜索关键字",
      "time" : {
        "start" : 1637048082748,
        "stop" : 1637048093296,
        "duration" : 10548
      },
      "status" : "broken",
      "statusMessage" : "selenium.common.exceptions.TimeoutException: Message: \n\n",
      "statusTrace" : "  File \"c:\\users\\123\\appdata\\local\\programs\\python\\python39\\lib\\site-packages\\allure_commons\\_allure.py\", line 172, in impl\n    return func(*a, **kw)\n  File \"D:\\auto_test_iMyMac\\PycharmProjects\\pytest_project\\page_object\\source\\source_page.py\", line 12, in send_search\n    self.input_text(resource['input'], search)\n  File \"D:\\auto_test_iMyMac\\PycharmProjects\\pytest_project\\page\\basepage.py\", line 79, in input_text\n    ele = self.find_element(loc)\n  File \"D:\\auto_test_iMyMac\\PycharmProjects\\pytest_project\\page\\basepage.py\", line 49, in find_element\n    WebPage.element_locator(lambda *args: self.wait.until(EC.presence_of_element_located(args)), loc)\n  File \"D:\\auto_test_iMyMac\\PycharmProjects\\pytest_project\\page\\basepage.py\", line 40, in element_locator\n    return func(cm.LOCATE_MODE[name], value)\n  File \"D:\\auto_test_iMyMac\\PycharmProjects\\pytest_project\\page\\basepage.py\", line 49, in <lambda>\n    WebPage.element_locator(lambda *args: self.wait.until(EC.presence_of_element_located(args)), loc)\n  File \"c:\\users\\123\\appdata\\local\\programs\\python\\python39\\lib\\site-packages\\selenium\\webdriver\\support\\wait.py\", line 80, in until\n    raise TimeoutException(message, screen, stacktrace)\n",
      "steps" : [ ],
      "attachments" : [ ],
      "parameters" : [ {
        "name" : "search",
        "value" : "'adggwgwdqw'"
      } ],
      "stepsCount" : 0,
      "hasContent" : true,
      "shouldDisplayMessage" : true,
      "attachmentsCount" : 0
    }, {
      "name" : "添加失败截图...",
      "time" : {
        "start" : 1637048093483,
        "stop" : 1637048093638,
        "duration" : 155
      },
      "status" : "passed",
      "steps" : [ ],
      "attachments" : [ {
        "uid" : "718940d4163ec1a6",
        "name" : "失败截图",
        "source" : "718940d4163ec1a6.png",
        "type" : "image/png",
        "size" : 187340
      } ],
      "parameters" : [ ],
      "stepsCount" : 0,
      "hasContent" : true,
      "shouldDisplayMessage" : false,
      "attachmentsCount" : 1
    } ],
    "attachments" : [ {
      "uid" : "6964fe851efc475",
      "name" : "log",
      "source" : "6964fe851efc475.txt",
      "type" : "text/plain",
      "size" : 165
    }, {
      "uid" : "f0a7bc585ab560aa",
      "name" : "stderr",
      "source" : "f0a7bc585ab560aa.txt",
      "type" : "text/plain",
      "size" : 182
    } ],
    "parameters" : [ ],
    "stepsCount" : 2,
    "hasContent" : true,
    "shouldDisplayMessage" : true,
    "attachmentsCount" : 3
  },
  "afterStages" : [ {
    "name" : "drivers::0",
    "time" : {
      "start" : 1637048791608,
      "stop" : 1637048793756,
      "duration" : 2148
    },
    "status" : "passed",
    "steps" : [ ],
    "attachments" : [ ],
    "parameters" : [ ],
    "stepsCount" : 0,
    "hasContent" : false,
    "shouldDisplayMessage" : false,
    "attachmentsCount" : 0
  } ],
  "labels" : [ {
    "name" : "tag",
    "value" : "输入关键字"
  }, {
    "name" : "story",
    "value" : "文章搜索页面功能测试"
  }, {
    "name" : "feature",
    "value" : "文章搜索页面测试"
  }, {
    "name" : "severity",
    "value" : "minor"
  }, {
    "name" : "parentSuite",
    "value" : "TestCase.resource_test_case"
  }, {
    "name" : "suite",
    "value" : "test_resource"
  }, {
    "name" : "subSuite",
    "value" : "TestBody"
  }, {
    "name" : "host",
    "value" : "DESKTOP-9RE2F6C"
  }, {
    "name" : "thread",
    "value" : "8092-MainThread"
  }, {
    "name" : "framework",
    "value" : "pytest"
  }, {
    "name" : "language",
    "value" : "cpython3"
  }, {
    "name" : "package",
    "value" : "TestCase.resource_test_case.test_resource"
  }, {
    "name" : "resultFormat",
    "value" : "allure2"
  } ],
  "parameters" : [ {
    "name" : "key",
    "value" : "'adggwgwdqw'"
  } ],
  "links" : [ ],
  "hidden" : false,
  "retry" : false,
  "extra" : {
    "severity" : "minor",
    "retries" : [ {
      "uid" : "6ca083424556cbde",
      "status" : "broken",
      "statusDetails" : "selenium.common.exceptions.TimeoutException: Message:",
      "time" : {
        "start" : 1637048066068,
        "stop" : 1637048076613,
        "duration" : 10545
      }
    } ],
    "categories" : [ {
      "name" : "Test defects",
      "matchedStatuses" : [ ],
      "flaky" : false
    } ],
    "history" : {
      "statistic" : {
        "failed" : 0,
        "broken" : 1,
        "skipped" : 0,
        "passed" : 4,
        "unknown" : 0,
        "total" : 5
      },
      "items" : [ {
        "uid" : "ceef47ef3866e707",
        "reportUrl" : "http://localhost:8080/jenkins/job/selenium_auto_test_IMyMac/27/allure/#testresult/ceef47ef3866e707",
        "status" : "passed",
        "time" : {
          "start" : 1637045281996,
          "stop" : 1637045284273,
          "duration" : 2277
        }
      }, {
        "uid" : "12a61eea006a822e",
        "reportUrl" : "http://localhost:8080/jenkins/job/selenium_auto_test_IMyMac/26/allure/#testresult/12a61eea006a822e",
        "status" : "passed",
        "time" : {
          "start" : 1637043349202,
          "stop" : 1637043351776,
          "duration" : 2574
        }
      }, {
        "uid" : "1e66d1a92d2a5b90",
        "reportUrl" : "http://localhost:8080/jenkins/job/selenium_auto_test_IMyMac/23/allure/#testresult/1e66d1a92d2a5b90",
        "status" : "passed",
        "time" : {
          "start" : 1636967491875,
          "stop" : 1636967494667,
          "duration" : 2792
        }
      }, {
        "uid" : "52344770db0153a7",
        "reportUrl" : "http://localhost:8080/jenkins/job/selenium_auto_test_IMyMac/22/allure/#testresult/52344770db0153a7",
        "status" : "passed",
        "time" : {
          "start" : 1636940691939,
          "stop" : 1636940694147,
          "duration" : 2208
        }
      } ]
    },
    "tags" : [ "输入关键字" ]
  },
  "source" : "73e70593f9ef23fe.json",
  "parameterValues" : [ "'adggwgwdqw'" ]
}