{
  "uid" : "83fd055db224e7d5",
  "name" : "搜索文章回车测试",
  "fullName" : "TestCase.resource_test_case.test_resource.TestBody#test_002",
  "historyId" : "165eedfb0e261761a2d2fb6606c8393e",
  "time" : {
    "start" : 1637047641801,
    "stop" : 1637047652345,
    "duration" : 10544
  },
  "description" : "搜索文章回车功能测试",
  "descriptionHtml" : "<p>搜索文章回车功能测试</p>\n",
  "status" : "broken",
  "statusMessage" : "selenium.common.exceptions.TimeoutException: Message:",
  "statusTrace" : "self = <pytest_project.TestCase.resource_test_case.test_resource.TestBody object at 0x000002A36B2807F0>\nsearch = 'python'\n\n    @pytest.mark.parametrize('search', getExcelOneCol('搜索文章', 1, 'Resource/resource.xlsx'))\n    @allure.title('搜索文章回车测试')\n    @allure.severity('minor')\n    def test_002(self, search):\n        \"\"\"搜索文章回车功能测试\"\"\"\n        allure.dynamic.tag('搜索文章==》{}'.format(search))\n        allure.dynamic.severity('normal')\n>       self.driver.send_search(search)\n\nTestCase\\resource_test_case\\test_resource.py:33: \n_ _ _ _ _ _ _ _ _ _ _ _ _ _ _ _ _ _ _ _ _ _ _ _ _ _ _ _ _ _ _ _ _ _ _ _ _ _ _ _\npage_object\\source\\source_page.py:12: in send_search\n    self.input_text(resource['input'], search)\npage\\basepage.py:79: in input_text\n    ele = self.find_element(loc)\npage\\basepage.py:49: in find_element\n    WebPage.element_locator(lambda *args: self.wait.until(EC.presence_of_element_located(args)), loc)\npage\\basepage.py:40: in element_locator\n    return func(cm.LOCATE_MODE[name], value)\npage\\basepage.py:49: in <lambda>\n    WebPage.element_locator(lambda *args: self.wait.until(EC.presence_of_element_located(args)), loc)\n_ _ _ _ _ _ _ _ _ _ _ _ _ _ _ _ _ _ _ _ _ _ _ _ _ _ _ _ _ _ _ _ _ _ _ _ _ _ _ _\n\nself = <selenium.webdriver.support.wait.WebDriverWait (session=\"eeda365b98f8b4bc7f0abc8d41425308\")>\nmethod = <selenium.webdriver.support.expected_conditions.presence_of_element_located object at 0x000002A36B2806D0>\nmessage = ''\n\n    def until(self, method, message=''):\n        \"\"\"Calls the method provided with the driver as an argument until the \\\n        return value is not False.\"\"\"\n        screen = None\n        stacktrace = None\n    \n        end_time = time.time() + self._timeout\n        while True:\n            try:\n                value = method(self._driver)\n                if value:\n                    return value\n            except self._ignored_exceptions as exc:\n                screen = getattr(exc, 'screen', None)\n                stacktrace = getattr(exc, 'stacktrace', None)\n            time.sleep(self._poll)\n            if time.time() > end_time:\n                break\n>       raise TimeoutException(message, screen, stacktrace)\nE       selenium.common.exceptions.TimeoutException: Message:\n\nc:\\users\\123\\appdata\\local\\programs\\python\\python39\\lib\\site-packages\\selenium\\webdriver\\support\\wait.py:80: TimeoutException",
  "flaky" : false,
  "newFailed" : false,
  "beforeStages" : [ {
    "name" : "_verify_url",
    "time" : {
      "start" : 1637046945113,
      "stop" : 1637046945113,
      "duration" : 0
    },
    "status" : "passed",
    "steps" : [ ],
    "attachments" : [ ],
    "parameters" : [ ],
    "stepsCount" : 0,
    "hasContent" : false,
    "shouldDisplayMessage" : false,
    "attachmentsCount" : 0
  }, {
    "name" : "base_url",
    "time" : {
      "start" : 1637046945113,
      "stop" : 1637046945113,
      "duration" : 0
    },
    "status" : "passed",
    "steps" : [ ],
    "attachments" : [ ],
    "parameters" : [ ],
    "stepsCount" : 0,
    "hasContent" : false,
    "shouldDisplayMessage" : false,
    "attachmentsCount" : 0
  }, {
    "name" : "drivers",
    "time" : {
      "start" : 1637046945113,
      "stop" : 1637046947725,
      "duration" : 2612
    },
    "status" : "passed",
    "steps" : [ ],
    "attachments" : [ ],
    "parameters" : [ ],
    "stepsCount" : 0,
    "hasContent" : false,
    "shouldDisplayMessage" : false,
    "attachmentsCount" : 0
  }, {
    "name" : "sensitive_url",
    "time" : {
      "start" : 1637046947726,
      "stop" : 1637046947727,
      "duration" : 1
    },
    "status" : "passed",
    "steps" : [ ],
    "attachments" : [ ],
    "parameters" : [ ],
    "stepsCount" : 0,
    "hasContent" : false,
    "shouldDisplayMessage" : false,
    "attachmentsCount" : 0
  }, {
    "name" : "_skip_sensitive",
    "time" : {
      "start" : 1637047640219,
      "stop" : 1637047640219,
      "duration" : 0
    },
    "status" : "passed",
    "steps" : [ ],
    "attachments" : [ ],
    "parameters" : [ ],
    "stepsCount" : 0,
    "hasContent" : false,
    "shouldDisplayMessage" : false,
    "attachmentsCount" : 0
  }, {
    "name" : "open_url",
    "time" : {
      "start" : 1637047640219,
      "stop" : 1637047641800,
      "duration" : 1581
    },
    "status" : "passed",
    "steps" : [ ],
    "attachments" : [ ],
    "parameters" : [ ],
    "stepsCount" : 0,
    "hasContent" : false,
    "shouldDisplayMessage" : false,
    "attachmentsCount" : 0
  } ],
  "testStage" : {
    "description" : "搜索文章回车功能测试",
    "status" : "broken",
    "statusMessage" : "selenium.common.exceptions.TimeoutException: Message:",
    "statusTrace" : "self = <pytest_project.TestCase.resource_test_case.test_resource.TestBody object at 0x000002A36B2807F0>\nsearch = 'python'\n\n    @pytest.mark.parametrize('search', getExcelOneCol('搜索文章', 1, 'Resource/resource.xlsx'))\n    @allure.title('搜索文章回车测试')\n    @allure.severity('minor')\n    def test_002(self, search):\n        \"\"\"搜索文章回车功能测试\"\"\"\n        allure.dynamic.tag('搜索文章==》{}'.format(search))\n        allure.dynamic.severity('normal')\n>       self.driver.send_search(search)\n\nTestCase\\resource_test_case\\test_resource.py:33: \n_ _ _ _ _ _ _ _ _ _ _ _ _ _ _ _ _ _ _ _ _ _ _ _ _ _ _ _ _ _ _ _ _ _ _ _ _ _ _ _\npage_object\\source\\source_page.py:12: in send_search\n    self.input_text(resource['input'], search)\npage\\basepage.py:79: in input_text\n    ele = self.find_element(loc)\npage\\basepage.py:49: in find_element\n    WebPage.element_locator(lambda *args: self.wait.until(EC.presence_of_element_located(args)), loc)\npage\\basepage.py:40: in element_locator\n    return func(cm.LOCATE_MODE[name], value)\npage\\basepage.py:49: in <lambda>\n    WebPage.element_locator(lambda *args: self.wait.until(EC.presence_of_element_located(args)), loc)\n_ _ _ _ _ _ _ _ _ _ _ _ _ _ _ _ _ _ _ _ _ _ _ _ _ _ _ _ _ _ _ _ _ _ _ _ _ _ _ _\n\nself = <selenium.webdriver.support.wait.WebDriverWait (session=\"eeda365b98f8b4bc7f0abc8d41425308\")>\nmethod = <selenium.webdriver.support.expected_conditions.presence_of_element_located object at 0x000002A36B2806D0>\nmessage = ''\n\n    def until(self, method, message=''):\n        \"\"\"Calls the method provided with the driver as an argument until the \\\n        return value is not False.\"\"\"\n        screen = None\n        stacktrace = None\n    \n        end_time = time.time() + self._timeout\n        while True:\n            try:\n                value = method(self._driver)\n                if value:\n                    return value\n            except self._ignored_exceptions as exc:\n                screen = getattr(exc, 'screen', None)\n                stacktrace = getattr(exc, 'stacktrace', None)\n            time.sleep(self._poll)\n            if time.time() > end_time:\n                break\n>       raise TimeoutException(message, screen, stacktrace)\nE       selenium.common.exceptions.TimeoutException: Message:\n\nc:\\users\\123\\appdata\\local\\programs\\python\\python39\\lib\\site-packages\\selenium\\webdriver\\support\\wait.py:80: TimeoutException",
    "steps" : [ {
      "name" : "输入搜索关键字",
      "time" : {
        "start" : 1637047641801,
        "stop" : 1637047652345,
        "duration" : 10544
      },
      "status" : "broken",
      "statusMessage" : "selenium.common.exceptions.TimeoutException: Message: \n\n",
      "statusTrace" : "  File \"c:\\users\\123\\appdata\\local\\programs\\python\\python39\\lib\\site-packages\\allure_commons\\_allure.py\", line 172, in impl\n    return func(*a, **kw)\n  File \"D:\\auto_test_iMyMac\\PycharmProjects\\pytest_project\\page_object\\source\\source_page.py\", line 12, in send_search\n    self.input_text(resource['input'], search)\n  File \"D:\\auto_test_iMyMac\\PycharmProjects\\pytest_project\\page\\basepage.py\", line 79, in input_text\n    ele = self.find_element(loc)\n  File \"D:\\auto_test_iMyMac\\PycharmProjects\\pytest_project\\page\\basepage.py\", line 49, in find_element\n    WebPage.element_locator(lambda *args: self.wait.until(EC.presence_of_element_located(args)), loc)\n  File \"D:\\auto_test_iMyMac\\PycharmProjects\\pytest_project\\page\\basepage.py\", line 40, in element_locator\n    return func(cm.LOCATE_MODE[name], value)\n  File \"D:\\auto_test_iMyMac\\PycharmProjects\\pytest_project\\page\\basepage.py\", line 49, in <lambda>\n    WebPage.element_locator(lambda *args: self.wait.until(EC.presence_of_element_located(args)), loc)\n  File \"c:\\users\\123\\appdata\\local\\programs\\python\\python39\\lib\\site-packages\\selenium\\webdriver\\support\\wait.py\", line 80, in until\n    raise TimeoutException(message, screen, stacktrace)\n",
      "steps" : [ ],
      "attachments" : [ ],
      "parameters" : [ {
        "name" : "search",
        "value" : "'python'"
      } ],
      "stepsCount" : 0,
      "hasContent" : true,
      "shouldDisplayMessage" : true,
      "attachmentsCount" : 0
    }, {
      "name" : "添加失败截图...",
      "time" : {
        "start" : 1637047652505,
        "stop" : 1637047652640,
        "duration" : 135
      },
      "status" : "passed",
      "steps" : [ ],
      "attachments" : [ {
        "uid" : "e743bcb49e09d568",
        "name" : "失败截图",
        "source" : "e743bcb49e09d568.png",
        "type" : "image/png",
        "size" : 187340
      } ],
      "parameters" : [ ],
      "stepsCount" : 0,
      "hasContent" : true,
      "shouldDisplayMessage" : false,
      "attachmentsCount" : 1
    } ],
    "attachments" : [ {
      "uid" : "3f342ac891a05cb5",
      "name" : "log",
      "source" : "3f342ac891a05cb5.txt",
      "type" : "text/plain",
      "size" : 165
    }, {
      "uid" : "c1e50eeb69054fca",
      "name" : "stderr",
      "source" : "c1e50eeb69054fca.txt",
      "type" : "text/plain",
      "size" : 182
    } ],
    "parameters" : [ ],
    "stepsCount" : 2,
    "hasContent" : true,
    "shouldDisplayMessage" : true,
    "attachmentsCount" : 3
  },
  "afterStages" : [ {
    "name" : "drivers::0",
    "time" : {
      "start" : 1637048803679,
      "stop" : 1637048805774,
      "duration" : 2095
    },
    "status" : "passed",
    "steps" : [ ],
    "attachments" : [ ],
    "parameters" : [ ],
    "stepsCount" : 0,
    "hasContent" : false,
    "shouldDisplayMessage" : false,
    "attachmentsCount" : 0
  } ],
  "labels" : [ {
    "name" : "tag",
    "value" : "搜索文章==》python"
  }, {
    "name" : "severity",
    "value" : "normal"
  }, {
    "name" : "feature",
    "value" : "文章搜索页面测试"
  }, {
    "name" : "story",
    "value" : "文章搜索页面功能测试"
  }, {
    "name" : "severity",
    "value" : "minor"
  }, {
    "name" : "parentSuite",
    "value" : "TestCase.resource_test_case"
  }, {
    "name" : "suite",
    "value" : "test_resource"
  }, {
    "name" : "subSuite",
    "value" : "TestBody"
  }, {
    "name" : "host",
    "value" : "DESKTOP-9RE2F6C"
  }, {
    "name" : "thread",
    "value" : "1832-MainThread"
  }, {
    "name" : "framework",
    "value" : "pytest"
  }, {
    "name" : "language",
    "value" : "cpython3"
  }, {
    "name" : "package",
    "value" : "TestCase.resource_test_case.test_resource"
  }, {
    "name" : "resultFormat",
    "value" : "allure2"
  } ],
  "parameters" : [ {
    "name" : "search",
    "value" : "'python'"
  } ],
  "links" : [ ],
  "hidden" : false,
  "retry" : false,
  "extra" : {
    "severity" : "normal",
    "retries" : [ {
      "uid" : "978392e6987502a0",
      "status" : "broken",
      "statusDetails" : "selenium.common.exceptions.TimeoutException: Message:",
      "time" : {
        "start" : 1637047624388,
        "stop" : 1637047634926,
        "duration" : 10538
      }
    } ],
    "categories" : [ {
      "name" : "Test defects",
      "matchedStatuses" : [ ],
      "flaky" : false
    } ],
    "history" : {
      "statistic" : {
        "failed" : 0,
        "broken" : 1,
        "skipped" : 0,
        "passed" : 4,
        "unknown" : 0,
        "total" : 5
      },
      "items" : [ {
        "uid" : "34f85d26d29f49f0",
        "reportUrl" : "http://localhost:8080/jenkins/job/selenium_auto_test_IMyMac/27/allure/#testresult/34f85d26d29f49f0",
        "status" : "passed",
        "time" : {
          "start" : 1637045366766,
          "stop" : 1637045368035,
          "duration" : 1269
        }
      }, {
        "uid" : "2c3615eeaa5c1a1f",
        "reportUrl" : "http://localhost:8080/jenkins/job/selenium_auto_test_IMyMac/26/allure/#testresult/2c3615eeaa5c1a1f",
        "status" : "passed",
        "time" : {
          "start" : 1637043265167,
          "stop" : 1637043267162,
          "duration" : 1995
        }
      }, {
        "uid" : "2119549438d819cc",
        "reportUrl" : "http://localhost:8080/jenkins/job/selenium_auto_test_IMyMac/23/allure/#testresult/2119549438d819cc",
        "status" : "passed",
        "time" : {
          "start" : 1636967600042,
          "stop" : 1636967602218,
          "duration" : 2176
        }
      }, {
        "uid" : "7c7e48ad87f9342e",
        "reportUrl" : "http://localhost:8080/jenkins/job/selenium_auto_test_IMyMac/22/allure/#testresult/7c7e48ad87f9342e",
        "status" : "passed",
        "time" : {
          "start" : 1636940759595,
          "stop" : 1636940760765,
          "duration" : 1170
        }
      } ]
    },
    "tags" : [ "搜索文章==》python" ]
  },
  "source" : "83fd055db224e7d5.json",
  "parameterValues" : [ "'python'" ]
}