{
  "uid" : "91df68216f310b96",
  "name" : "购买video套餐1支付弹窗测试",
  "fullName" : "TestCase.store_test_case.test_buy_option.TestBody#test_004",
  "historyId" : "b5bd0c5a9e797b2945f50791e7eb00b9",
  "time" : {
    "start" : 1637047866262,
    "stop" : 1637047876823,
    "duration" : 10561
  },
  "description" : "购买video套餐1支付弹窗功能测试",
  "descriptionHtml" : "<p>购买video套餐1支付弹窗功能测试</p>\n",
  "status" : "broken",
  "statusMessage" : "selenium.common.exceptions.TimeoutException: Message:",
  "statusTrace" : "self = <pytest_project.TestCase.store_test_case.test_buy_option.TestBody object at 0x000002A36B690F70>\n\n    @allure.title('购买video套餐1支付弹窗测试')\n    def test_004(self):\n        \"\"\"购买video套餐1支付弹窗功能测试\"\"\"\n        allure.dynamic.tag('购买套餐1')\n>       self.driver.goto_video_option()\n\nTestCase\\store_test_case\\test_buy_option.py:48: \n_ _ _ _ _ _ _ _ _ _ _ _ _ _ _ _ _ _ _ _ _ _ _ _ _ _ _ _ _ _ _ _ _ _ _ _ _ _ _ _\npage_object\\store\\buy_page.py:38: in goto_video_option\n    self.is_click(buy['video-option'])\npage\\basepage.py:89: in is_click\n    self.find_element(loc).click()\npage\\basepage.py:49: in find_element\n    WebPage.element_locator(lambda *args: self.wait.until(EC.presence_of_element_located(args)), loc)\npage\\basepage.py:40: in element_locator\n    return func(cm.LOCATE_MODE[name], value)\npage\\basepage.py:49: in <lambda>\n    WebPage.element_locator(lambda *args: self.wait.until(EC.presence_of_element_located(args)), loc)\n_ _ _ _ _ _ _ _ _ _ _ _ _ _ _ _ _ _ _ _ _ _ _ _ _ _ _ _ _ _ _ _ _ _ _ _ _ _ _ _\n\nself = <selenium.webdriver.support.wait.WebDriverWait (session=\"eeda365b98f8b4bc7f0abc8d41425308\")>\nmethod = <selenium.webdriver.support.expected_conditions.presence_of_element_located object at 0x000002A36B6909D0>\nmessage = ''\n\n    def until(self, method, message=''):\n        \"\"\"Calls the method provided with the driver as an argument until the \\\n        return value is not False.\"\"\"\n        screen = None\n        stacktrace = None\n    \n        end_time = time.time() + self._timeout\n        while True:\n            try:\n                value = method(self._driver)\n                if value:\n                    return value\n            except self._ignored_exceptions as exc:\n                screen = getattr(exc, 'screen', None)\n                stacktrace = getattr(exc, 'stacktrace', None)\n            time.sleep(self._poll)\n            if time.time() > end_time:\n                break\n>       raise TimeoutException(message, screen, stacktrace)\nE       selenium.common.exceptions.TimeoutException: Message:\n\nc:\\users\\123\\appdata\\local\\programs\\python\\python39\\lib\\site-packages\\selenium\\webdriver\\support\\wait.py:80: TimeoutException",
  "flaky" : false,
  "newFailed" : false,
  "beforeStages" : [ {
    "name" : "_verify_url",
    "time" : {
      "start" : 1637046945113,
      "stop" : 1637046945113,
      "duration" : 0
    },
    "status" : "passed",
    "steps" : [ ],
    "attachments" : [ ],
    "parameters" : [ ],
    "stepsCount" : 0,
    "hasContent" : false,
    "shouldDisplayMessage" : false,
    "attachmentsCount" : 0
  }, {
    "name" : "base_url",
    "time" : {
      "start" : 1637046945113,
      "stop" : 1637046945113,
      "duration" : 0
    },
    "status" : "passed",
    "steps" : [ ],
    "attachments" : [ ],
    "parameters" : [ ],
    "stepsCount" : 0,
    "hasContent" : false,
    "shouldDisplayMessage" : false,
    "attachmentsCount" : 0
  }, {
    "name" : "drivers",
    "time" : {
      "start" : 1637046945113,
      "stop" : 1637046947725,
      "duration" : 2612
    },
    "status" : "passed",
    "steps" : [ ],
    "attachments" : [ ],
    "parameters" : [ ],
    "stepsCount" : 0,
    "hasContent" : false,
    "shouldDisplayMessage" : false,
    "attachmentsCount" : 0
  }, {
    "name" : "sensitive_url",
    "time" : {
      "start" : 1637046947726,
      "stop" : 1637046947727,
      "duration" : 1
    },
    "status" : "passed",
    "steps" : [ ],
    "attachments" : [ ],
    "parameters" : [ ],
    "stepsCount" : 0,
    "hasContent" : false,
    "shouldDisplayMessage" : false,
    "attachmentsCount" : 0
  }, {
    "name" : "open_url",
    "time" : {
      "start" : 1637047866052,
      "stop" : 1637047866262,
      "duration" : 210
    },
    "status" : "passed",
    "steps" : [ ],
    "attachments" : [ ],
    "parameters" : [ ],
    "stepsCount" : 0,
    "hasContent" : false,
    "shouldDisplayMessage" : false,
    "attachmentsCount" : 0
  }, {
    "name" : "_skip_sensitive",
    "time" : {
      "start" : 1637047866052,
      "stop" : 1637047866052,
      "duration" : 0
    },
    "status" : "passed",
    "steps" : [ ],
    "attachments" : [ ],
    "parameters" : [ ],
    "stepsCount" : 0,
    "hasContent" : false,
    "shouldDisplayMessage" : false,
    "attachmentsCount" : 0
  } ],
  "testStage" : {
    "description" : "购买video套餐1支付弹窗功能测试",
    "status" : "broken",
    "statusMessage" : "selenium.common.exceptions.TimeoutException: Message:",
    "statusTrace" : "self = <pytest_project.TestCase.store_test_case.test_buy_option.TestBody object at 0x000002A36B690F70>\n\n    @allure.title('购买video套餐1支付弹窗测试')\n    def test_004(self):\n        \"\"\"购买video套餐1支付弹窗功能测试\"\"\"\n        allure.dynamic.tag('购买套餐1')\n>       self.driver.goto_video_option()\n\nTestCase\\store_test_case\\test_buy_option.py:48: \n_ _ _ _ _ _ _ _ _ _ _ _ _ _ _ _ _ _ _ _ _ _ _ _ _ _ _ _ _ _ _ _ _ _ _ _ _ _ _ _\npage_object\\store\\buy_page.py:38: in goto_video_option\n    self.is_click(buy['video-option'])\npage\\basepage.py:89: in is_click\n    self.find_element(loc).click()\npage\\basepage.py:49: in find_element\n    WebPage.element_locator(lambda *args: self.wait.until(EC.presence_of_element_located(args)), loc)\npage\\basepage.py:40: in element_locator\n    return func(cm.LOCATE_MODE[name], value)\npage\\basepage.py:49: in <lambda>\n    WebPage.element_locator(lambda *args: self.wait.until(EC.presence_of_element_located(args)), loc)\n_ _ _ _ _ _ _ _ _ _ _ _ _ _ _ _ _ _ _ _ _ _ _ _ _ _ _ _ _ _ _ _ _ _ _ _ _ _ _ _\n\nself = <selenium.webdriver.support.wait.WebDriverWait (session=\"eeda365b98f8b4bc7f0abc8d41425308\")>\nmethod = <selenium.webdriver.support.expected_conditions.presence_of_element_located object at 0x000002A36B6909D0>\nmessage = ''\n\n    def until(self, method, message=''):\n        \"\"\"Calls the method provided with the driver as an argument until the \\\n        return value is not False.\"\"\"\n        screen = None\n        stacktrace = None\n    \n        end_time = time.time() + self._timeout\n        while True:\n            try:\n                value = method(self._driver)\n                if value:\n                    return value\n            except self._ignored_exceptions as exc:\n                screen = getattr(exc, 'screen', None)\n                stacktrace = getattr(exc, 'stacktrace', None)\n            time.sleep(self._poll)\n            if time.time() > end_time:\n                break\n>       raise TimeoutException(message, screen, stacktrace)\nE       selenium.common.exceptions.TimeoutException: Message:\n\nc:\\users\\123\\appdata\\local\\programs\\python\\python39\\lib\\site-packages\\selenium\\webdriver\\support\\wait.py:80: TimeoutException",
    "steps" : [ {
      "name" : "点击video的更多选项按钮",
      "time" : {
        "start" : 1637047866262,
        "stop" : 1637047876822,
        "duration" : 10560
      },
      "status" : "broken",
      "statusMessage" : "selenium.common.exceptions.TimeoutException: Message: \n\n",
      "statusTrace" : "  File \"c:\\users\\123\\appdata\\local\\programs\\python\\python39\\lib\\site-packages\\allure_commons\\_allure.py\", line 172, in impl\n    return func(*a, **kw)\n  File \"D:\\auto_test_iMyMac\\PycharmProjects\\pytest_project\\page_object\\store\\buy_page.py\", line 38, in goto_video_option\n    self.is_click(buy['video-option'])\n  File \"D:\\auto_test_iMyMac\\PycharmProjects\\pytest_project\\page\\basepage.py\", line 89, in is_click\n    self.find_element(loc).click()\n  File \"D:\\auto_test_iMyMac\\PycharmProjects\\pytest_project\\page\\basepage.py\", line 49, in find_element\n    WebPage.element_locator(lambda *args: self.wait.until(EC.presence_of_element_located(args)), loc)\n  File \"D:\\auto_test_iMyMac\\PycharmProjects\\pytest_project\\page\\basepage.py\", line 40, in element_locator\n    return func(cm.LOCATE_MODE[name], value)\n  File \"D:\\auto_test_iMyMac\\PycharmProjects\\pytest_project\\page\\basepage.py\", line 49, in <lambda>\n    WebPage.element_locator(lambda *args: self.wait.until(EC.presence_of_element_located(args)), loc)\n  File \"c:\\users\\123\\appdata\\local\\programs\\python\\python39\\lib\\site-packages\\selenium\\webdriver\\support\\wait.py\", line 80, in until\n    raise TimeoutException(message, screen, stacktrace)\n",
      "steps" : [ ],
      "attachments" : [ ],
      "parameters" : [ ],
      "stepsCount" : 0,
      "hasContent" : true,
      "shouldDisplayMessage" : true,
      "attachmentsCount" : 0
    }, {
      "name" : "添加失败截图...",
      "time" : {
        "start" : 1637047877295,
        "stop" : 1637047877749,
        "duration" : 454
      },
      "status" : "passed",
      "steps" : [ ],
      "attachments" : [ {
        "uid" : "b907b416d60f64a7",
        "name" : "失败截图",
        "source" : "b907b416d60f64a7.png",
        "type" : "image/png",
        "size" : 712306
      } ],
      "parameters" : [ ],
      "stepsCount" : 0,
      "hasContent" : true,
      "shouldDisplayMessage" : false,
      "attachmentsCount" : 1
    } ],
    "attachments" : [ {
      "uid" : "d9673a6171cf0f52",
      "name" : "log",
      "source" : "d9673a6171cf0f52.txt",
      "type" : "text/plain",
      "size" : 159
    }, {
      "uid" : "a0ed7980cb10a9f8",
      "name" : "stderr",
      "source" : "a0ed7980cb10a9f8.txt",
      "type" : "text/plain",
      "size" : 176
    } ],
    "parameters" : [ ],
    "stepsCount" : 2,
    "hasContent" : true,
    "shouldDisplayMessage" : true,
    "attachmentsCount" : 3
  },
  "afterStages" : [ {
    "name" : "drivers::0",
    "time" : {
      "start" : 1637048803679,
      "stop" : 1637048805774,
      "duration" : 2095
    },
    "status" : "passed",
    "steps" : [ ],
    "attachments" : [ ],
    "parameters" : [ ],
    "stepsCount" : 0,
    "hasContent" : false,
    "shouldDisplayMessage" : false,
    "attachmentsCount" : 0
  } ],
  "labels" : [ {
    "name" : "tag",
    "value" : "购买套餐1"
  }, {
    "name" : "severity",
    "value" : "blocker"
  }, {
    "name" : "feature",
    "value" : "Store页面测试"
  }, {
    "name" : "story",
    "value" : "套餐购买页面内容测试"
  }, {
    "name" : "parentSuite",
    "value" : "TestCase.store_test_case"
  }, {
    "name" : "suite",
    "value" : "test_buy_option"
  }, {
    "name" : "subSuite",
    "value" : "TestBody"
  }, {
    "name" : "host",
    "value" : "DESKTOP-9RE2F6C"
  }, {
    "name" : "thread",
    "value" : "1832-MainThread"
  }, {
    "name" : "framework",
    "value" : "pytest"
  }, {
    "name" : "language",
    "value" : "cpython3"
  }, {
    "name" : "package",
    "value" : "TestCase.store_test_case.test_buy_option"
  }, {
    "name" : "resultFormat",
    "value" : "allure2"
  } ],
  "parameters" : [ ],
  "links" : [ ],
  "hidden" : false,
  "retry" : false,
  "extra" : {
    "severity" : "blocker",
    "retries" : [ {
      "uid" : "45401c35bdb43095",
      "status" : "broken",
      "statusDetails" : "selenium.common.exceptions.TimeoutException: Message:",
      "time" : {
        "start" : 1637047849582,
        "stop" : 1637047860141,
        "duration" : 10559
      }
    } ],
    "categories" : [ {
      "name" : "Test defects",
      "matchedStatuses" : [ ],
      "flaky" : false
    } ],
    "history" : {
      "statistic" : {
        "failed" : 0,
        "broken" : 1,
        "skipped" : 0,
        "passed" : 4,
        "unknown" : 0,
        "total" : 5
      },
      "items" : [ {
        "uid" : "62ba23d2dd2402af",
        "reportUrl" : "http://localhost:8080/jenkins/job/selenium_auto_test_IMyMac/27/allure/#testresult/62ba23d2dd2402af",
        "status" : "passed",
        "time" : {
          "start" : 1637045387246,
          "stop" : 1637045389550,
          "duration" : 2304
        }
      }, {
        "uid" : "6905691f10b978d9",
        "reportUrl" : "http://localhost:8080/jenkins/job/selenium_auto_test_IMyMac/26/allure/#testresult/6905691f10b978d9",
        "status" : "passed",
        "time" : {
          "start" : 1637043534705,
          "stop" : 1637043537164,
          "duration" : 2459
        }
      }, {
        "uid" : "cad99e3a39cf23b",
        "reportUrl" : "http://localhost:8080/jenkins/job/selenium_auto_test_IMyMac/23/allure/#testresult/cad99e3a39cf23b",
        "status" : "passed",
        "time" : {
          "start" : 1636967714166,
          "stop" : 1636967716494,
          "duration" : 2328
        }
      }, {
        "uid" : "2eb678f2e5117ff7",
        "reportUrl" : "http://localhost:8080/jenkins/job/selenium_auto_test_IMyMac/22/allure/#testresult/2eb678f2e5117ff7",
        "status" : "passed",
        "time" : {
          "start" : 1636940769578,
          "stop" : 1636940771883,
          "duration" : 2305
        }
      } ]
    },
    "tags" : [ "购买套餐1" ]
  },
  "source" : "91df68216f310b96.json",
  "parameterValues" : [ ]
}