{
  "uid" : "938f3f25fd2b2f6a",
  "name" : "Company下的链接测试",
  "fullName" : "TestCase.sitemap_test_case.test_sitemap.TestBody#test_010",
  "historyId" : "0c8f5cf56d9b020144dfbf17997faae4",
  "time" : {
    "start" : 1637047643304,
    "stop" : 1637047653829,
    "duration" : 10525
  },
  "status" : "broken",
  "statusMessage" : "selenium.common.exceptions.TimeoutException: Message:",
  "statusTrace" : "self = <pytest_project.TestCase.sitemap_test_case.test_sitemap.TestBody object at 0x0000026AEB1F7DF0>\nkey = 'Terms of Use'\n\n    @allure.title('Company下的链接测试')\n    @pytest.mark.parametrize('key', get_branch_all_keys().get_branch_all_keys(sitemap.data, 'Company'))\n    def test_010(self, key):\n        allure.dynamic.tag(\"{}链接\".format(key))\n>       self.driver.click_company_link(key)\n\nTestCase\\sitemap_test_case\\test_sitemap.py:95: \n_ _ _ _ _ _ _ _ _ _ _ _ _ _ _ _ _ _ _ _ _ _ _ _ _ _ _ _ _ _ _ _ _ _ _ _ _ _ _ _\npage_object\\sitemap\\sitemap_page.py:27: in click_company_link\n    self.is_click(get_branch_value_with_key(key, sitemap.data, 'Company'))\npage\\basepage.py:89: in is_click\n    self.find_element(loc).click()\npage\\basepage.py:49: in find_element\n    WebPage.element_locator(lambda *args: self.wait.until(EC.presence_of_element_located(args)), loc)\npage\\basepage.py:40: in element_locator\n    return func(cm.LOCATE_MODE[name], value)\npage\\basepage.py:49: in <lambda>\n    WebPage.element_locator(lambda *args: self.wait.until(EC.presence_of_element_located(args)), loc)\n_ _ _ _ _ _ _ _ _ _ _ _ _ _ _ _ _ _ _ _ _ _ _ _ _ _ _ _ _ _ _ _ _ _ _ _ _ _ _ _\n\nself = <selenium.webdriver.support.wait.WebDriverWait (session=\"edfa82b985453c34a269236fa9d0f61b\")>\nmethod = <selenium.webdriver.support.expected_conditions.presence_of_element_located object at 0x0000026AEB07C850>\nmessage = ''\n\n    def until(self, method, message=''):\n        \"\"\"Calls the method provided with the driver as an argument until the \\\n        return value is not False.\"\"\"\n        screen = None\n        stacktrace = None\n    \n        end_time = time.time() + self._timeout\n        while True:\n            try:\n                value = method(self._driver)\n                if value:\n                    return value\n            except self._ignored_exceptions as exc:\n                screen = getattr(exc, 'screen', None)\n                stacktrace = getattr(exc, 'stacktrace', None)\n            time.sleep(self._poll)\n            if time.time() > end_time:\n                break\n>       raise TimeoutException(message, screen, stacktrace)\nE       selenium.common.exceptions.TimeoutException: Message:\n\nc:\\users\\123\\appdata\\local\\programs\\python\\python39\\lib\\site-packages\\selenium\\webdriver\\support\\wait.py:80: TimeoutException",
  "flaky" : false,
  "newFailed" : false,
  "beforeStages" : [ {
    "name" : "base_url",
    "time" : {
      "start" : 1637046945113,
      "stop" : 1637046945113,
      "duration" : 0
    },
    "status" : "passed",
    "steps" : [ ],
    "attachments" : [ ],
    "parameters" : [ ],
    "stepsCount" : 0,
    "hasContent" : false,
    "shouldDisplayMessage" : false,
    "attachmentsCount" : 0
  }, {
    "name" : "drivers",
    "time" : {
      "start" : 1637046945113,
      "stop" : 1637046947894,
      "duration" : 2781
    },
    "status" : "passed",
    "steps" : [ ],
    "attachments" : [ ],
    "parameters" : [ ],
    "stepsCount" : 0,
    "hasContent" : false,
    "shouldDisplayMessage" : false,
    "attachmentsCount" : 0
  }, {
    "name" : "_verify_url",
    "time" : {
      "start" : 1637046945113,
      "stop" : 1637046945113,
      "duration" : 0
    },
    "status" : "passed",
    "steps" : [ ],
    "attachments" : [ ],
    "parameters" : [ ],
    "stepsCount" : 0,
    "hasContent" : false,
    "shouldDisplayMessage" : false,
    "attachmentsCount" : 0
  }, {
    "name" : "sensitive_url",
    "time" : {
      "start" : 1637046947894,
      "stop" : 1637046947894,
      "duration" : 0
    },
    "status" : "passed",
    "steps" : [ ],
    "attachments" : [ ],
    "parameters" : [ ],
    "stepsCount" : 0,
    "hasContent" : false,
    "shouldDisplayMessage" : false,
    "attachmentsCount" : 0
  }, {
    "name" : "_skip_sensitive",
    "time" : {
      "start" : 1637047643107,
      "stop" : 1637047643107,
      "duration" : 0
    },
    "status" : "passed",
    "steps" : [ ],
    "attachments" : [ ],
    "parameters" : [ ],
    "stepsCount" : 0,
    "hasContent" : false,
    "shouldDisplayMessage" : false,
    "attachmentsCount" : 0
  }, {
    "name" : "open_url",
    "time" : {
      "start" : 1637047643107,
      "stop" : 1637047643303,
      "duration" : 196
    },
    "status" : "passed",
    "steps" : [ ],
    "attachments" : [ ],
    "parameters" : [ ],
    "stepsCount" : 0,
    "hasContent" : false,
    "shouldDisplayMessage" : false,
    "attachmentsCount" : 0
  } ],
  "testStage" : {
    "status" : "broken",
    "statusMessage" : "selenium.common.exceptions.TimeoutException: Message:",
    "statusTrace" : "self = <pytest_project.TestCase.sitemap_test_case.test_sitemap.TestBody object at 0x0000026AEB1F7DF0>\nkey = 'Terms of Use'\n\n    @allure.title('Company下的链接测试')\n    @pytest.mark.parametrize('key', get_branch_all_keys().get_branch_all_keys(sitemap.data, 'Company'))\n    def test_010(self, key):\n        allure.dynamic.tag(\"{}链接\".format(key))\n>       self.driver.click_company_link(key)\n\nTestCase\\sitemap_test_case\\test_sitemap.py:95: \n_ _ _ _ _ _ _ _ _ _ _ _ _ _ _ _ _ _ _ _ _ _ _ _ _ _ _ _ _ _ _ _ _ _ _ _ _ _ _ _\npage_object\\sitemap\\sitemap_page.py:27: in click_company_link\n    self.is_click(get_branch_value_with_key(key, sitemap.data, 'Company'))\npage\\basepage.py:89: in is_click\n    self.find_element(loc).click()\npage\\basepage.py:49: in find_element\n    WebPage.element_locator(lambda *args: self.wait.until(EC.presence_of_element_located(args)), loc)\npage\\basepage.py:40: in element_locator\n    return func(cm.LOCATE_MODE[name], value)\npage\\basepage.py:49: in <lambda>\n    WebPage.element_locator(lambda *args: self.wait.until(EC.presence_of_element_located(args)), loc)\n_ _ _ _ _ _ _ _ _ _ _ _ _ _ _ _ _ _ _ _ _ _ _ _ _ _ _ _ _ _ _ _ _ _ _ _ _ _ _ _\n\nself = <selenium.webdriver.support.wait.WebDriverWait (session=\"edfa82b985453c34a269236fa9d0f61b\")>\nmethod = <selenium.webdriver.support.expected_conditions.presence_of_element_located object at 0x0000026AEB07C850>\nmessage = ''\n\n    def until(self, method, message=''):\n        \"\"\"Calls the method provided with the driver as an argument until the \\\n        return value is not False.\"\"\"\n        screen = None\n        stacktrace = None\n    \n        end_time = time.time() + self._timeout\n        while True:\n            try:\n                value = method(self._driver)\n                if value:\n                    return value\n            except self._ignored_exceptions as exc:\n                screen = getattr(exc, 'screen', None)\n                stacktrace = getattr(exc, 'stacktrace', None)\n            time.sleep(self._poll)\n            if time.time() > end_time:\n                break\n>       raise TimeoutException(message, screen, stacktrace)\nE       selenium.common.exceptions.TimeoutException: Message:\n\nc:\\users\\123\\appdata\\local\\programs\\python\\python39\\lib\\site-packages\\selenium\\webdriver\\support\\wait.py:80: TimeoutException",
    "steps" : [ {
      "name" : "点击Company下的链接",
      "time" : {
        "start" : 1637047643304,
        "stop" : 1637047653828,
        "duration" : 10524
      },
      "status" : "broken",
      "statusMessage" : "selenium.common.exceptions.TimeoutException: Message: \n\n",
      "statusTrace" : "  File \"c:\\users\\123\\appdata\\local\\programs\\python\\python39\\lib\\site-packages\\allure_commons\\_allure.py\", line 172, in impl\n    return func(*a, **kw)\n  File \"D:\\auto_test_iMyMac\\PycharmProjects\\pytest_project\\page_object\\sitemap\\sitemap_page.py\", line 27, in click_company_link\n    self.is_click(get_branch_value_with_key(key, sitemap.data, 'Company'))\n  File \"D:\\auto_test_iMyMac\\PycharmProjects\\pytest_project\\page\\basepage.py\", line 89, in is_click\n    self.find_element(loc).click()\n  File \"D:\\auto_test_iMyMac\\PycharmProjects\\pytest_project\\page\\basepage.py\", line 49, in find_element\n    WebPage.element_locator(lambda *args: self.wait.until(EC.presence_of_element_located(args)), loc)\n  File \"D:\\auto_test_iMyMac\\PycharmProjects\\pytest_project\\page\\basepage.py\", line 40, in element_locator\n    return func(cm.LOCATE_MODE[name], value)\n  File \"D:\\auto_test_iMyMac\\PycharmProjects\\pytest_project\\page\\basepage.py\", line 49, in <lambda>\n    WebPage.element_locator(lambda *args: self.wait.until(EC.presence_of_element_located(args)), loc)\n  File \"c:\\users\\123\\appdata\\local\\programs\\python\\python39\\lib\\site-packages\\selenium\\webdriver\\support\\wait.py\", line 80, in until\n    raise TimeoutException(message, screen, stacktrace)\n",
      "steps" : [ ],
      "attachments" : [ ],
      "parameters" : [ {
        "name" : "key",
        "value" : "'Terms of Use'"
      } ],
      "stepsCount" : 0,
      "hasContent" : true,
      "shouldDisplayMessage" : true,
      "attachmentsCount" : 0
    }, {
      "name" : "添加失败截图...",
      "time" : {
        "start" : 1637047653977,
        "stop" : 1637047654099,
        "duration" : 122
      },
      "status" : "passed",
      "steps" : [ ],
      "attachments" : [ {
        "uid" : "b571cfb022c7e867",
        "name" : "失败截图",
        "source" : "b571cfb022c7e867.png",
        "type" : "image/png",
        "size" : 171804
      } ],
      "parameters" : [ ],
      "stepsCount" : 0,
      "hasContent" : true,
      "shouldDisplayMessage" : false,
      "attachmentsCount" : 1
    } ],
    "attachments" : [ {
      "uid" : "66a25e546e9790bb",
      "name" : "log",
      "source" : "66a25e546e9790bb.txt",
      "type" : "text/plain",
      "size" : 163
    }, {
      "uid" : "4643105e1e36cff2",
      "name" : "stderr",
      "source" : "4643105e1e36cff2.txt",
      "type" : "text/plain",
      "size" : 180
    } ],
    "parameters" : [ ],
    "stepsCount" : 2,
    "hasContent" : true,
    "shouldDisplayMessage" : true,
    "attachmentsCount" : 3
  },
  "afterStages" : [ {
    "name" : "drivers::0",
    "time" : {
      "start" : 1637048786165,
      "stop" : 1637048788278,
      "duration" : 2113
    },
    "status" : "passed",
    "steps" : [ ],
    "attachments" : [ ],
    "parameters" : [ ],
    "stepsCount" : 0,
    "hasContent" : false,
    "shouldDisplayMessage" : false,
    "attachmentsCount" : 0
  } ],
  "labels" : [ {
    "name" : "tag",
    "value" : "Terms of Use链接"
  }, {
    "name" : "feature",
    "value" : "网址地图页面测试"
  }, {
    "name" : "story",
    "value" : "功能测试"
  }, {
    "name" : "parentSuite",
    "value" : "TestCase.sitemap_test_case"
  }, {
    "name" : "suite",
    "value" : "test_sitemap"
  }, {
    "name" : "subSuite",
    "value" : "TestBody"
  }, {
    "name" : "host",
    "value" : "DESKTOP-9RE2F6C"
  }, {
    "name" : "thread",
    "value" : "19400-MainThread"
  }, {
    "name" : "framework",
    "value" : "pytest"
  }, {
    "name" : "language",
    "value" : "cpython3"
  }, {
    "name" : "package",
    "value" : "TestCase.sitemap_test_case.test_sitemap"
  }, {
    "name" : "resultFormat",
    "value" : "allure2"
  } ],
  "parameters" : [ {
    "name" : "key",
    "value" : "'Terms of Use'"
  } ],
  "links" : [ ],
  "hidden" : false,
  "retry" : false,
  "extra" : {
    "severity" : "normal",
    "retries" : [ {
      "uid" : "697ee229c50328f3",
      "status" : "broken",
      "statusDetails" : "selenium.common.exceptions.TimeoutException: Message:",
      "time" : {
        "start" : 1637047627300,
        "stop" : 1637047637817,
        "duration" : 10517
      }
    } ],
    "categories" : [ {
      "name" : "Test defects",
      "matchedStatuses" : [ ],
      "flaky" : false
    } ],
    "history" : {
      "statistic" : {
        "failed" : 0,
        "broken" : 1,
        "skipped" : 0,
        "passed" : 4,
        "unknown" : 0,
        "total" : 5
      },
      "items" : [ {
        "uid" : "c3905c35a736f30",
        "reportUrl" : "http://localhost:8080/jenkins/job/selenium_auto_test_IMyMac/27/allure/#testresult/c3905c35a736f30",
        "status" : "passed",
        "time" : {
          "start" : 1637045364350,
          "stop" : 1637045365894,
          "duration" : 1544
        }
      }, {
        "uid" : "3e7b61c4ed51c384",
        "reportUrl" : "http://localhost:8080/jenkins/job/selenium_auto_test_IMyMac/26/allure/#testresult/3e7b61c4ed51c384",
        "status" : "passed",
        "time" : {
          "start" : 1637043471405,
          "stop" : 1637043472901,
          "duration" : 1496
        }
      }, {
        "uid" : "15f04524feb441cf",
        "reportUrl" : "http://localhost:8080/jenkins/job/selenium_auto_test_IMyMac/23/allure/#testresult/15f04524feb441cf",
        "status" : "passed",
        "time" : {
          "start" : 1636967589794,
          "stop" : 1636967591346,
          "duration" : 1552
        }
      }, {
        "uid" : "6b3957ccca708452",
        "reportUrl" : "http://localhost:8080/jenkins/job/selenium_auto_test_IMyMac/22/allure/#testresult/6b3957ccca708452",
        "status" : "passed",
        "time" : {
          "start" : 1636940728157,
          "stop" : 1636940729815,
          "duration" : 1658
        }
      } ]
    },
    "tags" : [ "Terms of Use链接" ]
  },
  "source" : "938f3f25fd2b2f6a.json",
  "parameterValues" : [ "'Terms of Use'" ]
}