{
  "uid" : "998c4e08fd4d5b26",
  "name" : "video购买页面添加支付卡信息错误测试",
  "fullName" : "TestCase.store_test_case.test_store.TestBody#test_033",
  "historyId" : "840e07cfb1ee3f2ec69d28e4b2c48dbb",
  "time" : {
    "start" : 1637045653174,
    "stop" : 1637045665123,
    "duration" : 11949
  },
  "description" : "video购买页面添加支付卡信息错误功能测试",
  "descriptionHtml" : "<p>video购买页面添加支付卡信息错误功能测试</p>\n",
  "status" : "failed",
  "statusMessage" : "AssertionError: assert '您输入的 CVV 无效。' in ['The name you entered is not valid.', 'The credit card you entered is not valid.', 'The expiry month you entered is not valid.', 'The expiry year you entered is not valid.', 'The CVV you entered is not valid.']\n +  where ['The name you entered is not valid.', 'The credit card you entered is not valid.', 'The expiry month you entered is not valid.', 'The expiry year you entered is not valid.', 'The CVV you entered is not valid.'] = <bound method StorePage.return_card_pay_error_texts of <pytest_project.page_object.store.store_page.StorePage object at 0x0000029CC4A8D880>>()\n +    where <bound method StorePage.return_card_pay_error_texts of <pytest_project.page_object.store.store_page.StorePage object at 0x0000029CC4A8D880>> = <pytest_project.page_object.store.store_page.StorePage object at 0x0000029CC4A8D880>.return_card_pay_error_texts\n +      where <pytest_project.page_object.store.store_page.StorePage object at 0x0000029CC4A8D880> = <pytest_project.TestCase.store_test_case.test_store.TestBody object at 0x0000029CC4A8D250>.driver",
  "statusTrace" : "self = <pytest_project.TestCase.store_test_case.test_store.TestBody object at 0x0000029CC4A8D250>\nnumber = '', name = '', month = '', year = '', pwd = '56'\nerror_text = '您输入的 CVV 无效。'\n\n    @pytest.mark.parametrize('number,name,month,year,pwd,error_text', getExcelAllData('卡片支付', 'Store/store.xlsx'))\n    @allure.title('video购买页面添加支付卡信息错误测试')\n    def test_033(self, number, name, month, year, pwd, error_text):\n        \"\"\"video购买页面添加支付卡信息错误功能测试\"\"\"\n        allure.dynamic.tag('填写支付卡信息')\n        self.driver.video_buy_three_step()\n        self.driver.card_to_pay()\n        self.driver.send_cardNumber(number)\n        self.driver.send_cardName(name)\n        self.driver.send_cardMonth(month)\n        self.driver.send_cardYear(year)\n        self.driver.send_cardPwd(pwd)\n        self.driver.submit_card()\n>       assert error_text in self.driver.return_card_pay_error_texts()\nE       AssertionError: assert '您输入的 CVV 无效。' in ['The name you entered is not valid.', 'The credit card you entered is not valid.', 'The expiry month you entered is not valid.', 'The expiry year you entered is not valid.', 'The CVV you entered is not valid.']\nE        +  where ['The name you entered is not valid.', 'The credit card you entered is not valid.', 'The expiry month you entered is not valid.', 'The expiry year you entered is not valid.', 'The CVV you entered is not valid.'] = <bound method StorePage.return_card_pay_error_texts of <pytest_project.page_object.store.store_page.StorePage object at 0x0000029CC4A8D880>>()\nE        +    where <bound method StorePage.return_card_pay_error_texts of <pytest_project.page_object.store.store_page.StorePage object at 0x0000029CC4A8D880>> = <pytest_project.page_object.store.store_page.StorePage object at 0x0000029CC4A8D880>.return_card_pay_error_texts\nE        +      where <pytest_project.page_object.store.store_page.StorePage object at 0x0000029CC4A8D880> = <pytest_project.TestCase.store_test_case.test_store.TestBody object at 0x0000029CC4A8D250>.driver\n\nTestCase\\store_test_case\\test_store.py:330: AssertionError",
  "flaky" : false,
  "newFailed" : false,
  "beforeStages" : [ {
    "name" : "base_url",
    "time" : {
      "start" : 1637045081635,
      "stop" : 1637045081635,
      "duration" : 0
    },
    "status" : "passed",
    "steps" : [ ],
    "attachments" : [ ],
    "parameters" : [ ],
    "stepsCount" : 0,
    "hasContent" : false,
    "attachmentsCount" : 0,
    "shouldDisplayMessage" : false
  }, {
    "name" : "drivers",
    "time" : {
      "start" : 1637045081635,
      "stop" : 1637045084369,
      "duration" : 2734
    },
    "status" : "passed",
    "steps" : [ ],
    "attachments" : [ ],
    "parameters" : [ ],
    "stepsCount" : 0,
    "hasContent" : false,
    "attachmentsCount" : 0,
    "shouldDisplayMessage" : false
  }, {
    "name" : "_verify_url",
    "time" : {
      "start" : 1637045081635,
      "stop" : 1637045081635,
      "duration" : 0
    },
    "status" : "passed",
    "steps" : [ ],
    "attachments" : [ ],
    "parameters" : [ ],
    "stepsCount" : 0,
    "hasContent" : false,
    "attachmentsCount" : 0,
    "shouldDisplayMessage" : false
  }, {
    "name" : "sensitive_url",
    "time" : {
      "start" : 1637045084369,
      "stop" : 1637045084369,
      "duration" : 0
    },
    "status" : "passed",
    "steps" : [ ],
    "attachments" : [ ],
    "parameters" : [ ],
    "stepsCount" : 0,
    "hasContent" : false,
    "attachmentsCount" : 0,
    "shouldDisplayMessage" : false
  }, {
    "name" : "open_url",
    "time" : {
      "start" : 1637045652964,
      "stop" : 1637045653173,
      "duration" : 209
    },
    "status" : "passed",
    "steps" : [ ],
    "attachments" : [ ],
    "parameters" : [ ],
    "stepsCount" : 0,
    "hasContent" : false,
    "attachmentsCount" : 0,
    "shouldDisplayMessage" : false
  }, {
    "name" : "_skip_sensitive",
    "time" : {
      "start" : 1637045652964,
      "stop" : 1637045652964,
      "duration" : 0
    },
    "status" : "passed",
    "steps" : [ ],
    "attachments" : [ ],
    "parameters" : [ ],
    "stepsCount" : 0,
    "hasContent" : false,
    "attachmentsCount" : 0,
    "shouldDisplayMessage" : false
  } ],
  "testStage" : {
    "description" : "video购买页面添加支付卡信息错误功能测试",
    "status" : "failed",
    "statusMessage" : "AssertionError: assert '您输入的 CVV 无效。' in ['The name you entered is not valid.', 'The credit card you entered is not valid.', 'The expiry month you entered is not valid.', 'The expiry year you entered is not valid.', 'The CVV you entered is not valid.']\n +  where ['The name you entered is not valid.', 'The credit card you entered is not valid.', 'The expiry month you entered is not valid.', 'The expiry year you entered is not valid.', 'The CVV you entered is not valid.'] = <bound method StorePage.return_card_pay_error_texts of <pytest_project.page_object.store.store_page.StorePage object at 0x0000029CC4A8D880>>()\n +    where <bound method StorePage.return_card_pay_error_texts of <pytest_project.page_object.store.store_page.StorePage object at 0x0000029CC4A8D880>> = <pytest_project.page_object.store.store_page.StorePage object at 0x0000029CC4A8D880>.return_card_pay_error_texts\n +      where <pytest_project.page_object.store.store_page.StorePage object at 0x0000029CC4A8D880> = <pytest_project.TestCase.store_test_case.test_store.TestBody object at 0x0000029CC4A8D250>.driver",
    "statusTrace" : "self = <pytest_project.TestCase.store_test_case.test_store.TestBody object at 0x0000029CC4A8D250>\nnumber = '', name = '', month = '', year = '', pwd = '56'\nerror_text = '您输入的 CVV 无效。'\n\n    @pytest.mark.parametrize('number,name,month,year,pwd,error_text', getExcelAllData('卡片支付', 'Store/store.xlsx'))\n    @allure.title('video购买页面添加支付卡信息错误测试')\n    def test_033(self, number, name, month, year, pwd, error_text):\n        \"\"\"video购买页面添加支付卡信息错误功能测试\"\"\"\n        allure.dynamic.tag('填写支付卡信息')\n        self.driver.video_buy_three_step()\n        self.driver.card_to_pay()\n        self.driver.send_cardNumber(number)\n        self.driver.send_cardName(name)\n        self.driver.send_cardMonth(month)\n        self.driver.send_cardYear(year)\n        self.driver.send_cardPwd(pwd)\n        self.driver.submit_card()\n>       assert error_text in self.driver.return_card_pay_error_texts()\nE       AssertionError: assert '您输入的 CVV 无效。' in ['The name you entered is not valid.', 'The credit card you entered is not valid.', 'The expiry month you entered is not valid.', 'The expiry year you entered is not valid.', 'The CVV you entered is not valid.']\nE        +  where ['The name you entered is not valid.', 'The credit card you entered is not valid.', 'The expiry month you entered is not valid.', 'The expiry year you entered is not valid.', 'The CVV you entered is not valid.'] = <bound method StorePage.return_card_pay_error_texts of <pytest_project.page_object.store.store_page.StorePage object at 0x0000029CC4A8D880>>()\nE        +    where <bound method StorePage.return_card_pay_error_texts of <pytest_project.page_object.store.store_page.StorePage object at 0x0000029CC4A8D880>> = <pytest_project.page_object.store.store_page.StorePage object at 0x0000029CC4A8D880>.return_card_pay_error_texts\nE        +      where <pytest_project.page_object.store.store_page.StorePage object at 0x0000029CC4A8D880> = <pytest_project.TestCase.store_test_case.test_store.TestBody object at 0x0000029CC4A8D250>.driver\n\nTestCase\\store_test_case\\test_store.py:330: AssertionError",
    "steps" : [ {
      "name" : "进入购买video第三步页面",
      "time" : {
        "start" : 1637045653174,
        "stop" : 1637045659516,
        "duration" : 6342
      },
      "status" : "passed",
      "steps" : [ {
        "name" : "进入购买video第二步页面",
        "time" : {
          "start" : 1637045653174,
          "stop" : 1637045658378,
          "duration" : 5204
        },
        "status" : "passed",
        "steps" : [ {
          "name" : "进入购买video第一步页面",
          "time" : {
            "start" : 1637045653174,
            "stop" : 1637045657202,
            "duration" : 4028
          },
          "status" : "passed",
          "steps" : [ {
            "name" : "切换到video购买页面",
            "time" : {
              "start" : 1637045654225,
              "stop" : 1637045656195,
              "duration" : 1970
            },
            "status" : "passed",
            "steps" : [ ],
            "attachments" : [ ],
            "parameters" : [ ],
            "stepsCount" : 0,
            "hasContent" : false,
            "attachmentsCount" : 0,
            "shouldDisplayMessage" : false
          } ],
          "attachments" : [ ],
          "parameters" : [ ],
          "stepsCount" : 1,
          "hasContent" : true,
          "attachmentsCount" : 0,
          "shouldDisplayMessage" : false
        }, {
          "name" : "输入邮箱",
          "time" : {
            "start" : 1637045657202,
            "stop" : 1637045657294,
            "duration" : 92
          },
          "status" : "passed",
          "steps" : [ ],
          "attachments" : [ ],
          "parameters" : [ {
            "name" : "text",
            "value" : "'123@123.com'"
          } ],
          "stepsCount" : 0,
          "hasContent" : true,
          "attachmentsCount" : 0,
          "shouldDisplayMessage" : false
        }, {
          "name" : "点击确认邮箱按钮",
          "time" : {
            "start" : 1637045657294,
            "stop" : 1637045658378,
            "duration" : 1084
          },
          "status" : "passed",
          "steps" : [ ],
          "attachments" : [ ],
          "parameters" : [ ],
          "stepsCount" : 0,
          "hasContent" : false,
          "attachmentsCount" : 0,
          "shouldDisplayMessage" : false
        } ],
        "attachments" : [ ],
        "parameters" : [ ],
        "stepsCount" : 4,
        "hasContent" : true,
        "attachmentsCount" : 0,
        "shouldDisplayMessage" : false
      }, {
        "name" : "点击地区下拉框",
        "time" : {
          "start" : 1637045658378,
          "stop" : 1637045658431,
          "duration" : 53
        },
        "status" : "passed",
        "steps" : [ ],
        "attachments" : [ ],
        "parameters" : [ {
          "name" : "language",
          "value" : "'CN'"
        } ],
        "stepsCount" : 0,
        "hasContent" : true,
        "attachmentsCount" : 0,
        "shouldDisplayMessage" : false
      }, {
        "name" : "点击确认地区",
        "time" : {
          "start" : 1637045658431,
          "stop" : 1637045659516,
          "duration" : 1085
        },
        "status" : "passed",
        "steps" : [ ],
        "attachments" : [ ],
        "parameters" : [ ],
        "stepsCount" : 0,
        "hasContent" : false,
        "attachmentsCount" : 0,
        "shouldDisplayMessage" : false
      } ],
      "attachments" : [ ],
      "parameters" : [ ],
      "stepsCount" : 7,
      "hasContent" : true,
      "attachmentsCount" : 0,
      "shouldDisplayMessage" : false
    }, {
      "name" : "选择卡片支付",
      "time" : {
        "start" : 1637045659516,
        "stop" : 1637045662583,
        "duration" : 3067
      },
      "status" : "passed",
      "steps" : [ ],
      "attachments" : [ ],
      "parameters" : [ ],
      "stepsCount" : 0,
      "hasContent" : false,
      "attachmentsCount" : 0,
      "shouldDisplayMessage" : false
    }, {
      "name" : "输入卡号",
      "time" : {
        "start" : 1637045662583,
        "stop" : 1637045662678,
        "duration" : 95
      },
      "status" : "passed",
      "steps" : [ ],
      "attachments" : [ ],
      "parameters" : [ {
        "name" : "number",
        "value" : "''"
      } ],
      "stepsCount" : 0,
      "hasContent" : true,
      "attachmentsCount" : 0,
      "shouldDisplayMessage" : false
    }, {
      "name" : "输入持卡人",
      "time" : {
        "start" : 1637045662678,
        "stop" : 1637045662744,
        "duration" : 66
      },
      "status" : "passed",
      "steps" : [ ],
      "attachments" : [ ],
      "parameters" : [ {
        "name" : "name",
        "value" : "''"
      } ],
      "stepsCount" : 0,
      "hasContent" : true,
      "attachmentsCount" : 0,
      "shouldDisplayMessage" : false
    }, {
      "name" : "输入截至月",
      "time" : {
        "start" : 1637045662744,
        "stop" : 1637045662803,
        "duration" : 59
      },
      "status" : "passed",
      "steps" : [ ],
      "attachments" : [ ],
      "parameters" : [ {
        "name" : "month",
        "value" : "''"
      } ],
      "stepsCount" : 0,
      "hasContent" : true,
      "attachmentsCount" : 0,
      "shouldDisplayMessage" : false
    }, {
      "name" : "输入截至年",
      "time" : {
        "start" : 1637045662803,
        "stop" : 1637045662861,
        "duration" : 58
      },
      "status" : "passed",
      "steps" : [ ],
      "attachments" : [ ],
      "parameters" : [ {
        "name" : "year",
        "value" : "''"
      } ],
      "stepsCount" : 0,
      "hasContent" : true,
      "attachmentsCount" : 0,
      "shouldDisplayMessage" : false
    }, {
      "name" : "输入安全码",
      "time" : {
        "start" : 1637045662861,
        "stop" : 1637045662935,
        "duration" : 74
      },
      "status" : "passed",
      "steps" : [ ],
      "attachments" : [ ],
      "parameters" : [ {
        "name" : "pwd",
        "value" : "'56'"
      } ],
      "stepsCount" : 0,
      "hasContent" : true,
      "attachmentsCount" : 0,
      "shouldDisplayMessage" : false
    }, {
      "name" : "提交输入卡信息",
      "time" : {
        "start" : 1637045662935,
        "stop" : 1637045665057,
        "duration" : 2122
      },
      "status" : "passed",
      "steps" : [ ],
      "attachments" : [ ],
      "parameters" : [ ],
      "stepsCount" : 0,
      "hasContent" : false,
      "attachmentsCount" : 0,
      "shouldDisplayMessage" : false
    }, {
      "name" : "判断卡支付错误信息",
      "time" : {
        "start" : 1637045665057,
        "stop" : 1637045665122,
        "duration" : 65
      },
      "status" : "passed",
      "steps" : [ ],
      "attachments" : [ ],
      "parameters" : [ ],
      "stepsCount" : 0,
      "hasContent" : false,
      "attachmentsCount" : 0,
      "shouldDisplayMessage" : false
    }, {
      "name" : "添加失败截图...",
      "time" : {
        "start" : 1637045665328,
        "stop" : 1637045665508,
        "duration" : 180
      },
      "status" : "passed",
      "steps" : [ ],
      "attachments" : [ {
        "uid" : "d48f41a3fdcd0bb3",
        "name" : "失败截图",
        "source" : "d48f41a3fdcd0bb3.png",
        "type" : "image/png",
        "size" : 309702
      } ],
      "parameters" : [ ],
      "stepsCount" : 0,
      "hasContent" : true,
      "attachmentsCount" : 1,
      "shouldDisplayMessage" : false
    } ],
    "attachments" : [ {
      "uid" : "55858589381023d7",
      "name" : "log",
      "source" : "55858589381023d7.txt",
      "type" : "text/plain",
      "size" : 3259
    }, {
      "uid" : "189dee4510ba52d1",
      "name" : "stderr",
      "source" : "189dee4510ba52d1.txt",
      "type" : "text/plain",
      "size" : 3516
    } ],
    "parameters" : [ ],
    "stepsCount" : 17,
    "hasContent" : true,
    "attachmentsCount" : 3,
    "shouldDisplayMessage" : true
  },
  "afterStages" : [ {
    "name" : "drivers::0",
    "time" : {
      "start" : 1637045940184,
      "stop" : 1637045942278,
      "duration" : 2094
    },
    "status" : "passed",
    "steps" : [ ],
    "attachments" : [ ],
    "parameters" : [ ],
    "stepsCount" : 0,
    "hasContent" : false,
    "attachmentsCount" : 0,
    "shouldDisplayMessage" : false
  } ],
  "labels" : [ {
    "name" : "tag",
    "value" : "填写支付卡信息"
  }, {
    "name" : "story",
    "value" : "Store主页内容测试"
  }, {
    "name" : "feature",
    "value" : "Store页面测试"
  }, {
    "name" : "severity",
    "value" : "blocker"
  }, {
    "name" : "parentSuite",
    "value" : "TestCase.store_test_case"
  }, {
    "name" : "suite",
    "value" : "test_store"
  }, {
    "name" : "subSuite",
    "value" : "TestBody"
  }, {
    "name" : "host",
    "value" : "DESKTOP-9RE2F6C"
  }, {
    "name" : "thread",
    "value" : "10840-MainThread"
  }, {
    "name" : "framework",
    "value" : "pytest"
  }, {
    "name" : "language",
    "value" : "cpython3"
  }, {
    "name" : "package",
    "value" : "TestCase.store_test_case.test_store"
  }, {
    "name" : "resultFormat",
    "value" : "allure2"
  } ],
  "parameters" : [ {
    "name" : "error_text",
    "value" : "'您输入的 CVV 无效。'"
  }, {
    "name" : "month",
    "value" : "''"
  }, {
    "name" : "name",
    "value" : "''"
  }, {
    "name" : "number",
    "value" : "''"
  }, {
    "name" : "pwd",
    "value" : "'56'"
  }, {
    "name" : "year",
    "value" : "''"
  } ],
  "links" : [ ],
  "hidden" : false,
  "retry" : false,
  "extra" : {
    "severity" : "blocker",
    "retries" : [ {
      "uid" : "7e6166db2eff682f",
      "status" : "failed",
      "statusDetails" : "AssertionError: assert '您输入的 CVV 无效。' in ['The name you entered is not valid.', 'The credit card you entered is not valid.', 'The expiry month you entered is not valid.', 'The expiry year you entered is not valid.', 'The CVV you entered is not valid.']\n +  where ['The name you entered is not valid.', 'The credit card you entered is not valid.', 'The expiry month you entered is not valid.', 'The expiry year you entered is not valid.', 'The CVV you entered is not valid.'] = <bound method StorePage.return_card_pay_error_texts of <pytest_project.page_object.store.store_page.StorePage object at 0x0000029CC4AA32B0>>()\n +    where <bound method StorePage.return_card_pay_error_texts of <pytest_project.page_object.store.store_page.StorePage object at 0x0000029CC4AA32B0>> = <pytest_project.page_object.store.store_page.StorePage object at 0x0000029CC4AA32B0>.return_card_pay_error_texts\n +      where <pytest_project.page_object.store.store_page.StorePage object at 0x0000029CC4AA32B0> = <pytest_project.TestCase.store_test_case.test_store.TestBody object at 0x0000029CC49D1070>.driver",
      "time" : {
        "start" : 1637045635213,
        "stop" : 1637045647551,
        "duration" : 12338
      }
    } ],
    "categories" : [ {
      "name" : "Product defects",
      "matchedStatuses" : [ ],
      "flaky" : false
    } ],
    "history" : {
      "statistic" : {
        "failed" : 4,
        "broken" : 0,
        "skipped" : 0,
        "passed" : 0,
        "unknown" : 0,
        "total" : 4
      },
      "items" : [ {
        "uid" : "754344a1b94a1181",
        "reportUrl" : "http://localhost:8080/jenkins/job/selenium_auto_test_IMyMac/26/allure/#testresult/754344a1b94a1181",
        "status" : "failed",
        "statusDetails" : "AssertionError: assert '您输入的 CVV 无效。' in ['The name you entered is not valid.', 'The credit card you entered is not valid.', 'The expiry month you entered is not valid.', 'The expiry year you entered is not valid.', 'The CVV you entered is not valid.']\n +  where ['The name you entered is not valid.', 'The credit card you entered is not valid.', 'The expiry month you entered is not valid.', 'The expiry year you entered is not valid.', 'The CVV you entered is not valid.'] = <bound method StorePage.return_card_pay_error_texts of <pytest_project.page_object.store.store_page.StorePage object at 0x000001C06819F6D0>>()\n +    where <bound method StorePage.return_card_pay_error_texts of <pytest_project.page_object.store.store_page.StorePage object at 0x000001C06819F6D0>> = <pytest_project.page_object.store.store_page.StorePage object at 0x000001C06819F6D0>.return_card_pay_error_texts\n +      where <pytest_project.page_object.store.store_page.StorePage object at 0x000001C06819F6D0> = <pytest_project.TestCase.store_test_case.test_store.TestBody object at 0x000001C06819FA60>.driver",
        "time" : {
          "start" : 1637044108750,
          "stop" : 1637044121149,
          "duration" : 12399
        }
      }, {
        "uid" : "7ae8126e97e5d1a4",
        "reportUrl" : "http://localhost:8080/jenkins/job/selenium_auto_test_IMyMac/23/allure/#testresult/7ae8126e97e5d1a4",
        "status" : "failed",
        "statusDetails" : "AssertionError: assert '您输入的 CVV 无效。' in ['The name you entered is not valid.', 'The credit card you entered is not valid.', 'The expiry month you entered is not valid.', 'The expiry year you entered is not valid.', 'The CVV you entered is not valid.']\n +  where ['The name you entered is not valid.', 'The credit card you entered is not valid.', 'The expiry month you entered is not valid.', 'The expiry year you entered is not valid.', 'The CVV you entered is not valid.'] = <bound method StorePage.return_card_pay_error_texts of <pytest_project.page_object.store.store_page.StorePage object at 0x00000121FF8349D0>>()\n +    where <bound method StorePage.return_card_pay_error_texts of <pytest_project.page_object.store.store_page.StorePage object at 0x00000121FF8349D0>> = <pytest_project.page_object.store.store_page.StorePage object at 0x00000121FF8349D0>.return_card_pay_error_texts\n +      where <pytest_project.page_object.store.store_page.StorePage object at 0x00000121FF8349D0> = <pytest_project.TestCase.store_test_case.test_store.TestBody object at 0x00000121FF834EB0>.driver",
        "time" : {
          "start" : 1636968246792,
          "stop" : 1636968260862,
          "duration" : 14070
        }
      }, {
        "uid" : "347f9788fae70bec",
        "reportUrl" : "http://localhost:8080/jenkins/job/selenium_auto_test_IMyMac/22/allure/#testresult/347f9788fae70bec",
        "status" : "failed",
        "statusDetails" : "AssertionError: assert '您输入的 CVV 无效。' in ['The name you entered is not valid.', 'The credit card you entered is not valid.', 'The expiry month you entered is not valid.', 'The expiry year you entered is not valid.', 'The CVV you entered is not valid.']\n +  where ['The name you entered is not valid.', 'The credit card you entered is not valid.', 'The expiry month you entered is not valid.', 'The expiry year you entered is not valid.', 'The CVV you entered is not valid.'] = <bound method StorePage.return_card_pay_error_texts of <pytest_project.page_object.store.store_page.StorePage object at 0x000001EB8E27F100>>()\n +    where <bound method StorePage.return_card_pay_error_texts of <pytest_project.page_object.store.store_page.StorePage object at 0x000001EB8E27F100>> = <pytest_project.page_object.store.store_page.StorePage object at 0x000001EB8E27F100>.return_card_pay_error_texts\n +      where <pytest_project.page_object.store.store_page.StorePage object at 0x000001EB8E27F100> = <pytest_project.TestCase.store_test_case.test_store.TestBody object at 0x000001EB8E27F610>.driver",
        "time" : {
          "start" : 1636941322663,
          "stop" : 1636941336037,
          "duration" : 13374
        }
      } ]
    },
    "tags" : [ "填写支付卡信息" ]
  },
  "source" : "998c4e08fd4d5b26.json",
  "parameterValues" : [ "'您输入的 CVV 无效。'", "''", "''", "''", "'56'", "''" ]
}