{
  "uid" : "aa154763a0a28994",
  "name" : "打开邮箱工具测试",
  "fullName" : "TestCase.discount_test_case.test_discount.TestBody#test_004",
  "historyId" : "bec36c3638441ff50d5e44bae890c539",
  "time" : {
    "start" : 1637046980647,
    "stop" : 1637046991214,
    "duration" : 10567
  },
  "status" : "broken",
  "statusMessage" : "selenium.common.exceptions.TimeoutException: Message:",
  "statusTrace" : "self = <pytest_project.TestCase.discount_test_case.test_discount.TestBody object at 0x00000191A381E250>\n\n    @allure.title('打开邮箱工具测试')\n    @allure.tag('链接测试')\n    @allure.severity('critical')\n    def test_004(self):\n>       assert self.driver.if_goto_send_email()\n\nTestCase\\discount_test_case\\test_discount.py:46: \n_ _ _ _ _ _ _ _ _ _ _ _ _ _ _ _ _ _ _ _ _ _ _ _ _ _ _ _ _ _ _ _ _ _ _ _ _ _ _ _\npage_object\\discount\\discount_page.py:36: in if_goto_send_email\n    return self.getAttribute(discount['email'], 'href') == 'mailto:support@imymac.com'\npage\\basepage.py:133: in getAttribute\n    attr = self.find_element(loc)\npage\\basepage.py:49: in find_element\n    WebPage.element_locator(lambda *args: self.wait.until(EC.presence_of_element_located(args)), loc)\npage\\basepage.py:40: in element_locator\n    return func(cm.LOCATE_MODE[name], value)\npage\\basepage.py:49: in <lambda>\n    WebPage.element_locator(lambda *args: self.wait.until(EC.presence_of_element_located(args)), loc)\n_ _ _ _ _ _ _ _ _ _ _ _ _ _ _ _ _ _ _ _ _ _ _ _ _ _ _ _ _ _ _ _ _ _ _ _ _ _ _ _\n\nself = <selenium.webdriver.support.wait.WebDriverWait (session=\"5f2579f0bcaa0685a7aca00ae6f90dae\")>\nmethod = <selenium.webdriver.support.expected_conditions.presence_of_element_located object at 0x00000191A39F6970>\nmessage = ''\n\n    def until(self, method, message=''):\n        \"\"\"Calls the method provided with the driver as an argument until the \\\n        return value is not False.\"\"\"\n        screen = None\n        stacktrace = None\n    \n        end_time = time.time() + self._timeout\n        while True:\n            try:\n                value = method(self._driver)\n                if value:\n                    return value\n            except self._ignored_exceptions as exc:\n                screen = getattr(exc, 'screen', None)\n                stacktrace = getattr(exc, 'stacktrace', None)\n            time.sleep(self._poll)\n            if time.time() > end_time:\n                break\n>       raise TimeoutException(message, screen, stacktrace)\nE       selenium.common.exceptions.TimeoutException: Message:\n\nc:\\users\\123\\appdata\\local\\programs\\python\\python39\\lib\\site-packages\\selenium\\webdriver\\support\\wait.py:80: TimeoutException",
  "flaky" : false,
  "newFailed" : false,
  "beforeStages" : [ {
    "name" : "drivers",
    "time" : {
      "start" : 1637046945113,
      "stop" : 1637046947524,
      "duration" : 2411
    },
    "status" : "passed",
    "steps" : [ ],
    "attachments" : [ ],
    "parameters" : [ ],
    "stepsCount" : 0,
    "hasContent" : false,
    "shouldDisplayMessage" : false,
    "attachmentsCount" : 0
  }, {
    "name" : "_verify_url",
    "time" : {
      "start" : 1637046945113,
      "stop" : 1637046945113,
      "duration" : 0
    },
    "status" : "passed",
    "steps" : [ ],
    "attachments" : [ ],
    "parameters" : [ ],
    "stepsCount" : 0,
    "hasContent" : false,
    "shouldDisplayMessage" : false,
    "attachmentsCount" : 0
  }, {
    "name" : "base_url",
    "time" : {
      "start" : 1637046945113,
      "stop" : 1637046945113,
      "duration" : 0
    },
    "status" : "passed",
    "steps" : [ ],
    "attachments" : [ ],
    "parameters" : [ ],
    "stepsCount" : 0,
    "hasContent" : false,
    "shouldDisplayMessage" : false,
    "attachmentsCount" : 0
  }, {
    "name" : "sensitive_url",
    "time" : {
      "start" : 1637046947525,
      "stop" : 1637046947525,
      "duration" : 0
    },
    "status" : "passed",
    "steps" : [ ],
    "attachments" : [ ],
    "parameters" : [ ],
    "stepsCount" : 0,
    "hasContent" : false,
    "shouldDisplayMessage" : false,
    "attachmentsCount" : 0
  }, {
    "name" : "_skip_sensitive",
    "time" : {
      "start" : 1637046980145,
      "stop" : 1637046980146,
      "duration" : 1
    },
    "status" : "passed",
    "steps" : [ ],
    "attachments" : [ ],
    "parameters" : [ ],
    "stepsCount" : 0,
    "hasContent" : false,
    "shouldDisplayMessage" : false,
    "attachmentsCount" : 0
  }, {
    "name" : "open_url",
    "time" : {
      "start" : 1637046980146,
      "stop" : 1637046980646,
      "duration" : 500
    },
    "status" : "passed",
    "steps" : [ ],
    "attachments" : [ ],
    "parameters" : [ ],
    "stepsCount" : 0,
    "hasContent" : false,
    "shouldDisplayMessage" : false,
    "attachmentsCount" : 0
  } ],
  "testStage" : {
    "status" : "broken",
    "statusMessage" : "selenium.common.exceptions.TimeoutException: Message:",
    "statusTrace" : "self = <pytest_project.TestCase.discount_test_case.test_discount.TestBody object at 0x00000191A381E250>\n\n    @allure.title('打开邮箱工具测试')\n    @allure.tag('链接测试')\n    @allure.severity('critical')\n    def test_004(self):\n>       assert self.driver.if_goto_send_email()\n\nTestCase\\discount_test_case\\test_discount.py:46: \n_ _ _ _ _ _ _ _ _ _ _ _ _ _ _ _ _ _ _ _ _ _ _ _ _ _ _ _ _ _ _ _ _ _ _ _ _ _ _ _\npage_object\\discount\\discount_page.py:36: in if_goto_send_email\n    return self.getAttribute(discount['email'], 'href') == 'mailto:support@imymac.com'\npage\\basepage.py:133: in getAttribute\n    attr = self.find_element(loc)\npage\\basepage.py:49: in find_element\n    WebPage.element_locator(lambda *args: self.wait.until(EC.presence_of_element_located(args)), loc)\npage\\basepage.py:40: in element_locator\n    return func(cm.LOCATE_MODE[name], value)\npage\\basepage.py:49: in <lambda>\n    WebPage.element_locator(lambda *args: self.wait.until(EC.presence_of_element_located(args)), loc)\n_ _ _ _ _ _ _ _ _ _ _ _ _ _ _ _ _ _ _ _ _ _ _ _ _ _ _ _ _ _ _ _ _ _ _ _ _ _ _ _\n\nself = <selenium.webdriver.support.wait.WebDriverWait (session=\"5f2579f0bcaa0685a7aca00ae6f90dae\")>\nmethod = <selenium.webdriver.support.expected_conditions.presence_of_element_located object at 0x00000191A39F6970>\nmessage = ''\n\n    def until(self, method, message=''):\n        \"\"\"Calls the method provided with the driver as an argument until the \\\n        return value is not False.\"\"\"\n        screen = None\n        stacktrace = None\n    \n        end_time = time.time() + self._timeout\n        while True:\n            try:\n                value = method(self._driver)\n                if value:\n                    return value\n            except self._ignored_exceptions as exc:\n                screen = getattr(exc, 'screen', None)\n                stacktrace = getattr(exc, 'stacktrace', None)\n            time.sleep(self._poll)\n            if time.time() > end_time:\n                break\n>       raise TimeoutException(message, screen, stacktrace)\nE       selenium.common.exceptions.TimeoutException: Message:\n\nc:\\users\\123\\appdata\\local\\programs\\python\\python39\\lib\\site-packages\\selenium\\webdriver\\support\\wait.py:80: TimeoutException",
    "steps" : [ {
      "name" : "判断是否去写邮件",
      "time" : {
        "start" : 1637046980647,
        "stop" : 1637046991214,
        "duration" : 10567
      },
      "status" : "broken",
      "statusMessage" : "selenium.common.exceptions.TimeoutException: Message: \n\n",
      "statusTrace" : "  File \"D:\\auto_test_iMyMac\\PycharmProjects\\pytest_project\\page_object\\discount\\discount_page.py\", line 36, in if_goto_send_email\n    return self.getAttribute(discount['email'], 'href') == 'mailto:support@imymac.com'\n  File \"D:\\auto_test_iMyMac\\PycharmProjects\\pytest_project\\page\\basepage.py\", line 133, in getAttribute\n    attr = self.find_element(loc)\n  File \"D:\\auto_test_iMyMac\\PycharmProjects\\pytest_project\\page\\basepage.py\", line 49, in find_element\n    WebPage.element_locator(lambda *args: self.wait.until(EC.presence_of_element_located(args)), loc)\n  File \"D:\\auto_test_iMyMac\\PycharmProjects\\pytest_project\\page\\basepage.py\", line 40, in element_locator\n    return func(cm.LOCATE_MODE[name], value)\n  File \"D:\\auto_test_iMyMac\\PycharmProjects\\pytest_project\\page\\basepage.py\", line 49, in <lambda>\n    WebPage.element_locator(lambda *args: self.wait.until(EC.presence_of_element_located(args)), loc)\n  File \"c:\\users\\123\\appdata\\local\\programs\\python\\python39\\lib\\site-packages\\selenium\\webdriver\\support\\wait.py\", line 80, in until\n    raise TimeoutException(message, screen, stacktrace)\n",
      "steps" : [ ],
      "attachments" : [ ],
      "parameters" : [ ],
      "stepsCount" : 0,
      "hasContent" : true,
      "shouldDisplayMessage" : true,
      "attachmentsCount" : 0
    }, {
      "name" : "添加失败截图...",
      "time" : {
        "start" : 1637046991352,
        "stop" : 1637046991466,
        "duration" : 114
      },
      "status" : "passed",
      "steps" : [ ],
      "attachments" : [ {
        "uid" : "1427f7b46f385b2",
        "name" : "失败截图",
        "source" : "1427f7b46f385b2.png",
        "type" : "image/png",
        "size" : 118732
      } ],
      "parameters" : [ ],
      "stepsCount" : 0,
      "hasContent" : true,
      "shouldDisplayMessage" : false,
      "attachmentsCount" : 1
    } ],
    "attachments" : [ {
      "uid" : "50ae23aadca254bc",
      "name" : "log",
      "source" : "50ae23aadca254bc.txt",
      "type" : "text/plain",
      "size" : 90
    }, {
      "uid" : "555d6496a1d5f725",
      "name" : "stderr",
      "source" : "555d6496a1d5f725.txt",
      "type" : "text/plain",
      "size" : 99
    } ],
    "parameters" : [ ],
    "stepsCount" : 2,
    "hasContent" : true,
    "shouldDisplayMessage" : true,
    "attachmentsCount" : 3
  },
  "afterStages" : [ {
    "name" : "drivers::0",
    "time" : {
      "start" : 1637048791608,
      "stop" : 1637048793756,
      "duration" : 2148
    },
    "status" : "passed",
    "steps" : [ ],
    "attachments" : [ ],
    "parameters" : [ ],
    "stepsCount" : 0,
    "hasContent" : false,
    "shouldDisplayMessage" : false,
    "attachmentsCount" : 0
  } ],
  "labels" : [ {
    "name" : "feature",
    "value" : "学生优惠申请页面测试"
  }, {
    "name" : "tag",
    "value" : "链接测试"
  }, {
    "name" : "severity",
    "value" : "critical"
  }, {
    "name" : "story",
    "value" : "功能测试"
  }, {
    "name" : "parentSuite",
    "value" : "TestCase.discount_test_case"
  }, {
    "name" : "suite",
    "value" : "test_discount"
  }, {
    "name" : "subSuite",
    "value" : "TestBody"
  }, {
    "name" : "host",
    "value" : "DESKTOP-9RE2F6C"
  }, {
    "name" : "thread",
    "value" : "8092-MainThread"
  }, {
    "name" : "framework",
    "value" : "pytest"
  }, {
    "name" : "language",
    "value" : "cpython3"
  }, {
    "name" : "package",
    "value" : "TestCase.discount_test_case.test_discount"
  }, {
    "name" : "resultFormat",
    "value" : "allure2"
  } ],
  "parameters" : [ ],
  "links" : [ ],
  "hidden" : true,
  "retry" : true,
  "extra" : {
    "categories" : [ ],
    "tags" : [ "链接测试" ]
  },
  "source" : "aa154763a0a28994.json",
  "parameterValues" : [ ]
}