{
  "uid" : "ab094497599e1c6f",
  "name" : "小标题测试",
  "fullName" : "TestCase.policy_test_case.test_policy.TestBody#test_002",
  "historyId" : "8af4cceacf05688b0a741f6cb2a405a2",
  "time" : {
    "start" : 1637047275151,
    "stop" : 1637047331065,
    "duration" : 55914
  },
  "status" : "broken",
  "statusMessage" : "selenium.common.exceptions.TimeoutException: Message:",
  "statusTrace" : "self = <pytest_project.TestCase.policy_test_case.test_policy.TestBody object at 0x0000026AEB1C1730>\nsheet_name = 'privacy'\n\n    @allure.title('小标题测试')\n    @pytest.mark.parametrize('sheet_name', getSheetNames('Protocol/protocol.xlsx'))\n    def test_002(self, sheet_name):\n        allure.dynamic.tag('{}的标题'.format(sheet_name))\n        self.driver.goto_protocol(sheet_name)\n>       assert self.driver.if_title(getExcelOneCol(sheet_name, 2, 'Protocol/protocol.xlsx'))\n\nTestCase\\policy_test_case\\test_policy.py:30: \n_ _ _ _ _ _ _ _ _ _ _ _ _ _ _ _ _ _ _ _ _ _ _ _ _ _ _ _ _ _ _ _ _ _ _ _ _ _ _ _\npage_object\\protocol\\context_page.py:15: in if_title\n    return self.elements_text(get_any_key_info('title-l', policy.data)) == title\npage\\basepage.py:207: in elements_text\n    ele = self.find_elements(loc)\npage\\basepage.py:62: in find_elements\n    WebPage.element_locator(lambda *args: self.wait.until(EC.presence_of_all_elements_located(args)), loc)\npage\\basepage.py:40: in element_locator\n    return func(cm.LOCATE_MODE[name], value)\npage\\basepage.py:62: in <lambda>\n    WebPage.element_locator(lambda *args: self.wait.until(EC.presence_of_all_elements_located(args)), loc)\n_ _ _ _ _ _ _ _ _ _ _ _ _ _ _ _ _ _ _ _ _ _ _ _ _ _ _ _ _ _ _ _ _ _ _ _ _ _ _ _\n\nself = <selenium.webdriver.support.wait.WebDriverWait (session=\"edfa82b985453c34a269236fa9d0f61b\")>\nmethod = <selenium.webdriver.support.expected_conditions.presence_of_all_elements_located object at 0x0000026AEB1C1910>\nmessage = ''\n\n    def until(self, method, message=''):\n        \"\"\"Calls the method provided with the driver as an argument until the \\\n        return value is not False.\"\"\"\n        screen = None\n        stacktrace = None\n    \n        end_time = time.time() + self._timeout\n        while True:\n            try:\n                value = method(self._driver)\n                if value:\n                    return value\n            except self._ignored_exceptions as exc:\n                screen = getattr(exc, 'screen', None)\n                stacktrace = getattr(exc, 'stacktrace', None)\n            time.sleep(self._poll)\n            if time.time() > end_time:\n                break\n>       raise TimeoutException(message, screen, stacktrace)\nE       selenium.common.exceptions.TimeoutException: Message:\n\nc:\\users\\123\\appdata\\local\\programs\\python\\python39\\lib\\site-packages\\selenium\\webdriver\\support\\wait.py:80: TimeoutException",
  "flaky" : false,
  "newFailed" : false,
  "beforeStages" : [ {
    "name" : "base_url",
    "time" : {
      "start" : 1637046945113,
      "stop" : 1637046945113,
      "duration" : 0
    },
    "status" : "passed",
    "steps" : [ ],
    "attachments" : [ ],
    "parameters" : [ ],
    "stepsCount" : 0,
    "hasContent" : false,
    "shouldDisplayMessage" : false,
    "attachmentsCount" : 0
  }, {
    "name" : "drivers",
    "time" : {
      "start" : 1637046945113,
      "stop" : 1637046947894,
      "duration" : 2781
    },
    "status" : "passed",
    "steps" : [ ],
    "attachments" : [ ],
    "parameters" : [ ],
    "stepsCount" : 0,
    "hasContent" : false,
    "shouldDisplayMessage" : false,
    "attachmentsCount" : 0
  }, {
    "name" : "_verify_url",
    "time" : {
      "start" : 1637046945113,
      "stop" : 1637046945113,
      "duration" : 0
    },
    "status" : "passed",
    "steps" : [ ],
    "attachments" : [ ],
    "parameters" : [ ],
    "stepsCount" : 0,
    "hasContent" : false,
    "shouldDisplayMessage" : false,
    "attachmentsCount" : 0
  }, {
    "name" : "sensitive_url",
    "time" : {
      "start" : 1637046947894,
      "stop" : 1637046947894,
      "duration" : 0
    },
    "status" : "passed",
    "steps" : [ ],
    "attachments" : [ ],
    "parameters" : [ ],
    "stepsCount" : 0,
    "hasContent" : false,
    "shouldDisplayMessage" : false,
    "attachmentsCount" : 0
  }, {
    "name" : "open_url",
    "time" : {
      "start" : 1637047275069,
      "stop" : 1637047275150,
      "duration" : 81
    },
    "status" : "passed",
    "steps" : [ ],
    "attachments" : [ ],
    "parameters" : [ ],
    "stepsCount" : 0,
    "hasContent" : false,
    "shouldDisplayMessage" : false,
    "attachmentsCount" : 0
  }, {
    "name" : "_skip_sensitive",
    "time" : {
      "start" : 1637047275069,
      "stop" : 1637047275069,
      "duration" : 0
    },
    "status" : "passed",
    "steps" : [ ],
    "attachments" : [ ],
    "parameters" : [ ],
    "stepsCount" : 0,
    "hasContent" : false,
    "shouldDisplayMessage" : false,
    "attachmentsCount" : 0
  } ],
  "testStage" : {
    "status" : "broken",
    "statusMessage" : "selenium.common.exceptions.TimeoutException: Message:",
    "statusTrace" : "self = <pytest_project.TestCase.policy_test_case.test_policy.TestBody object at 0x0000026AEB1C1730>\nsheet_name = 'privacy'\n\n    @allure.title('小标题测试')\n    @pytest.mark.parametrize('sheet_name', getSheetNames('Protocol/protocol.xlsx'))\n    def test_002(self, sheet_name):\n        allure.dynamic.tag('{}的标题'.format(sheet_name))\n        self.driver.goto_protocol(sheet_name)\n>       assert self.driver.if_title(getExcelOneCol(sheet_name, 2, 'Protocol/protocol.xlsx'))\n\nTestCase\\policy_test_case\\test_policy.py:30: \n_ _ _ _ _ _ _ _ _ _ _ _ _ _ _ _ _ _ _ _ _ _ _ _ _ _ _ _ _ _ _ _ _ _ _ _ _ _ _ _\npage_object\\protocol\\context_page.py:15: in if_title\n    return self.elements_text(get_any_key_info('title-l', policy.data)) == title\npage\\basepage.py:207: in elements_text\n    ele = self.find_elements(loc)\npage\\basepage.py:62: in find_elements\n    WebPage.element_locator(lambda *args: self.wait.until(EC.presence_of_all_elements_located(args)), loc)\npage\\basepage.py:40: in element_locator\n    return func(cm.LOCATE_MODE[name], value)\npage\\basepage.py:62: in <lambda>\n    WebPage.element_locator(lambda *args: self.wait.until(EC.presence_of_all_elements_located(args)), loc)\n_ _ _ _ _ _ _ _ _ _ _ _ _ _ _ _ _ _ _ _ _ _ _ _ _ _ _ _ _ _ _ _ _ _ _ _ _ _ _ _\n\nself = <selenium.webdriver.support.wait.WebDriverWait (session=\"edfa82b985453c34a269236fa9d0f61b\")>\nmethod = <selenium.webdriver.support.expected_conditions.presence_of_all_elements_located object at 0x0000026AEB1C1910>\nmessage = ''\n\n    def until(self, method, message=''):\n        \"\"\"Calls the method provided with the driver as an argument until the \\\n        return value is not False.\"\"\"\n        screen = None\n        stacktrace = None\n    \n        end_time = time.time() + self._timeout\n        while True:\n            try:\n                value = method(self._driver)\n                if value:\n                    return value\n            except self._ignored_exceptions as exc:\n                screen = getattr(exc, 'screen', None)\n                stacktrace = getattr(exc, 'stacktrace', None)\n            time.sleep(self._poll)\n            if time.time() > end_time:\n                break\n>       raise TimeoutException(message, screen, stacktrace)\nE       selenium.common.exceptions.TimeoutException: Message:\n\nc:\\users\\123\\appdata\\local\\programs\\python\\python39\\lib\\site-packages\\selenium\\webdriver\\support\\wait.py:80: TimeoutException",
    "steps" : [ {
      "name" : "打开privacy页面",
      "time" : {
        "start" : 1637047275151,
        "stop" : 1637047320490,
        "duration" : 45339
      },
      "status" : "passed",
      "steps" : [ ],
      "attachments" : [ ],
      "parameters" : [ ],
      "stepsCount" : 0,
      "hasContent" : false,
      "shouldDisplayMessage" : false,
      "attachmentsCount" : 0
    }, {
      "name" : "判断小标题",
      "time" : {
        "start" : 1637047320493,
        "stop" : 1637047331064,
        "duration" : 10571
      },
      "status" : "broken",
      "statusMessage" : "selenium.common.exceptions.TimeoutException: Message: \n\n",
      "statusTrace" : "  File \"D:\\auto_test_iMyMac\\PycharmProjects\\pytest_project\\page_object\\protocol\\context_page.py\", line 15, in if_title\n    return self.elements_text(get_any_key_info('title-l', policy.data)) == title\n  File \"D:\\auto_test_iMyMac\\PycharmProjects\\pytest_project\\page\\basepage.py\", line 207, in elements_text\n    ele = self.find_elements(loc)\n  File \"D:\\auto_test_iMyMac\\PycharmProjects\\pytest_project\\page\\basepage.py\", line 62, in find_elements\n    WebPage.element_locator(lambda *args: self.wait.until(EC.presence_of_all_elements_located(args)), loc)\n  File \"D:\\auto_test_iMyMac\\PycharmProjects\\pytest_project\\page\\basepage.py\", line 40, in element_locator\n    return func(cm.LOCATE_MODE[name], value)\n  File \"D:\\auto_test_iMyMac\\PycharmProjects\\pytest_project\\page\\basepage.py\", line 62, in <lambda>\n    WebPage.element_locator(lambda *args: self.wait.until(EC.presence_of_all_elements_located(args)), loc)\n  File \"c:\\users\\123\\appdata\\local\\programs\\python\\python39\\lib\\site-packages\\selenium\\webdriver\\support\\wait.py\", line 80, in until\n    raise TimeoutException(message, screen, stacktrace)\n",
      "steps" : [ ],
      "attachments" : [ ],
      "parameters" : [ ],
      "stepsCount" : 0,
      "hasContent" : true,
      "shouldDisplayMessage" : true,
      "attachmentsCount" : 0
    }, {
      "name" : "添加失败截图...",
      "time" : {
        "start" : 1637047331258,
        "stop" : 1637047331433,
        "duration" : 175
      },
      "status" : "passed",
      "steps" : [ ],
      "attachments" : [ {
        "uid" : "c2d8fd6982104ba5",
        "name" : "失败截图",
        "source" : "c2d8fd6982104ba5.png",
        "type" : "image/png",
        "size" : 142394
      } ],
      "parameters" : [ ],
      "stepsCount" : 0,
      "hasContent" : true,
      "shouldDisplayMessage" : false,
      "attachmentsCount" : 1
    } ],
    "attachments" : [ {
      "uid" : "ecdd23cc81fc1e39",
      "name" : "log",
      "source" : "ecdd23cc81fc1e39.txt",
      "type" : "text/plain",
      "size" : 769
    }, {
      "uid" : "648b5bb4b9e22f42",
      "name" : "stderr",
      "source" : "648b5bb4b9e22f42.txt",
      "type" : "text/plain",
      "size" : 834
    } ],
    "parameters" : [ ],
    "stepsCount" : 3,
    "hasContent" : true,
    "shouldDisplayMessage" : true,
    "attachmentsCount" : 3
  },
  "afterStages" : [ {
    "name" : "drivers::0",
    "time" : {
      "start" : 1637048786165,
      "stop" : 1637048788278,
      "duration" : 2113
    },
    "status" : "passed",
    "steps" : [ ],
    "attachments" : [ ],
    "parameters" : [ ],
    "stepsCount" : 0,
    "hasContent" : false,
    "shouldDisplayMessage" : false,
    "attachmentsCount" : 0
  } ],
  "labels" : [ {
    "name" : "tag",
    "value" : "privacy的标题"
  }, {
    "name" : "story",
    "value" : "文章测试"
  }, {
    "name" : "severity",
    "value" : "minor"
  }, {
    "name" : "feature",
    "value" : "协议内容测试"
  }, {
    "name" : "parentSuite",
    "value" : "TestCase.policy_test_case"
  }, {
    "name" : "suite",
    "value" : "test_policy"
  }, {
    "name" : "subSuite",
    "value" : "TestBody"
  }, {
    "name" : "host",
    "value" : "DESKTOP-9RE2F6C"
  }, {
    "name" : "thread",
    "value" : "19400-MainThread"
  }, {
    "name" : "framework",
    "value" : "pytest"
  }, {
    "name" : "language",
    "value" : "cpython3"
  }, {
    "name" : "package",
    "value" : "TestCase.policy_test_case.test_policy"
  }, {
    "name" : "resultFormat",
    "value" : "allure2"
  } ],
  "parameters" : [ {
    "name" : "sheet_name",
    "value" : "'privacy'"
  } ],
  "links" : [ ],
  "hidden" : false,
  "retry" : false,
  "extra" : {
    "severity" : "minor",
    "retries" : [ {
      "uid" : "396e915a46987609",
      "status" : "broken",
      "statusDetails" : "selenium.common.exceptions.TimeoutException: Message:",
      "time" : {
        "start" : 1637047253712,
        "stop" : 1637047269755,
        "duration" : 16043
      }
    } ],
    "categories" : [ {
      "name" : "Test defects",
      "matchedStatuses" : [ ],
      "flaky" : false
    } ],
    "history" : {
      "statistic" : {
        "failed" : 0,
        "broken" : 1,
        "skipped" : 0,
        "passed" : 4,
        "unknown" : 0,
        "total" : 5
      },
      "items" : [ {
        "uid" : "e70f093ea506d5b9",
        "reportUrl" : "http://localhost:8080/jenkins/job/selenium_auto_test_IMyMac/27/allure/#testresult/e70f093ea506d5b9",
        "status" : "passed",
        "time" : {
          "start" : 1637045198384,
          "stop" : 1637045203238,
          "duration" : 4854
        }
      }, {
        "uid" : "84a802da39bd2c79",
        "reportUrl" : "http://localhost:8080/jenkins/job/selenium_auto_test_IMyMac/26/allure/#testresult/84a802da39bd2c79",
        "status" : "passed",
        "time" : {
          "start" : 1637043059937,
          "stop" : 1637043064909,
          "duration" : 4972
        }
      }, {
        "uid" : "e839de51a7033789",
        "reportUrl" : "http://localhost:8080/jenkins/job/selenium_auto_test_IMyMac/23/allure/#testresult/e839de51a7033789",
        "status" : "passed",
        "time" : {
          "start" : 1636967428044,
          "stop" : 1636967433035,
          "duration" : 4991
        }
      }, {
        "uid" : "e744f7a9a9dff48b",
        "reportUrl" : "http://localhost:8080/jenkins/job/selenium_auto_test_IMyMac/22/allure/#testresult/e744f7a9a9dff48b",
        "status" : "passed",
        "time" : {
          "start" : 1636940602284,
          "stop" : 1636940607156,
          "duration" : 4872
        }
      } ]
    },
    "tags" : [ "privacy的标题" ]
  },
  "source" : "ab094497599e1c6f.json",
  "parameterValues" : [ "'privacy'" ]
}