{
  "uid" : "bd3e37caf686a95",
  "name" : "邮箱链接测试",
  "fullName" : "TestCase.contact_test_case.test_contact.TestBody#test_001",
  "historyId" : "2e79bc3a37d317097ed76e3999cc178d",
  "time" : {
    "start" : 1637046972551,
    "stop" : 1637046983110,
    "duration" : 10559
  },
  "status" : "broken",
  "statusMessage" : "selenium.common.exceptions.TimeoutException: Message:",
  "statusTrace" : "self = <pytest_project.TestCase.contact_test_case.test_contact.TestBody object at 0x0000023653E1AE50>\n\n    @allure.title('邮箱链接测试')\n    @allure.tag('写邮件')\n    @allure.severity('critical')\n    def test_001(self):\n>       assert self.driver.get_send_email()\n\nTestCase\\contact_test_case\\test_contact.py:21: \n_ _ _ _ _ _ _ _ _ _ _ _ _ _ _ _ _ _ _ _ _ _ _ _ _ _ _ _ _ _ _ _ _ _ _ _ _ _ _ _\npage_object\\contact\\index_page.py:14: in get_send_email\n    return self.getAttribute(contact['email-link'], 'href') == 'mailto:support@imymac.com'\npage\\basepage.py:133: in getAttribute\n    attr = self.find_element(loc)\npage\\basepage.py:49: in find_element\n    WebPage.element_locator(lambda *args: self.wait.until(EC.presence_of_element_located(args)), loc)\npage\\basepage.py:40: in element_locator\n    return func(cm.LOCATE_MODE[name], value)\npage\\basepage.py:49: in <lambda>\n    WebPage.element_locator(lambda *args: self.wait.until(EC.presence_of_element_located(args)), loc)\n_ _ _ _ _ _ _ _ _ _ _ _ _ _ _ _ _ _ _ _ _ _ _ _ _ _ _ _ _ _ _ _ _ _ _ _ _ _ _ _\n\nself = <selenium.webdriver.support.wait.WebDriverWait (session=\"f17b26cab3f4aed5c3fadb075dac2ea5\")>\nmethod = <selenium.webdriver.support.expected_conditions.presence_of_element_located object at 0x0000023653E4BD60>\nmessage = ''\n\n    def until(self, method, message=''):\n        \"\"\"Calls the method provided with the driver as an argument until the \\\n        return value is not False.\"\"\"\n        screen = None\n        stacktrace = None\n    \n        end_time = time.time() + self._timeout\n        while True:\n            try:\n                value = method(self._driver)\n                if value:\n                    return value\n            except self._ignored_exceptions as exc:\n                screen = getattr(exc, 'screen', None)\n                stacktrace = getattr(exc, 'stacktrace', None)\n            time.sleep(self._poll)\n            if time.time() > end_time:\n                break\n>       raise TimeoutException(message, screen, stacktrace)\nE       selenium.common.exceptions.TimeoutException: Message:\n\nc:\\users\\123\\appdata\\local\\programs\\python\\python39\\lib\\site-packages\\selenium\\webdriver\\support\\wait.py:80: TimeoutException",
  "flaky" : false,
  "newFailed" : false,
  "beforeStages" : [ {
    "name" : "drivers",
    "time" : {
      "start" : 1637046945113,
      "stop" : 1637046947347,
      "duration" : 2234
    },
    "status" : "passed",
    "steps" : [ ],
    "attachments" : [ ],
    "parameters" : [ ],
    "stepsCount" : 0,
    "hasContent" : false,
    "shouldDisplayMessage" : false,
    "attachmentsCount" : 0
  }, {
    "name" : "base_url",
    "time" : {
      "start" : 1637046945113,
      "stop" : 1637046945113,
      "duration" : 0
    },
    "status" : "passed",
    "steps" : [ ],
    "attachments" : [ ],
    "parameters" : [ ],
    "stepsCount" : 0,
    "hasContent" : false,
    "shouldDisplayMessage" : false,
    "attachmentsCount" : 0
  }, {
    "name" : "_verify_url",
    "time" : {
      "start" : 1637046945113,
      "stop" : 1637046945113,
      "duration" : 0
    },
    "status" : "passed",
    "steps" : [ ],
    "attachments" : [ ],
    "parameters" : [ ],
    "stepsCount" : 0,
    "hasContent" : false,
    "shouldDisplayMessage" : false,
    "attachmentsCount" : 0
  }, {
    "name" : "sensitive_url",
    "time" : {
      "start" : 1637046947347,
      "stop" : 1637046947347,
      "duration" : 0
    },
    "status" : "passed",
    "steps" : [ ],
    "attachments" : [ ],
    "parameters" : [ ],
    "stepsCount" : 0,
    "hasContent" : false,
    "shouldDisplayMessage" : false,
    "attachmentsCount" : 0
  }, {
    "name" : "open_url",
    "time" : {
      "start" : 1637046971846,
      "stop" : 1637046972551,
      "duration" : 705
    },
    "status" : "passed",
    "steps" : [ ],
    "attachments" : [ ],
    "parameters" : [ ],
    "stepsCount" : 0,
    "hasContent" : false,
    "shouldDisplayMessage" : false,
    "attachmentsCount" : 0
  }, {
    "name" : "_skip_sensitive",
    "time" : {
      "start" : 1637046971846,
      "stop" : 1637046971846,
      "duration" : 0
    },
    "status" : "passed",
    "steps" : [ ],
    "attachments" : [ ],
    "parameters" : [ ],
    "stepsCount" : 0,
    "hasContent" : false,
    "shouldDisplayMessage" : false,
    "attachmentsCount" : 0
  } ],
  "testStage" : {
    "status" : "broken",
    "statusMessage" : "selenium.common.exceptions.TimeoutException: Message:",
    "statusTrace" : "self = <pytest_project.TestCase.contact_test_case.test_contact.TestBody object at 0x0000023653E1AE50>\n\n    @allure.title('邮箱链接测试')\n    @allure.tag('写邮件')\n    @allure.severity('critical')\n    def test_001(self):\n>       assert self.driver.get_send_email()\n\nTestCase\\contact_test_case\\test_contact.py:21: \n_ _ _ _ _ _ _ _ _ _ _ _ _ _ _ _ _ _ _ _ _ _ _ _ _ _ _ _ _ _ _ _ _ _ _ _ _ _ _ _\npage_object\\contact\\index_page.py:14: in get_send_email\n    return self.getAttribute(contact['email-link'], 'href') == 'mailto:support@imymac.com'\npage\\basepage.py:133: in getAttribute\n    attr = self.find_element(loc)\npage\\basepage.py:49: in find_element\n    WebPage.element_locator(lambda *args: self.wait.until(EC.presence_of_element_located(args)), loc)\npage\\basepage.py:40: in element_locator\n    return func(cm.LOCATE_MODE[name], value)\npage\\basepage.py:49: in <lambda>\n    WebPage.element_locator(lambda *args: self.wait.until(EC.presence_of_element_located(args)), loc)\n_ _ _ _ _ _ _ _ _ _ _ _ _ _ _ _ _ _ _ _ _ _ _ _ _ _ _ _ _ _ _ _ _ _ _ _ _ _ _ _\n\nself = <selenium.webdriver.support.wait.WebDriverWait (session=\"f17b26cab3f4aed5c3fadb075dac2ea5\")>\nmethod = <selenium.webdriver.support.expected_conditions.presence_of_element_located object at 0x0000023653E4BD60>\nmessage = ''\n\n    def until(self, method, message=''):\n        \"\"\"Calls the method provided with the driver as an argument until the \\\n        return value is not False.\"\"\"\n        screen = None\n        stacktrace = None\n    \n        end_time = time.time() + self._timeout\n        while True:\n            try:\n                value = method(self._driver)\n                if value:\n                    return value\n            except self._ignored_exceptions as exc:\n                screen = getattr(exc, 'screen', None)\n                stacktrace = getattr(exc, 'stacktrace', None)\n            time.sleep(self._poll)\n            if time.time() > end_time:\n                break\n>       raise TimeoutException(message, screen, stacktrace)\nE       selenium.common.exceptions.TimeoutException: Message:\n\nc:\\users\\123\\appdata\\local\\programs\\python\\python39\\lib\\site-packages\\selenium\\webdriver\\support\\wait.py:80: TimeoutException",
    "steps" : [ {
      "name" : "判断发送邮箱链接是否正确",
      "time" : {
        "start" : 1637046972551,
        "stop" : 1637046983110,
        "duration" : 10559
      },
      "status" : "broken",
      "statusMessage" : "selenium.common.exceptions.TimeoutException: Message: \n\n",
      "statusTrace" : "  File \"c:\\users\\123\\appdata\\local\\programs\\python\\python39\\lib\\site-packages\\allure_commons\\_allure.py\", line 172, in impl\n    return func(*a, **kw)\n  File \"D:\\auto_test_iMyMac\\PycharmProjects\\pytest_project\\page_object\\contact\\index_page.py\", line 14, in get_send_email\n    return self.getAttribute(contact['email-link'], 'href') == 'mailto:support@imymac.com'\n  File \"D:\\auto_test_iMyMac\\PycharmProjects\\pytest_project\\page\\basepage.py\", line 133, in getAttribute\n    attr = self.find_element(loc)\n  File \"D:\\auto_test_iMyMac\\PycharmProjects\\pytest_project\\page\\basepage.py\", line 49, in find_element\n    WebPage.element_locator(lambda *args: self.wait.until(EC.presence_of_element_located(args)), loc)\n  File \"D:\\auto_test_iMyMac\\PycharmProjects\\pytest_project\\page\\basepage.py\", line 40, in element_locator\n    return func(cm.LOCATE_MODE[name], value)\n  File \"D:\\auto_test_iMyMac\\PycharmProjects\\pytest_project\\page\\basepage.py\", line 49, in <lambda>\n    WebPage.element_locator(lambda *args: self.wait.until(EC.presence_of_element_located(args)), loc)\n  File \"c:\\users\\123\\appdata\\local\\programs\\python\\python39\\lib\\site-packages\\selenium\\webdriver\\support\\wait.py\", line 80, in until\n    raise TimeoutException(message, screen, stacktrace)\n",
      "steps" : [ ],
      "attachments" : [ ],
      "parameters" : [ ],
      "stepsCount" : 0,
      "hasContent" : true,
      "shouldDisplayMessage" : true,
      "attachmentsCount" : 0
    }, {
      "name" : "添加失败截图...",
      "time" : {
        "start" : 1637046983292,
        "stop" : 1637046983479,
        "duration" : 187
      },
      "status" : "passed",
      "steps" : [ ],
      "attachments" : [ {
        "uid" : "4142be0025914378",
        "name" : "失败截图",
        "source" : "4142be0025914378.png",
        "type" : "image/png",
        "size" : 194800
      } ],
      "parameters" : [ ],
      "stepsCount" : 0,
      "hasContent" : true,
      "shouldDisplayMessage" : false,
      "attachmentsCount" : 1
    } ],
    "attachments" : [ {
      "uid" : "ef30ed247b5727c",
      "name" : "log",
      "source" : "ef30ed247b5727c.txt",
      "type" : "text/plain",
      "size" : 163
    }, {
      "uid" : "a38b8c4db1c5e549",
      "name" : "stderr",
      "source" : "a38b8c4db1c5e549.txt",
      "type" : "text/plain",
      "size" : 180
    } ],
    "parameters" : [ ],
    "stepsCount" : 2,
    "hasContent" : true,
    "shouldDisplayMessage" : true,
    "attachmentsCount" : 3
  },
  "afterStages" : [ {
    "name" : "drivers::0",
    "time" : {
      "start" : 1637048787269,
      "stop" : 1637048789373,
      "duration" : 2104
    },
    "status" : "passed",
    "steps" : [ ],
    "attachments" : [ ],
    "parameters" : [ ],
    "stepsCount" : 0,
    "hasContent" : false,
    "shouldDisplayMessage" : false,
    "attachmentsCount" : 0
  } ],
  "labels" : [ {
    "name" : "feature",
    "value" : "邮箱咨询页面测试"
  }, {
    "name" : "story",
    "value" : "功能测试"
  }, {
    "name" : "severity",
    "value" : "critical"
  }, {
    "name" : "tag",
    "value" : "写邮件"
  }, {
    "name" : "parentSuite",
    "value" : "TestCase.contact_test_case"
  }, {
    "name" : "suite",
    "value" : "test_contact"
  }, {
    "name" : "subSuite",
    "value" : "TestBody"
  }, {
    "name" : "host",
    "value" : "DESKTOP-9RE2F6C"
  }, {
    "name" : "thread",
    "value" : "9696-MainThread"
  }, {
    "name" : "framework",
    "value" : "pytest"
  }, {
    "name" : "language",
    "value" : "cpython3"
  }, {
    "name" : "package",
    "value" : "TestCase.contact_test_case.test_contact"
  }, {
    "name" : "resultFormat",
    "value" : "allure2"
  } ],
  "parameters" : [ ],
  "links" : [ ],
  "hidden" : false,
  "retry" : false,
  "extra" : {
    "severity" : "critical",
    "retries" : [ {
      "uid" : "3e231aacdb464146",
      "status" : "broken",
      "statusDetails" : "selenium.common.exceptions.TimeoutException: Message:",
      "time" : {
        "start" : 1637046955689,
        "stop" : 1637046966206,
        "duration" : 10517
      }
    } ],
    "categories" : [ {
      "name" : "Test defects",
      "matchedStatuses" : [ ],
      "flaky" : false
    } ],
    "history" : {
      "statistic" : {
        "failed" : 0,
        "broken" : 1,
        "skipped" : 0,
        "passed" : 6,
        "unknown" : 0,
        "total" : 7
      },
      "items" : [ {
        "uid" : "8daf956d59d8c5ed",
        "reportUrl" : "http://localhost:8080/jenkins/job/selenium_auto_test_IMyMac/27/allure/#testresult/8daf956d59d8c5ed",
        "status" : "passed",
        "time" : {
          "start" : 1637045086178,
          "stop" : 1637045086207,
          "duration" : 29
        }
      }, {
        "uid" : "6bc00d976517a18e",
        "reportUrl" : "http://localhost:8080/jenkins/job/selenium_auto_test_IMyMac/26/allure/#testresult/6bc00d976517a18e",
        "status" : "passed",
        "time" : {
          "start" : 1637042945180,
          "stop" : 1637042945209,
          "duration" : 29
        }
      }, {
        "uid" : "49d01fceda3cabc4",
        "reportUrl" : "http://localhost:8080/jenkins/job/selenium_auto_test_IMyMac/25/allure/#testresult/49d01fceda3cabc4",
        "status" : "passed",
        "time" : {
          "start" : 1637041799389,
          "stop" : 1637041799412,
          "duration" : 23
        }
      }, {
        "uid" : "279c836d82d91751",
        "reportUrl" : "http://localhost:8080/jenkins/job/selenium_auto_test_IMyMac/24/allure/#testresult/279c836d82d91751",
        "status" : "passed",
        "time" : {
          "start" : 1637041409749,
          "stop" : 1637041409773,
          "duration" : 24
        }
      }, {
        "uid" : "bc71833b75bcbcae",
        "reportUrl" : "http://localhost:8080/jenkins/job/selenium_auto_test_IMyMac/23/allure/#testresult/bc71833b75bcbcae",
        "status" : "passed",
        "time" : {
          "start" : 1636967276151,
          "stop" : 1636967276176,
          "duration" : 25
        }
      }, {
        "uid" : "a4729220e2e1650c",
        "reportUrl" : "http://localhost:8080/jenkins/job/selenium_auto_test_IMyMac/22/allure/#testresult/a4729220e2e1650c",
        "status" : "passed",
        "time" : {
          "start" : 1636940502722,
          "stop" : 1636940502749,
          "duration" : 27
        }
      } ]
    },
    "tags" : [ "写邮件" ]
  },
  "source" : "bd3e37caf686a95.json",
  "parameterValues" : [ ]
}