{
  "uid" : "d93e0e5edf12a4f5",
  "name" : "步骤内容测试",
  "fullName" : "TestCase.discount_test_case.test_discount.TestBody#test_001",
  "historyId" : "6d5d75c8be15661990ec0d9f7489b91f",
  "time" : {
    "start" : 1637046993927,
    "stop" : 1637047004445,
    "duration" : 10518
  },
  "status" : "broken",
  "statusMessage" : "selenium.common.exceptions.TimeoutException: Message:",
  "statusTrace" : "self = <pytest_project.TestCase.discount_test_case.test_discount.TestBody object at 0x000002A36B118D30>\nstep = 'step-2'\ncontext = 'We’ll review your email and verify, then send you a coupon code.'\n\n    @pytest.mark.parametrize('step,context', getExcelAllData('步骤介绍', 'Discount/discount.xlsx'))\n    @allure.title('步骤内容测试')\n    @allure.severity('trivial')\n    def test_001(self, step, context):\n        allure.dynamic.tag('{}==>{}'.format(step, context))\n>       assert self.driver.step_if_ture(step, context)\n\nTestCase\\discount_test_case\\test_discount.py:22: \n_ _ _ _ _ _ _ _ _ _ _ _ _ _ _ _ _ _ _ _ _ _ _ _ _ _ _ _ _ _ _ _ _ _ _ _ _ _ _ _\npage_object\\discount\\discount_page.py:11: in step_if_ture\n    return self.element_txet(get_any_key_info(step, discount.data)) == context\npage\\basepage.py:95: in element_txet\n    _text = self.find_element(loc).text\npage\\basepage.py:49: in find_element\n    WebPage.element_locator(lambda *args: self.wait.until(EC.presence_of_element_located(args)), loc)\npage\\basepage.py:40: in element_locator\n    return func(cm.LOCATE_MODE[name], value)\npage\\basepage.py:49: in <lambda>\n    WebPage.element_locator(lambda *args: self.wait.until(EC.presence_of_element_located(args)), loc)\n_ _ _ _ _ _ _ _ _ _ _ _ _ _ _ _ _ _ _ _ _ _ _ _ _ _ _ _ _ _ _ _ _ _ _ _ _ _ _ _\n\nself = <selenium.webdriver.support.wait.WebDriverWait (session=\"eeda365b98f8b4bc7f0abc8d41425308\")>\nmethod = <selenium.webdriver.support.expected_conditions.presence_of_element_located object at 0x000002A36AF49D30>\nmessage = ''\n\n    def until(self, method, message=''):\n        \"\"\"Calls the method provided with the driver as an argument until the \\\n        return value is not False.\"\"\"\n        screen = None\n        stacktrace = None\n    \n        end_time = time.time() + self._timeout\n        while True:\n            try:\n                value = method(self._driver)\n                if value:\n                    return value\n            except self._ignored_exceptions as exc:\n                screen = getattr(exc, 'screen', None)\n                stacktrace = getattr(exc, 'stacktrace', None)\n            time.sleep(self._poll)\n            if time.time() > end_time:\n                break\n>       raise TimeoutException(message, screen, stacktrace)\nE       selenium.common.exceptions.TimeoutException: Message:\n\nc:\\users\\123\\appdata\\local\\programs\\python\\python39\\lib\\site-packages\\selenium\\webdriver\\support\\wait.py:80: TimeoutException",
  "flaky" : false,
  "newFailed" : false,
  "beforeStages" : [ {
    "name" : "_verify_url",
    "time" : {
      "start" : 1637046945113,
      "stop" : 1637046945113,
      "duration" : 0
    },
    "status" : "passed",
    "steps" : [ ],
    "attachments" : [ ],
    "parameters" : [ ],
    "stepsCount" : 0,
    "hasContent" : false,
    "shouldDisplayMessage" : false,
    "attachmentsCount" : 0
  }, {
    "name" : "base_url",
    "time" : {
      "start" : 1637046945113,
      "stop" : 1637046945113,
      "duration" : 0
    },
    "status" : "passed",
    "steps" : [ ],
    "attachments" : [ ],
    "parameters" : [ ],
    "stepsCount" : 0,
    "hasContent" : false,
    "shouldDisplayMessage" : false,
    "attachmentsCount" : 0
  }, {
    "name" : "drivers",
    "time" : {
      "start" : 1637046945113,
      "stop" : 1637046947725,
      "duration" : 2612
    },
    "status" : "passed",
    "steps" : [ ],
    "attachments" : [ ],
    "parameters" : [ ],
    "stepsCount" : 0,
    "hasContent" : false,
    "shouldDisplayMessage" : false,
    "attachmentsCount" : 0
  }, {
    "name" : "sensitive_url",
    "time" : {
      "start" : 1637046947726,
      "stop" : 1637046947727,
      "duration" : 1
    },
    "status" : "passed",
    "steps" : [ ],
    "attachments" : [ ],
    "parameters" : [ ],
    "stepsCount" : 0,
    "hasContent" : false,
    "shouldDisplayMessage" : false,
    "attachmentsCount" : 0
  }, {
    "name" : "open_url",
    "time" : {
      "start" : 1637046993461,
      "stop" : 1637046993926,
      "duration" : 465
    },
    "status" : "passed",
    "steps" : [ ],
    "attachments" : [ ],
    "parameters" : [ ],
    "stepsCount" : 0,
    "hasContent" : false,
    "shouldDisplayMessage" : false,
    "attachmentsCount" : 0
  }, {
    "name" : "_skip_sensitive",
    "time" : {
      "start" : 1637046993461,
      "stop" : 1637046993461,
      "duration" : 0
    },
    "status" : "passed",
    "steps" : [ ],
    "attachments" : [ ],
    "parameters" : [ ],
    "stepsCount" : 0,
    "hasContent" : false,
    "shouldDisplayMessage" : false,
    "attachmentsCount" : 0
  } ],
  "testStage" : {
    "status" : "broken",
    "statusMessage" : "selenium.common.exceptions.TimeoutException: Message:",
    "statusTrace" : "self = <pytest_project.TestCase.discount_test_case.test_discount.TestBody object at 0x000002A36B118D30>\nstep = 'step-2'\ncontext = 'We’ll review your email and verify, then send you a coupon code.'\n\n    @pytest.mark.parametrize('step,context', getExcelAllData('步骤介绍', 'Discount/discount.xlsx'))\n    @allure.title('步骤内容测试')\n    @allure.severity('trivial')\n    def test_001(self, step, context):\n        allure.dynamic.tag('{}==>{}'.format(step, context))\n>       assert self.driver.step_if_ture(step, context)\n\nTestCase\\discount_test_case\\test_discount.py:22: \n_ _ _ _ _ _ _ _ _ _ _ _ _ _ _ _ _ _ _ _ _ _ _ _ _ _ _ _ _ _ _ _ _ _ _ _ _ _ _ _\npage_object\\discount\\discount_page.py:11: in step_if_ture\n    return self.element_txet(get_any_key_info(step, discount.data)) == context\npage\\basepage.py:95: in element_txet\n    _text = self.find_element(loc).text\npage\\basepage.py:49: in find_element\n    WebPage.element_locator(lambda *args: self.wait.until(EC.presence_of_element_located(args)), loc)\npage\\basepage.py:40: in element_locator\n    return func(cm.LOCATE_MODE[name], value)\npage\\basepage.py:49: in <lambda>\n    WebPage.element_locator(lambda *args: self.wait.until(EC.presence_of_element_located(args)), loc)\n_ _ _ _ _ _ _ _ _ _ _ _ _ _ _ _ _ _ _ _ _ _ _ _ _ _ _ _ _ _ _ _ _ _ _ _ _ _ _ _\n\nself = <selenium.webdriver.support.wait.WebDriverWait (session=\"eeda365b98f8b4bc7f0abc8d41425308\")>\nmethod = <selenium.webdriver.support.expected_conditions.presence_of_element_located object at 0x000002A36AF49D30>\nmessage = ''\n\n    def until(self, method, message=''):\n        \"\"\"Calls the method provided with the driver as an argument until the \\\n        return value is not False.\"\"\"\n        screen = None\n        stacktrace = None\n    \n        end_time = time.time() + self._timeout\n        while True:\n            try:\n                value = method(self._driver)\n                if value:\n                    return value\n            except self._ignored_exceptions as exc:\n                screen = getattr(exc, 'screen', None)\n                stacktrace = getattr(exc, 'stacktrace', None)\n            time.sleep(self._poll)\n            if time.time() > end_time:\n                break\n>       raise TimeoutException(message, screen, stacktrace)\nE       selenium.common.exceptions.TimeoutException: Message:\n\nc:\\users\\123\\appdata\\local\\programs\\python\\python39\\lib\\site-packages\\selenium\\webdriver\\support\\wait.py:80: TimeoutException",
    "steps" : [ {
      "name" : "判断步骤文案是否正确",
      "time" : {
        "start" : 1637046993927,
        "stop" : 1637047004445,
        "duration" : 10518
      },
      "status" : "broken",
      "statusMessage" : "selenium.common.exceptions.TimeoutException: Message: \n\n",
      "statusTrace" : "  File \"D:\\auto_test_iMyMac\\PycharmProjects\\pytest_project\\page_object\\discount\\discount_page.py\", line 11, in step_if_ture\n    return self.element_txet(get_any_key_info(step, discount.data)) == context\n  File \"D:\\auto_test_iMyMac\\PycharmProjects\\pytest_project\\page\\basepage.py\", line 95, in element_txet\n    _text = self.find_element(loc).text\n  File \"D:\\auto_test_iMyMac\\PycharmProjects\\pytest_project\\page\\basepage.py\", line 49, in find_element\n    WebPage.element_locator(lambda *args: self.wait.until(EC.presence_of_element_located(args)), loc)\n  File \"D:\\auto_test_iMyMac\\PycharmProjects\\pytest_project\\page\\basepage.py\", line 40, in element_locator\n    return func(cm.LOCATE_MODE[name], value)\n  File \"D:\\auto_test_iMyMac\\PycharmProjects\\pytest_project\\page\\basepage.py\", line 49, in <lambda>\n    WebPage.element_locator(lambda *args: self.wait.until(EC.presence_of_element_located(args)), loc)\n  File \"c:\\users\\123\\appdata\\local\\programs\\python\\python39\\lib\\site-packages\\selenium\\webdriver\\support\\wait.py\", line 80, in until\n    raise TimeoutException(message, screen, stacktrace)\n",
      "steps" : [ ],
      "attachments" : [ ],
      "parameters" : [ ],
      "stepsCount" : 0,
      "hasContent" : true,
      "shouldDisplayMessage" : true,
      "attachmentsCount" : 0
    }, {
      "name" : "添加失败截图...",
      "time" : {
        "start" : 1637047004582,
        "stop" : 1637047004695,
        "duration" : 113
      },
      "status" : "passed",
      "steps" : [ ],
      "attachments" : [ {
        "uid" : "5862d7f5fa6f82a8",
        "name" : "失败截图",
        "source" : "5862d7f5fa6f82a8.png",
        "type" : "image/png",
        "size" : 118732
      } ],
      "parameters" : [ ],
      "stepsCount" : 0,
      "hasContent" : true,
      "shouldDisplayMessage" : false,
      "attachmentsCount" : 1
    } ],
    "attachments" : [ {
      "uid" : "7bbd525a431093c3",
      "name" : "log",
      "source" : "7bbd525a431093c3.txt",
      "type" : "text/plain",
      "size" : 181
    }, {
      "uid" : "a1abd98ce9961be2",
      "name" : "stderr",
      "source" : "a1abd98ce9961be2.txt",
      "type" : "text/plain",
      "size" : 198
    } ],
    "parameters" : [ ],
    "stepsCount" : 2,
    "hasContent" : true,
    "shouldDisplayMessage" : true,
    "attachmentsCount" : 3
  },
  "afterStages" : [ {
    "name" : "drivers::0",
    "time" : {
      "start" : 1637048803679,
      "stop" : 1637048805774,
      "duration" : 2095
    },
    "status" : "passed",
    "steps" : [ ],
    "attachments" : [ ],
    "parameters" : [ ],
    "stepsCount" : 0,
    "hasContent" : false,
    "shouldDisplayMessage" : false,
    "attachmentsCount" : 0
  } ],
  "labels" : [ {
    "name" : "tag",
    "value" : "step-2==>We’ll review your email and verify, then send you a coupon code."
  }, {
    "name" : "severity",
    "value" : "trivial"
  }, {
    "name" : "feature",
    "value" : "学生优惠申请页面测试"
  }, {
    "name" : "story",
    "value" : "功能测试"
  }, {
    "name" : "parentSuite",
    "value" : "TestCase.discount_test_case"
  }, {
    "name" : "suite",
    "value" : "test_discount"
  }, {
    "name" : "subSuite",
    "value" : "TestBody"
  }, {
    "name" : "host",
    "value" : "DESKTOP-9RE2F6C"
  }, {
    "name" : "thread",
    "value" : "1832-MainThread"
  }, {
    "name" : "framework",
    "value" : "pytest"
  }, {
    "name" : "language",
    "value" : "cpython3"
  }, {
    "name" : "package",
    "value" : "TestCase.discount_test_case.test_discount"
  }, {
    "name" : "resultFormat",
    "value" : "allure2"
  } ],
  "parameters" : [ {
    "name" : "context",
    "value" : "'We’ll review your email and verify, then send you a coupon code.'"
  }, {
    "name" : "step",
    "value" : "'step-2'"
  } ],
  "links" : [ ],
  "hidden" : false,
  "retry" : false,
  "extra" : {
    "severity" : "trivial",
    "retries" : [ {
      "uid" : "3a5c9cdeee0a2af7",
      "status" : "broken",
      "statusDetails" : "selenium.common.exceptions.TimeoutException: Message:",
      "time" : {
        "start" : 1637046977662,
        "stop" : 1637046988206,
        "duration" : 10544
      }
    } ],
    "categories" : [ {
      "name" : "Test defects",
      "matchedStatuses" : [ ],
      "flaky" : false
    } ],
    "history" : {
      "statistic" : {
        "failed" : 0,
        "broken" : 1,
        "skipped" : 0,
        "passed" : 9,
        "unknown" : 0,
        "total" : 10
      },
      "items" : [ {
        "uid" : "b3dc85cf22857dec",
        "reportUrl" : "http://localhost:8080/jenkins/job/selenium_auto_test_IMyMac/27/allure/#testresult/b3dc85cf22857dec",
        "status" : "passed",
        "time" : {
          "start" : 1637045087670,
          "stop" : 1637045087698,
          "duration" : 28
        }
      }, {
        "uid" : "64fa4c4b5ceaaa07",
        "reportUrl" : "http://localhost:8080/jenkins/job/selenium_auto_test_IMyMac/26/allure/#testresult/64fa4c4b5ceaaa07",
        "status" : "passed",
        "time" : {
          "start" : 1637042953077,
          "stop" : 1637042953098,
          "duration" : 21
        }
      }, {
        "uid" : "fb7b2928e9c9b31",
        "reportUrl" : "http://localhost:8080/jenkins/job/selenium_auto_test_IMyMac/25/allure/#testresult/fb7b2928e9c9b31",
        "status" : "passed",
        "time" : {
          "start" : 1637041810886,
          "stop" : 1637041810907,
          "duration" : 21
        }
      }, {
        "uid" : "fbe78f2753f6e85d",
        "reportUrl" : "http://localhost:8080/jenkins/job/selenium_auto_test_IMyMac/23/allure/#testresult/fbe78f2753f6e85d",
        "status" : "passed",
        "time" : {
          "start" : 1636967275915,
          "stop" : 1636967275936,
          "duration" : 21
        }
      }, {
        "uid" : "57a16f4c4be5056f",
        "reportUrl" : "http://localhost:8080/jenkins/job/selenium_auto_test_IMyMac/22/allure/#testresult/57a16f4c4be5056f",
        "status" : "passed",
        "time" : {
          "start" : 1636940503630,
          "stop" : 1636940503652,
          "duration" : 22
        }
      }, {
        "uid" : "28d51d7c3d1bf450",
        "reportUrl" : "http://localhost:8080/jenkins/job/selenium_auto_test_IMyMac/20/allure/#testresult/28d51d7c3d1bf450",
        "status" : "passed",
        "time" : {
          "start" : 1636709209246,
          "stop" : 1636709209267,
          "duration" : 21
        }
      }, {
        "uid" : "c3ef515a51558ea1",
        "reportUrl" : "http://localhost:8080/jenkins/job/selenium_auto_test_IMyMac/19/allure/#testresult/c3ef515a51558ea1",
        "status" : "passed",
        "time" : {
          "start" : 1636709209246,
          "stop" : 1636709209267,
          "duration" : 21
        }
      }, {
        "uid" : "ac4c0c64c9b7dce1",
        "reportUrl" : "http://localhost:8080/jenkins/job/selenium_auto_test_IMyMac/17/allure/#testresult/ac4c0c64c9b7dce1",
        "status" : "passed",
        "time" : {
          "start" : 1636709209246,
          "stop" : 1636709209267,
          "duration" : 21
        }
      }, {
        "uid" : "6376e53686f8ad4e",
        "reportUrl" : "http://localhost:8080/jenkins/job/selenium_auto_test_IMyMac/16/allure/#testresult/6376e53686f8ad4e",
        "status" : "passed",
        "time" : {
          "start" : 1636709209246,
          "stop" : 1636709209267,
          "duration" : 21
        }
      } ]
    },
    "tags" : [ "step-2==>We’ll review your email and verify, then send you a coupon code." ]
  },
  "source" : "d93e0e5edf12a4f5.json",
  "parameterValues" : [ "'We’ll review your email and verify, then send you a coupon code.'", "'step-2'" ]
}