{
  "uid" : "f8e294b59b2fc506",
  "name" : "video购买页面添加支付卡信息错误测试",
  "fullName" : "TestCase.store_test_case.test_store.TestBody#test_033",
  "historyId" : "9b3f1dbd0b53ac3f3f50a5794f6c8232",
  "time" : {
    "start" : 1637045870351,
    "stop" : 1637045884527,
    "duration" : 14176
  },
  "description" : "video购买页面添加支付卡信息错误功能测试",
  "descriptionHtml" : "<p>video购买页面添加支付卡信息错误功能测试</p>\n",
  "status" : "failed",
  "statusMessage" : "AssertionError: assert '您输入的 CVV 无效。' in ['The name you entered is not valid.', 'The credit card you entered is not valid.', 'The CVV you entered is not valid.']\n +  where ['The name you entered is not valid.', 'The credit card you entered is not valid.', 'The CVV you entered is not valid.'] = <bound method StorePage.return_card_pay_error_texts of <pytest_project.page_object.store.store_page.StorePage object at 0x00000245A9044190>>()\n +    where <bound method StorePage.return_card_pay_error_texts of <pytest_project.page_object.store.store_page.StorePage object at 0x00000245A9044190>> = <pytest_project.page_object.store.store_page.StorePage object at 0x00000245A9044190>.return_card_pay_error_texts\n +      where <pytest_project.page_object.store.store_page.StorePage object at 0x00000245A9044190> = <pytest_project.TestCase.store_test_case.test_store.TestBody object at 0x00000245A90449A0>.driver",
  "statusTrace" : "self = <pytest_project.TestCase.store_test_case.test_store.TestBody object at 0x00000245A90449A0>\nnumber = '', name = '', month = '2', year = '2022', pwd = '56'\nerror_text = '您输入的 CVV 无效。'\n\n    @pytest.mark.parametrize('number,name,month,year,pwd,error_text', getExcelAllData('卡片支付', 'Store/store.xlsx'))\n    @allure.title('video购买页面添加支付卡信息错误测试')\n    def test_033(self, number, name, month, year, pwd, error_text):\n        \"\"\"video购买页面添加支付卡信息错误功能测试\"\"\"\n        allure.dynamic.tag('填写支付卡信息')\n        self.driver.video_buy_three_step()\n        self.driver.card_to_pay()\n        self.driver.send_cardNumber(number)\n        self.driver.send_cardName(name)\n        self.driver.send_cardMonth(month)\n        self.driver.send_cardYear(year)\n        self.driver.send_cardPwd(pwd)\n        self.driver.submit_card()\n>       assert error_text in self.driver.return_card_pay_error_texts()\nE       AssertionError: assert '您输入的 CVV 无效。' in ['The name you entered is not valid.', 'The credit card you entered is not valid.', 'The CVV you entered is not valid.']\nE        +  where ['The name you entered is not valid.', 'The credit card you entered is not valid.', 'The CVV you entered is not valid.'] = <bound method StorePage.return_card_pay_error_texts of <pytest_project.page_object.store.store_page.StorePage object at 0x00000245A9044190>>()\nE        +    where <bound method StorePage.return_card_pay_error_texts of <pytest_project.page_object.store.store_page.StorePage object at 0x00000245A9044190>> = <pytest_project.page_object.store.store_page.StorePage object at 0x00000245A9044190>.return_card_pay_error_texts\nE        +      where <pytest_project.page_object.store.store_page.StorePage object at 0x00000245A9044190> = <pytest_project.TestCase.store_test_case.test_store.TestBody object at 0x00000245A90449A0>.driver\n\nTestCase\\store_test_case\\test_store.py:330: AssertionError",
  "flaky" : false,
  "newFailed" : false,
  "beforeStages" : [ {
    "name" : "_verify_url",
    "time" : {
      "start" : 1637045081634,
      "stop" : 1637045081634,
      "duration" : 0
    },
    "status" : "passed",
    "steps" : [ ],
    "attachments" : [ ],
    "parameters" : [ ],
    "stepsCount" : 0,
    "hasContent" : false,
    "attachmentsCount" : 0,
    "shouldDisplayMessage" : false
  }, {
    "name" : "drivers",
    "time" : {
      "start" : 1637045081634,
      "stop" : 1637045084003,
      "duration" : 2369
    },
    "status" : "passed",
    "steps" : [ ],
    "attachments" : [ ],
    "parameters" : [ ],
    "stepsCount" : 0,
    "hasContent" : false,
    "attachmentsCount" : 0,
    "shouldDisplayMessage" : false
  }, {
    "name" : "base_url",
    "time" : {
      "start" : 1637045081634,
      "stop" : 1637045081634,
      "duration" : 0
    },
    "status" : "passed",
    "steps" : [ ],
    "attachments" : [ ],
    "parameters" : [ ],
    "stepsCount" : 0,
    "hasContent" : false,
    "attachmentsCount" : 0,
    "shouldDisplayMessage" : false
  }, {
    "name" : "sensitive_url",
    "time" : {
      "start" : 1637045084003,
      "stop" : 1637045084003,
      "duration" : 0
    },
    "status" : "passed",
    "steps" : [ ],
    "attachments" : [ ],
    "parameters" : [ ],
    "stepsCount" : 0,
    "hasContent" : false,
    "attachmentsCount" : 0,
    "shouldDisplayMessage" : false
  }, {
    "name" : "open_url",
    "time" : {
      "start" : 1637045870134,
      "stop" : 1637045870350,
      "duration" : 216
    },
    "status" : "passed",
    "steps" : [ ],
    "attachments" : [ ],
    "parameters" : [ ],
    "stepsCount" : 0,
    "hasContent" : false,
    "attachmentsCount" : 0,
    "shouldDisplayMessage" : false
  }, {
    "name" : "_skip_sensitive",
    "time" : {
      "start" : 1637045870134,
      "stop" : 1637045870134,
      "duration" : 0
    },
    "status" : "passed",
    "steps" : [ ],
    "attachments" : [ ],
    "parameters" : [ ],
    "stepsCount" : 0,
    "hasContent" : false,
    "attachmentsCount" : 0,
    "shouldDisplayMessage" : false
  } ],
  "testStage" : {
    "description" : "video购买页面添加支付卡信息错误功能测试",
    "status" : "failed",
    "statusMessage" : "AssertionError: assert '您输入的 CVV 无效。' in ['The name you entered is not valid.', 'The credit card you entered is not valid.', 'The CVV you entered is not valid.']\n +  where ['The name you entered is not valid.', 'The credit card you entered is not valid.', 'The CVV you entered is not valid.'] = <bound method StorePage.return_card_pay_error_texts of <pytest_project.page_object.store.store_page.StorePage object at 0x00000245A9044190>>()\n +    where <bound method StorePage.return_card_pay_error_texts of <pytest_project.page_object.store.store_page.StorePage object at 0x00000245A9044190>> = <pytest_project.page_object.store.store_page.StorePage object at 0x00000245A9044190>.return_card_pay_error_texts\n +      where <pytest_project.page_object.store.store_page.StorePage object at 0x00000245A9044190> = <pytest_project.TestCase.store_test_case.test_store.TestBody object at 0x00000245A90449A0>.driver",
    "statusTrace" : "self = <pytest_project.TestCase.store_test_case.test_store.TestBody object at 0x00000245A90449A0>\nnumber = '', name = '', month = '2', year = '2022', pwd = '56'\nerror_text = '您输入的 CVV 无效。'\n\n    @pytest.mark.parametrize('number,name,month,year,pwd,error_text', getExcelAllData('卡片支付', 'Store/store.xlsx'))\n    @allure.title('video购买页面添加支付卡信息错误测试')\n    def test_033(self, number, name, month, year, pwd, error_text):\n        \"\"\"video购买页面添加支付卡信息错误功能测试\"\"\"\n        allure.dynamic.tag('填写支付卡信息')\n        self.driver.video_buy_three_step()\n        self.driver.card_to_pay()\n        self.driver.send_cardNumber(number)\n        self.driver.send_cardName(name)\n        self.driver.send_cardMonth(month)\n        self.driver.send_cardYear(year)\n        self.driver.send_cardPwd(pwd)\n        self.driver.submit_card()\n>       assert error_text in self.driver.return_card_pay_error_texts()\nE       AssertionError: assert '您输入的 CVV 无效。' in ['The name you entered is not valid.', 'The credit card you entered is not valid.', 'The CVV you entered is not valid.']\nE        +  where ['The name you entered is not valid.', 'The credit card you entered is not valid.', 'The CVV you entered is not valid.'] = <bound method StorePage.return_card_pay_error_texts of <pytest_project.page_object.store.store_page.StorePage object at 0x00000245A9044190>>()\nE        +    where <bound method StorePage.return_card_pay_error_texts of <pytest_project.page_object.store.store_page.StorePage object at 0x00000245A9044190>> = <pytest_project.page_object.store.store_page.StorePage object at 0x00000245A9044190>.return_card_pay_error_texts\nE        +      where <pytest_project.page_object.store.store_page.StorePage object at 0x00000245A9044190> = <pytest_project.TestCase.store_test_case.test_store.TestBody object at 0x00000245A90449A0>.driver\n\nTestCase\\store_test_case\\test_store.py:330: AssertionError",
    "steps" : [ {
      "name" : "进入购买video第三步页面",
      "time" : {
        "start" : 1637045870351,
        "stop" : 1637045878799,
        "duration" : 8448
      },
      "status" : "passed",
      "steps" : [ {
        "name" : "进入购买video第二步页面",
        "time" : {
          "start" : 1637045870351,
          "stop" : 1637045877604,
          "duration" : 7253
        },
        "status" : "passed",
        "steps" : [ {
          "name" : "进入购买video第一步页面",
          "time" : {
            "start" : 1637045870351,
            "stop" : 1637045876413,
            "duration" : 6062
          },
          "status" : "passed",
          "steps" : [ {
            "name" : "切换到video购买页面",
            "time" : {
              "start" : 1637045871403,
              "stop" : 1637045875400,
              "duration" : 3997
            },
            "status" : "passed",
            "steps" : [ ],
            "attachments" : [ ],
            "parameters" : [ ],
            "stepsCount" : 0,
            "hasContent" : false,
            "attachmentsCount" : 0,
            "shouldDisplayMessage" : false
          } ],
          "attachments" : [ ],
          "parameters" : [ ],
          "stepsCount" : 1,
          "hasContent" : true,
          "attachmentsCount" : 0,
          "shouldDisplayMessage" : false
        }, {
          "name" : "输入邮箱",
          "time" : {
            "start" : 1637045876413,
            "stop" : 1637045876513,
            "duration" : 100
          },
          "status" : "passed",
          "steps" : [ ],
          "attachments" : [ ],
          "parameters" : [ {
            "name" : "text",
            "value" : "'123@123.com'"
          } ],
          "stepsCount" : 0,
          "hasContent" : true,
          "attachmentsCount" : 0,
          "shouldDisplayMessage" : false
        }, {
          "name" : "点击确认邮箱按钮",
          "time" : {
            "start" : 1637045876513,
            "stop" : 1637045877604,
            "duration" : 1091
          },
          "status" : "passed",
          "steps" : [ ],
          "attachments" : [ ],
          "parameters" : [ ],
          "stepsCount" : 0,
          "hasContent" : false,
          "attachmentsCount" : 0,
          "shouldDisplayMessage" : false
        } ],
        "attachments" : [ ],
        "parameters" : [ ],
        "stepsCount" : 4,
        "hasContent" : true,
        "attachmentsCount" : 0,
        "shouldDisplayMessage" : false
      }, {
        "name" : "点击地区下拉框",
        "time" : {
          "start" : 1637045877604,
          "stop" : 1637045877683,
          "duration" : 79
        },
        "status" : "passed",
        "steps" : [ ],
        "attachments" : [ ],
        "parameters" : [ {
          "name" : "language",
          "value" : "'CN'"
        } ],
        "stepsCount" : 0,
        "hasContent" : true,
        "attachmentsCount" : 0,
        "shouldDisplayMessage" : false
      }, {
        "name" : "点击确认地区",
        "time" : {
          "start" : 1637045877683,
          "stop" : 1637045878799,
          "duration" : 1116
        },
        "status" : "passed",
        "steps" : [ ],
        "attachments" : [ ],
        "parameters" : [ ],
        "stepsCount" : 0,
        "hasContent" : false,
        "attachmentsCount" : 0,
        "shouldDisplayMessage" : false
      } ],
      "attachments" : [ ],
      "parameters" : [ ],
      "stepsCount" : 7,
      "hasContent" : true,
      "attachmentsCount" : 0,
      "shouldDisplayMessage" : false
    }, {
      "name" : "选择卡片支付",
      "time" : {
        "start" : 1637045878799,
        "stop" : 1637045881874,
        "duration" : 3075
      },
      "status" : "passed",
      "steps" : [ ],
      "attachments" : [ ],
      "parameters" : [ ],
      "stepsCount" : 0,
      "hasContent" : false,
      "attachmentsCount" : 0,
      "shouldDisplayMessage" : false
    }, {
      "name" : "输入卡号",
      "time" : {
        "start" : 1637045881874,
        "stop" : 1637045881953,
        "duration" : 79
      },
      "status" : "passed",
      "steps" : [ ],
      "attachments" : [ ],
      "parameters" : [ {
        "name" : "number",
        "value" : "''"
      } ],
      "stepsCount" : 0,
      "hasContent" : true,
      "attachmentsCount" : 0,
      "shouldDisplayMessage" : false
    }, {
      "name" : "输入持卡人",
      "time" : {
        "start" : 1637045881953,
        "stop" : 1637045882026,
        "duration" : 73
      },
      "status" : "passed",
      "steps" : [ ],
      "attachments" : [ ],
      "parameters" : [ {
        "name" : "name",
        "value" : "''"
      } ],
      "stepsCount" : 0,
      "hasContent" : true,
      "attachmentsCount" : 0,
      "shouldDisplayMessage" : false
    }, {
      "name" : "输入截至月",
      "time" : {
        "start" : 1637045882026,
        "stop" : 1637045882129,
        "duration" : 103
      },
      "status" : "passed",
      "steps" : [ ],
      "attachments" : [ ],
      "parameters" : [ {
        "name" : "month",
        "value" : "'2'"
      } ],
      "stepsCount" : 0,
      "hasContent" : true,
      "attachmentsCount" : 0,
      "shouldDisplayMessage" : false
    }, {
      "name" : "输入截至年",
      "time" : {
        "start" : 1637045882129,
        "stop" : 1637045882262,
        "duration" : 133
      },
      "status" : "passed",
      "steps" : [ ],
      "attachments" : [ ],
      "parameters" : [ {
        "name" : "year",
        "value" : "'2022'"
      } ],
      "stepsCount" : 0,
      "hasContent" : true,
      "attachmentsCount" : 0,
      "shouldDisplayMessage" : false
    }, {
      "name" : "输入安全码",
      "time" : {
        "start" : 1637045882262,
        "stop" : 1637045882358,
        "duration" : 96
      },
      "status" : "passed",
      "steps" : [ ],
      "attachments" : [ ],
      "parameters" : [ {
        "name" : "pwd",
        "value" : "'56'"
      } ],
      "stepsCount" : 0,
      "hasContent" : true,
      "attachmentsCount" : 0,
      "shouldDisplayMessage" : false
    }, {
      "name" : "提交输入卡信息",
      "time" : {
        "start" : 1637045882359,
        "stop" : 1637045884483,
        "duration" : 2124
      },
      "status" : "passed",
      "steps" : [ ],
      "attachments" : [ ],
      "parameters" : [ ],
      "stepsCount" : 0,
      "hasContent" : false,
      "attachmentsCount" : 0,
      "shouldDisplayMessage" : false
    }, {
      "name" : "判断卡支付错误信息",
      "time" : {
        "start" : 1637045884483,
        "stop" : 1637045884527,
        "duration" : 44
      },
      "status" : "passed",
      "steps" : [ ],
      "attachments" : [ ],
      "parameters" : [ ],
      "stepsCount" : 0,
      "hasContent" : false,
      "attachmentsCount" : 0,
      "shouldDisplayMessage" : false
    }, {
      "name" : "添加失败截图...",
      "time" : {
        "start" : 1637045884748,
        "stop" : 1637045885026,
        "duration" : 278
      },
      "status" : "passed",
      "steps" : [ ],
      "attachments" : [ {
        "uid" : "3dabdb3d79b5e546",
        "name" : "失败截图",
        "source" : "3dabdb3d79b5e546.png",
        "type" : "image/png",
        "size" : 307818
      } ],
      "parameters" : [ ],
      "stepsCount" : 0,
      "hasContent" : true,
      "attachmentsCount" : 1,
      "shouldDisplayMessage" : false
    } ],
    "attachments" : [ {
      "uid" : "f46fb111c163488",
      "name" : "log",
      "source" : "f46fb111c163488.txt",
      "type" : "text/plain",
      "size" : 3087
    }, {
      "uid" : "2763c3ebbee35292",
      "name" : "stderr",
      "source" : "2763c3ebbee35292.txt",
      "type" : "text/plain",
      "size" : 3344
    } ],
    "parameters" : [ ],
    "stepsCount" : 17,
    "hasContent" : true,
    "attachmentsCount" : 3,
    "shouldDisplayMessage" : true
  },
  "afterStages" : [ {
    "name" : "drivers::0",
    "time" : {
      "start" : 1637045944450,
      "stop" : 1637045946601,
      "duration" : 2151
    },
    "status" : "passed",
    "steps" : [ ],
    "attachments" : [ ],
    "parameters" : [ ],
    "stepsCount" : 0,
    "hasContent" : false,
    "attachmentsCount" : 0,
    "shouldDisplayMessage" : false
  } ],
  "labels" : [ {
    "name" : "tag",
    "value" : "填写支付卡信息"
  }, {
    "name" : "feature",
    "value" : "Store页面测试"
  }, {
    "name" : "severity",
    "value" : "blocker"
  }, {
    "name" : "story",
    "value" : "Store主页内容测试"
  }, {
    "name" : "parentSuite",
    "value" : "TestCase.store_test_case"
  }, {
    "name" : "suite",
    "value" : "test_store"
  }, {
    "name" : "subSuite",
    "value" : "TestBody"
  }, {
    "name" : "host",
    "value" : "DESKTOP-9RE2F6C"
  }, {
    "name" : "thread",
    "value" : "20792-MainThread"
  }, {
    "name" : "framework",
    "value" : "pytest"
  }, {
    "name" : "language",
    "value" : "cpython3"
  }, {
    "name" : "package",
    "value" : "TestCase.store_test_case.test_store"
  }, {
    "name" : "resultFormat",
    "value" : "allure2"
  } ],
  "parameters" : [ {
    "name" : "error_text",
    "value" : "'您输入的 CVV 无效。'"
  }, {
    "name" : "month",
    "value" : "'2'"
  }, {
    "name" : "name",
    "value" : "''"
  }, {
    "name" : "number",
    "value" : "''"
  }, {
    "name" : "pwd",
    "value" : "'56'"
  }, {
    "name" : "year",
    "value" : "'2022'"
  } ],
  "links" : [ ],
  "hidden" : false,
  "retry" : false,
  "extra" : {
    "severity" : "blocker",
    "retries" : [ {
      "uid" : "6018f8f444ab0eea",
      "status" : "failed",
      "statusDetails" : "AssertionError: assert '您输入的 CVV 无效。' in ['The name you entered is not valid.', 'The credit card you entered is not valid.', 'The CVV you entered is not valid.']\n +  where ['The name you entered is not valid.', 'The credit card you entered is not valid.', 'The CVV you entered is not valid.'] = <bound method StorePage.return_card_pay_error_texts of <pytest_project.page_object.store.store_page.StorePage object at 0x00000245A8FFF520>>()\n +    where <bound method StorePage.return_card_pay_error_texts of <pytest_project.page_object.store.store_page.StorePage object at 0x00000245A8FFF520>> = <pytest_project.page_object.store.store_page.StorePage object at 0x00000245A8FFF520>.return_card_pay_error_texts\n +      where <pytest_project.page_object.store.store_page.StorePage object at 0x00000245A8FFF520> = <pytest_project.TestCase.store_test_case.test_store.TestBody object at 0x00000245A901E850>.driver",
      "time" : {
        "start" : 1637045849621,
        "stop" : 1637045864700,
        "duration" : 15079
      }
    } ],
    "categories" : [ {
      "name" : "Product defects",
      "matchedStatuses" : [ ],
      "flaky" : false
    } ],
    "history" : {
      "statistic" : {
        "failed" : 4,
        "broken" : 0,
        "skipped" : 0,
        "passed" : 0,
        "unknown" : 0,
        "total" : 4
      },
      "items" : [ {
        "uid" : "523e56d55edc9727",
        "reportUrl" : "http://localhost:8080/jenkins/job/selenium_auto_test_IMyMac/26/allure/#testresult/523e56d55edc9727",
        "status" : "failed",
        "statusDetails" : "AssertionError: assert '您输入的 CVV 无效。' in ['The name you entered is not valid.', 'The credit card you entered is not valid.', 'The CVV you entered is not valid.']\n +  where ['The name you entered is not valid.', 'The credit card you entered is not valid.', 'The CVV you entered is not valid.'] = <bound method StorePage.return_card_pay_error_texts of <pytest_project.page_object.store.store_page.StorePage object at 0x0000024B935FA070>>()\n +    where <bound method StorePage.return_card_pay_error_texts of <pytest_project.page_object.store.store_page.StorePage object at 0x0000024B935FA070>> = <pytest_project.page_object.store.store_page.StorePage object at 0x0000024B935FA070>.return_card_pay_error_texts\n +      where <pytest_project.page_object.store.store_page.StorePage object at 0x0000024B935FA070> = <pytest_project.TestCase.store_test_case.test_store.TestBody object at 0x0000024B935C77F0>.driver",
        "time" : {
          "start" : 1637044240467,
          "stop" : 1637044256765,
          "duration" : 16298
        }
      }, {
        "uid" : "5df164d63368bc60",
        "reportUrl" : "http://localhost:8080/jenkins/job/selenium_auto_test_IMyMac/23/allure/#testresult/5df164d63368bc60",
        "status" : "failed",
        "statusDetails" : "AssertionError: assert '您输入的 CVV 无效。' in ['The name you entered is not valid.', 'The credit card you entered is not valid.', 'The CVV you entered is not valid.']\n +  where ['The name you entered is not valid.', 'The credit card you entered is not valid.', 'The CVV you entered is not valid.'] = <bound method StorePage.return_card_pay_error_texts of <pytest_project.page_object.store.store_page.StorePage object at 0x000002C5A20BE6A0>>()\n +    where <bound method StorePage.return_card_pay_error_texts of <pytest_project.page_object.store.store_page.StorePage object at 0x000002C5A20BE6A0>> = <pytest_project.page_object.store.store_page.StorePage object at 0x000002C5A20BE6A0>.return_card_pay_error_texts\n +      where <pytest_project.page_object.store.store_page.StorePage object at 0x000002C5A20BE6A0> = <pytest_project.TestCase.store_test_case.test_store.TestBody object at 0x000002C5A20BEF10>.driver",
        "time" : {
          "start" : 1636968464021,
          "stop" : 1636968478844,
          "duration" : 14823
        }
      }, {
        "uid" : "afa0058ee62dc131",
        "reportUrl" : "http://localhost:8080/jenkins/job/selenium_auto_test_IMyMac/22/allure/#testresult/afa0058ee62dc131",
        "status" : "failed",
        "statusDetails" : "AssertionError: assert '您输入的 CVV 无效。' in ['The name you entered is not valid.', 'The credit card you entered is not valid.', 'The CVV you entered is not valid.']\n +  where ['The name you entered is not valid.', 'The credit card you entered is not valid.', 'The CVV you entered is not valid.'] = <bound method StorePage.return_card_pay_error_texts of <pytest_project.page_object.store.store_page.StorePage object at 0x00000200DA964640>>()\n +    where <bound method StorePage.return_card_pay_error_texts of <pytest_project.page_object.store.store_page.StorePage object at 0x00000200DA964640>> = <pytest_project.page_object.store.store_page.StorePage object at 0x00000200DA964640>.return_card_pay_error_texts\n +      where <pytest_project.page_object.store.store_page.StorePage object at 0x00000200DA964640> = <pytest_project.TestCase.store_test_case.test_store.TestBody object at 0x00000200DAAC9F10>.driver",
        "time" : {
          "start" : 1636941456085,
          "stop" : 1636941468743,
          "duration" : 12658
        }
      } ]
    },
    "tags" : [ "填写支付卡信息" ]
  },
  "source" : "f8e294b59b2fc506.json",
  "parameterValues" : [ "'您输入的 CVV 无效。'", "'2'", "''", "''", "'56'", "'2022'" ]
}