{
  "uid" : "fb94bea6ff9fd1e8",
  "name" : "video购买页面添加支付卡信息错误测试",
  "fullName" : "TestCase.store_test_case.test_store.TestBody#test_033",
  "historyId" : "e77fb04688e0f7ad47eb094735f5fdd3",
  "time" : {
    "start" : 1637045687891,
    "stop" : 1637045703621,
    "duration" : 15730
  },
  "description" : "video购买页面添加支付卡信息错误功能测试",
  "descriptionHtml" : "<p>video购买页面添加支付卡信息错误功能测试</p>\n",
  "status" : "failed",
  "statusMessage" : "AssertionError: assert '您输入的期限年份无效。' in ['The name you entered is not valid.', 'The credit card you entered is not valid.', 'The expiry month you entered is not valid.', 'The expiry year you entered is not valid.']\n +  where ['The name you entered is not valid.', 'The credit card you entered is not valid.', 'The expiry month you entered is not valid.', 'The expiry year you entered is not valid.'] = <bound method StorePage.return_card_pay_error_texts of <pytest_project.page_object.store.store_page.StorePage object at 0x00000245A8FF4E50>>()\n +    where <bound method StorePage.return_card_pay_error_texts of <pytest_project.page_object.store.store_page.StorePage object at 0x00000245A8FF4E50>> = <pytest_project.page_object.store.store_page.StorePage object at 0x00000245A8FF4E50>.return_card_pay_error_texts\n +      where <pytest_project.page_object.store.store_page.StorePage object at 0x00000245A8FF4E50> = <pytest_project.TestCase.store_test_case.test_store.TestBody object at 0x00000245A8FF4C70>.driver",
  "statusTrace" : "self = <pytest_project.TestCase.store_test_case.test_store.TestBody object at 0x00000245A8FF4C70>\nnumber = '', name = '', month = '', year = '1000', pwd = '568'\nerror_text = '您输入的期限年份无效。'\n\n    @pytest.mark.parametrize('number,name,month,year,pwd,error_text', getExcelAllData('卡片支付', 'Store/store.xlsx'))\n    @allure.title('video购买页面添加支付卡信息错误测试')\n    def test_033(self, number, name, month, year, pwd, error_text):\n        \"\"\"video购买页面添加支付卡信息错误功能测试\"\"\"\n        allure.dynamic.tag('填写支付卡信息')\n        self.driver.video_buy_three_step()\n        self.driver.card_to_pay()\n        self.driver.send_cardNumber(number)\n        self.driver.send_cardName(name)\n        self.driver.send_cardMonth(month)\n        self.driver.send_cardYear(year)\n        self.driver.send_cardPwd(pwd)\n        self.driver.submit_card()\n>       assert error_text in self.driver.return_card_pay_error_texts()\nE       AssertionError: assert '您输入的期限年份无效。' in ['The name you entered is not valid.', 'The credit card you entered is not valid.', 'The expiry month you entered is not valid.', 'The expiry year you entered is not valid.']\nE        +  where ['The name you entered is not valid.', 'The credit card you entered is not valid.', 'The expiry month you entered is not valid.', 'The expiry year you entered is not valid.'] = <bound method StorePage.return_card_pay_error_texts of <pytest_project.page_object.store.store_page.StorePage object at 0x00000245A8FF4E50>>()\nE        +    where <bound method StorePage.return_card_pay_error_texts of <pytest_project.page_object.store.store_page.StorePage object at 0x00000245A8FF4E50>> = <pytest_project.page_object.store.store_page.StorePage object at 0x00000245A8FF4E50>.return_card_pay_error_texts\nE        +      where <pytest_project.page_object.store.store_page.StorePage object at 0x00000245A8FF4E50> = <pytest_project.TestCase.store_test_case.test_store.TestBody object at 0x00000245A8FF4C70>.driver\n\nTestCase\\store_test_case\\test_store.py:330: AssertionError",
  "flaky" : false,
  "newFailed" : false,
  "beforeStages" : [ {
    "name" : "_verify_url",
    "time" : {
      "start" : 1637045081634,
      "stop" : 1637045081634,
      "duration" : 0
    },
    "status" : "passed",
    "steps" : [ ],
    "attachments" : [ ],
    "parameters" : [ ],
    "stepsCount" : 0,
    "hasContent" : false,
    "attachmentsCount" : 0,
    "shouldDisplayMessage" : false
  }, {
    "name" : "drivers",
    "time" : {
      "start" : 1637045081634,
      "stop" : 1637045084003,
      "duration" : 2369
    },
    "status" : "passed",
    "steps" : [ ],
    "attachments" : [ ],
    "parameters" : [ ],
    "stepsCount" : 0,
    "hasContent" : false,
    "attachmentsCount" : 0,
    "shouldDisplayMessage" : false
  }, {
    "name" : "base_url",
    "time" : {
      "start" : 1637045081634,
      "stop" : 1637045081634,
      "duration" : 0
    },
    "status" : "passed",
    "steps" : [ ],
    "attachments" : [ ],
    "parameters" : [ ],
    "stepsCount" : 0,
    "hasContent" : false,
    "attachmentsCount" : 0,
    "shouldDisplayMessage" : false
  }, {
    "name" : "sensitive_url",
    "time" : {
      "start" : 1637045084003,
      "stop" : 1637045084003,
      "duration" : 0
    },
    "status" : "passed",
    "steps" : [ ],
    "attachments" : [ ],
    "parameters" : [ ],
    "stepsCount" : 0,
    "hasContent" : false,
    "attachmentsCount" : 0,
    "shouldDisplayMessage" : false
  }, {
    "name" : "open_url",
    "time" : {
      "start" : 1637045687349,
      "stop" : 1637045687890,
      "duration" : 541
    },
    "status" : "passed",
    "steps" : [ ],
    "attachments" : [ ],
    "parameters" : [ ],
    "stepsCount" : 0,
    "hasContent" : false,
    "attachmentsCount" : 0,
    "shouldDisplayMessage" : false
  }, {
    "name" : "_skip_sensitive",
    "time" : {
      "start" : 1637045687349,
      "stop" : 1637045687349,
      "duration" : 0
    },
    "status" : "passed",
    "steps" : [ ],
    "attachments" : [ ],
    "parameters" : [ ],
    "stepsCount" : 0,
    "hasContent" : false,
    "attachmentsCount" : 0,
    "shouldDisplayMessage" : false
  } ],
  "testStage" : {
    "description" : "video购买页面添加支付卡信息错误功能测试",
    "status" : "failed",
    "statusMessage" : "AssertionError: assert '您输入的期限年份无效。' in ['The name you entered is not valid.', 'The credit card you entered is not valid.', 'The expiry month you entered is not valid.', 'The expiry year you entered is not valid.']\n +  where ['The name you entered is not valid.', 'The credit card you entered is not valid.', 'The expiry month you entered is not valid.', 'The expiry year you entered is not valid.'] = <bound method StorePage.return_card_pay_error_texts of <pytest_project.page_object.store.store_page.StorePage object at 0x00000245A8FF4E50>>()\n +    where <bound method StorePage.return_card_pay_error_texts of <pytest_project.page_object.store.store_page.StorePage object at 0x00000245A8FF4E50>> = <pytest_project.page_object.store.store_page.StorePage object at 0x00000245A8FF4E50>.return_card_pay_error_texts\n +      where <pytest_project.page_object.store.store_page.StorePage object at 0x00000245A8FF4E50> = <pytest_project.TestCase.store_test_case.test_store.TestBody object at 0x00000245A8FF4C70>.driver",
    "statusTrace" : "self = <pytest_project.TestCase.store_test_case.test_store.TestBody object at 0x00000245A8FF4C70>\nnumber = '', name = '', month = '', year = '1000', pwd = '568'\nerror_text = '您输入的期限年份无效。'\n\n    @pytest.mark.parametrize('number,name,month,year,pwd,error_text', getExcelAllData('卡片支付', 'Store/store.xlsx'))\n    @allure.title('video购买页面添加支付卡信息错误测试')\n    def test_033(self, number, name, month, year, pwd, error_text):\n        \"\"\"video购买页面添加支付卡信息错误功能测试\"\"\"\n        allure.dynamic.tag('填写支付卡信息')\n        self.driver.video_buy_three_step()\n        self.driver.card_to_pay()\n        self.driver.send_cardNumber(number)\n        self.driver.send_cardName(name)\n        self.driver.send_cardMonth(month)\n        self.driver.send_cardYear(year)\n        self.driver.send_cardPwd(pwd)\n        self.driver.submit_card()\n>       assert error_text in self.driver.return_card_pay_error_texts()\nE       AssertionError: assert '您输入的期限年份无效。' in ['The name you entered is not valid.', 'The credit card you entered is not valid.', 'The expiry month you entered is not valid.', 'The expiry year you entered is not valid.']\nE        +  where ['The name you entered is not valid.', 'The credit card you entered is not valid.', 'The expiry month you entered is not valid.', 'The expiry year you entered is not valid.'] = <bound method StorePage.return_card_pay_error_texts of <pytest_project.page_object.store.store_page.StorePage object at 0x00000245A8FF4E50>>()\nE        +    where <bound method StorePage.return_card_pay_error_texts of <pytest_project.page_object.store.store_page.StorePage object at 0x00000245A8FF4E50>> = <pytest_project.page_object.store.store_page.StorePage object at 0x00000245A8FF4E50>.return_card_pay_error_texts\nE        +      where <pytest_project.page_object.store.store_page.StorePage object at 0x00000245A8FF4E50> = <pytest_project.TestCase.store_test_case.test_store.TestBody object at 0x00000245A8FF4C70>.driver\n\nTestCase\\store_test_case\\test_store.py:330: AssertionError",
    "steps" : [ {
      "name" : "进入购买video第三步页面",
      "time" : {
        "start" : 1637045687891,
        "stop" : 1637045698102,
        "duration" : 10211
      },
      "status" : "passed",
      "steps" : [ {
        "name" : "进入购买video第二步页面",
        "time" : {
          "start" : 1637045687891,
          "stop" : 1637045696854,
          "duration" : 8963
        },
        "status" : "passed",
        "steps" : [ {
          "name" : "进入购买video第一步页面",
          "time" : {
            "start" : 1637045687891,
            "stop" : 1637045695681,
            "duration" : 7790
          },
          "status" : "passed",
          "steps" : [ {
            "name" : "切换到video购买页面",
            "time" : {
              "start" : 1637045688965,
              "stop" : 1637045694665,
              "duration" : 5700
            },
            "status" : "passed",
            "steps" : [ ],
            "attachments" : [ ],
            "parameters" : [ ],
            "stepsCount" : 0,
            "hasContent" : false,
            "attachmentsCount" : 0,
            "shouldDisplayMessage" : false
          } ],
          "attachments" : [ ],
          "parameters" : [ ],
          "stepsCount" : 1,
          "hasContent" : true,
          "attachmentsCount" : 0,
          "shouldDisplayMessage" : false
        }, {
          "name" : "输入邮箱",
          "time" : {
            "start" : 1637045695681,
            "stop" : 1637045695775,
            "duration" : 94
          },
          "status" : "passed",
          "steps" : [ ],
          "attachments" : [ ],
          "parameters" : [ {
            "name" : "text",
            "value" : "'123@123.com'"
          } ],
          "stepsCount" : 0,
          "hasContent" : true,
          "attachmentsCount" : 0,
          "shouldDisplayMessage" : false
        }, {
          "name" : "点击确认邮箱按钮",
          "time" : {
            "start" : 1637045695775,
            "stop" : 1637045696854,
            "duration" : 1079
          },
          "status" : "passed",
          "steps" : [ ],
          "attachments" : [ ],
          "parameters" : [ ],
          "stepsCount" : 0,
          "hasContent" : false,
          "attachmentsCount" : 0,
          "shouldDisplayMessage" : false
        } ],
        "attachments" : [ ],
        "parameters" : [ ],
        "stepsCount" : 4,
        "hasContent" : true,
        "attachmentsCount" : 0,
        "shouldDisplayMessage" : false
      }, {
        "name" : "点击地区下拉框",
        "time" : {
          "start" : 1637045696854,
          "stop" : 1637045697014,
          "duration" : 160
        },
        "status" : "passed",
        "steps" : [ ],
        "attachments" : [ ],
        "parameters" : [ {
          "name" : "language",
          "value" : "'CN'"
        } ],
        "stepsCount" : 0,
        "hasContent" : true,
        "attachmentsCount" : 0,
        "shouldDisplayMessage" : false
      }, {
        "name" : "点击确认地区",
        "time" : {
          "start" : 1637045697014,
          "stop" : 1637045698102,
          "duration" : 1088
        },
        "status" : "passed",
        "steps" : [ ],
        "attachments" : [ ],
        "parameters" : [ ],
        "stepsCount" : 0,
        "hasContent" : false,
        "attachmentsCount" : 0,
        "shouldDisplayMessage" : false
      } ],
      "attachments" : [ ],
      "parameters" : [ ],
      "stepsCount" : 7,
      "hasContent" : true,
      "attachmentsCount" : 0,
      "shouldDisplayMessage" : false
    }, {
      "name" : "选择卡片支付",
      "time" : {
        "start" : 1637045698102,
        "stop" : 1637045701173,
        "duration" : 3071
      },
      "status" : "passed",
      "steps" : [ ],
      "attachments" : [ ],
      "parameters" : [ ],
      "stepsCount" : 0,
      "hasContent" : false,
      "attachmentsCount" : 0,
      "shouldDisplayMessage" : false
    }, {
      "name" : "输入卡号",
      "time" : {
        "start" : 1637045701173,
        "stop" : 1637045701226,
        "duration" : 53
      },
      "status" : "passed",
      "steps" : [ ],
      "attachments" : [ ],
      "parameters" : [ {
        "name" : "number",
        "value" : "''"
      } ],
      "stepsCount" : 0,
      "hasContent" : true,
      "attachmentsCount" : 0,
      "shouldDisplayMessage" : false
    }, {
      "name" : "输入持卡人",
      "time" : {
        "start" : 1637045701226,
        "stop" : 1637045701284,
        "duration" : 58
      },
      "status" : "passed",
      "steps" : [ ],
      "attachments" : [ ],
      "parameters" : [ {
        "name" : "name",
        "value" : "''"
      } ],
      "stepsCount" : 0,
      "hasContent" : true,
      "attachmentsCount" : 0,
      "shouldDisplayMessage" : false
    }, {
      "name" : "输入截至月",
      "time" : {
        "start" : 1637045701285,
        "stop" : 1637045701343,
        "duration" : 58
      },
      "status" : "passed",
      "steps" : [ ],
      "attachments" : [ ],
      "parameters" : [ {
        "name" : "month",
        "value" : "''"
      } ],
      "stepsCount" : 0,
      "hasContent" : true,
      "attachmentsCount" : 0,
      "shouldDisplayMessage" : false
    }, {
      "name" : "输入截至年",
      "time" : {
        "start" : 1637045701343,
        "stop" : 1637045701414,
        "duration" : 71
      },
      "status" : "passed",
      "steps" : [ ],
      "attachments" : [ ],
      "parameters" : [ {
        "name" : "year",
        "value" : "'1000'"
      } ],
      "stepsCount" : 0,
      "hasContent" : true,
      "attachmentsCount" : 0,
      "shouldDisplayMessage" : false
    }, {
      "name" : "输入安全码",
      "time" : {
        "start" : 1637045701414,
        "stop" : 1637045701480,
        "duration" : 66
      },
      "status" : "passed",
      "steps" : [ ],
      "attachments" : [ ],
      "parameters" : [ {
        "name" : "pwd",
        "value" : "'568'"
      } ],
      "stepsCount" : 0,
      "hasContent" : true,
      "attachmentsCount" : 0,
      "shouldDisplayMessage" : false
    }, {
      "name" : "提交输入卡信息",
      "time" : {
        "start" : 1637045701480,
        "stop" : 1637045703571,
        "duration" : 2091
      },
      "status" : "passed",
      "steps" : [ ],
      "attachments" : [ ],
      "parameters" : [ ],
      "stepsCount" : 0,
      "hasContent" : false,
      "attachmentsCount" : 0,
      "shouldDisplayMessage" : false
    }, {
      "name" : "判断卡支付错误信息",
      "time" : {
        "start" : 1637045703571,
        "stop" : 1637045703621,
        "duration" : 50
      },
      "status" : "passed",
      "steps" : [ ],
      "attachments" : [ ],
      "parameters" : [ ],
      "stepsCount" : 0,
      "hasContent" : false,
      "attachmentsCount" : 0,
      "shouldDisplayMessage" : false
    }, {
      "name" : "添加失败截图...",
      "time" : {
        "start" : 1637045703817,
        "stop" : 1637045703993,
        "duration" : 176
      },
      "status" : "passed",
      "steps" : [ ],
      "attachments" : [ {
        "uid" : "fce22bf739655e0d",
        "name" : "失败截图",
        "source" : "fce22bf739655e0d.png",
        "type" : "image/png",
        "size" : 309546
      } ],
      "parameters" : [ ],
      "stepsCount" : 0,
      "hasContent" : true,
      "attachmentsCount" : 1,
      "shouldDisplayMessage" : false
    } ],
    "attachments" : [ {
      "uid" : "1e38b1d3e8909a06",
      "name" : "log",
      "source" : "1e38b1d3e8909a06.txt",
      "type" : "text/plain",
      "size" : 3195
    }, {
      "uid" : "c7d13852646ce3a5",
      "name" : "stderr",
      "source" : "c7d13852646ce3a5.txt",
      "type" : "text/plain",
      "size" : 3452
    } ],
    "parameters" : [ ],
    "stepsCount" : 17,
    "hasContent" : true,
    "attachmentsCount" : 3,
    "shouldDisplayMessage" : true
  },
  "afterStages" : [ {
    "name" : "drivers::0",
    "time" : {
      "start" : 1637045944450,
      "stop" : 1637045946601,
      "duration" : 2151
    },
    "status" : "passed",
    "steps" : [ ],
    "attachments" : [ ],
    "parameters" : [ ],
    "stepsCount" : 0,
    "hasContent" : false,
    "attachmentsCount" : 0,
    "shouldDisplayMessage" : false
  } ],
  "labels" : [ {
    "name" : "tag",
    "value" : "填写支付卡信息"
  }, {
    "name" : "feature",
    "value" : "Store页面测试"
  }, {
    "name" : "severity",
    "value" : "blocker"
  }, {
    "name" : "story",
    "value" : "Store主页内容测试"
  }, {
    "name" : "parentSuite",
    "value" : "TestCase.store_test_case"
  }, {
    "name" : "suite",
    "value" : "test_store"
  }, {
    "name" : "subSuite",
    "value" : "TestBody"
  }, {
    "name" : "host",
    "value" : "DESKTOP-9RE2F6C"
  }, {
    "name" : "thread",
    "value" : "20792-MainThread"
  }, {
    "name" : "framework",
    "value" : "pytest"
  }, {
    "name" : "language",
    "value" : "cpython3"
  }, {
    "name" : "package",
    "value" : "TestCase.store_test_case.test_store"
  }, {
    "name" : "resultFormat",
    "value" : "allure2"
  } ],
  "parameters" : [ {
    "name" : "error_text",
    "value" : "'您输入的期限年份无效。'"
  }, {
    "name" : "month",
    "value" : "''"
  }, {
    "name" : "name",
    "value" : "''"
  }, {
    "name" : "number",
    "value" : "''"
  }, {
    "name" : "pwd",
    "value" : "'568'"
  }, {
    "name" : "year",
    "value" : "'1000'"
  } ],
  "links" : [ ],
  "hidden" : false,
  "retry" : false,
  "extra" : {
    "severity" : "blocker",
    "retries" : [ {
      "uid" : "f5296efa2be20961",
      "status" : "failed",
      "statusDetails" : "AssertionError: assert '您输入的期限年份无效。' in ['The name you entered is not valid.', 'The credit card you entered is not valid.', 'The expiry month you entered is not valid.', 'The expiry year you entered is not valid.']\n +  where ['The name you entered is not valid.', 'The credit card you entered is not valid.', 'The expiry month you entered is not valid.', 'The expiry year you entered is not valid.'] = <bound method StorePage.return_card_pay_error_texts of <pytest_project.page_object.store.store_page.StorePage object at 0x00000245A8FFCFA0>>()\n +    where <bound method StorePage.return_card_pay_error_texts of <pytest_project.page_object.store.store_page.StorePage object at 0x00000245A8FFCFA0>> = <pytest_project.page_object.store.store_page.StorePage object at 0x00000245A8FFCFA0>.return_card_pay_error_texts\n +      where <pytest_project.page_object.store.store_page.StorePage object at 0x00000245A8FFCFA0> = <pytest_project.TestCase.store_test_case.test_store.TestBody object at 0x00000245A8FFCDC0>.driver",
      "time" : {
        "start" : 1637045667831,
        "stop" : 1637045681950,
        "duration" : 14119
      }
    } ],
    "categories" : [ {
      "name" : "Product defects",
      "matchedStatuses" : [ ],
      "flaky" : false
    } ],
    "history" : {
      "statistic" : {
        "failed" : 4,
        "broken" : 0,
        "skipped" : 0,
        "passed" : 0,
        "unknown" : 0,
        "total" : 4
      },
      "items" : [ {
        "uid" : "19a94aa32f61db41",
        "reportUrl" : "http://localhost:8080/jenkins/job/selenium_auto_test_IMyMac/26/allure/#testresult/19a94aa32f61db41",
        "status" : "failed",
        "statusDetails" : "AssertionError: assert '您输入的期限年份无效。' in ['The name you entered is not valid.', 'The credit card you entered is not valid.', 'The expiry month you entered is not valid.', 'The expiry year you entered is not valid.']\n +  where ['The name you entered is not valid.', 'The credit card you entered is not valid.', 'The expiry month you entered is not valid.', 'The expiry year you entered is not valid.'] = <bound method StorePage.return_card_pay_error_texts of <pytest_project.page_object.store.store_page.StorePage object at 0x0000024B93628F10>>()\n +    where <bound method StorePage.return_card_pay_error_texts of <pytest_project.page_object.store.store_page.StorePage object at 0x0000024B93628F10>> = <pytest_project.page_object.store.store_page.StorePage object at 0x0000024B93628F10>.return_card_pay_error_texts\n +      where <pytest_project.page_object.store.store_page.StorePage object at 0x0000024B93628F10> = <pytest_project.TestCase.store_test_case.test_store.TestBody object at 0x0000024B936280D0>.driver",
        "time" : {
          "start" : 1637044065926,
          "stop" : 1637044079487,
          "duration" : 13561
        }
      }, {
        "uid" : "83e74679d9a625cf",
        "reportUrl" : "http://localhost:8080/jenkins/job/selenium_auto_test_IMyMac/23/allure/#testresult/83e74679d9a625cf",
        "status" : "failed",
        "statusDetails" : "AssertionError: assert '您输入的期限年份无效。' in ['The name you entered is not valid.', 'The credit card you entered is not valid.', 'The expiry month you entered is not valid.', 'The expiry year you entered is not valid.']\n +  where ['The name you entered is not valid.', 'The credit card you entered is not valid.', 'The expiry month you entered is not valid.', 'The expiry year you entered is not valid.'] = <bound method StorePage.return_card_pay_error_texts of <pytest_project.page_object.store.store_page.StorePage object at 0x000002C5A2063E80>>()\n +    where <bound method StorePage.return_card_pay_error_texts of <pytest_project.page_object.store.store_page.StorePage object at 0x000002C5A2063E80>> = <pytest_project.page_object.store.store_page.StorePage object at 0x000002C5A2063E80>.return_card_pay_error_texts\n +      where <pytest_project.page_object.store.store_page.StorePage object at 0x000002C5A2063E80> = <pytest_project.TestCase.store_test_case.test_store.TestBody object at 0x000002C5A1FD8550>.driver",
        "time" : {
          "start" : 1636968289917,
          "stop" : 1636968304011,
          "duration" : 14094
        }
      }, {
        "uid" : "eea57dced04d5e32",
        "reportUrl" : "http://localhost:8080/jenkins/job/selenium_auto_test_IMyMac/22/allure/#testresult/eea57dced04d5e32",
        "status" : "failed",
        "statusDetails" : "AssertionError: assert '您输入的期限年份无效。' in ['The name you entered is not valid.', 'The credit card you entered is not valid.', 'The expiry month you entered is not valid.', 'The expiry year you entered is not valid.']\n +  where ['The name you entered is not valid.', 'The credit card you entered is not valid.', 'The expiry month you entered is not valid.', 'The expiry year you entered is not valid.'] = <bound method StorePage.return_card_pay_error_texts of <pytest_project.page_object.store.store_page.StorePage object at 0x00000200DAAC41F0>>()\n +    where <bound method StorePage.return_card_pay_error_texts of <pytest_project.page_object.store.store_page.StorePage object at 0x00000200DAAC41F0>> = <pytest_project.page_object.store.store_page.StorePage object at 0x00000200DAAC41F0>.return_card_pay_error_texts\n +      where <pytest_project.page_object.store.store_page.StorePage object at 0x00000200DAAC41F0> = <pytest_project.TestCase.store_test_case.test_store.TestBody object at 0x00000200DAAC4BB0>.driver",
        "time" : {
          "start" : 1636941300991,
          "stop" : 1636941313498,
          "duration" : 12507
        }
      } ]
    },
    "tags" : [ "填写支付卡信息" ]
  },
  "source" : "fb94bea6ff9fd1e8.json",
  "parameterValues" : [ "'您输入的期限年份无效。'", "''", "''", "''", "'568'", "'1000'" ]
}